[11:09:46.94] /o 
              /c                                 Custom Compiler 
              /c 
              /c               Version M-2017.03-SP1-1 for linux64 - Jun 29, 2017 
              /c 
              /c                     Copyright (c) 2004 - 2017 Synopsys, Inc.
              /c    This software and the associated documentation are proprietary to Synopsys,
              /c  Inc. This software may only be used in accordance with the terms and conditions
              /c  of a written license agreement with Synopsys, Inc. All other use, reproduction,
              /c             or distribution of this software is strictly prohibited.
              /c 
              /c Build  (OPT) Config 3718339 compiled on Thu Jun 29 08:54:37 2017 for RHEL64 6.6
              /c Invocation: /DCNFS/applications/synopsys/2017/app/customcompiler/M-2017.03-SP1-1/linux64/platform/bin/custom_compiler
              /c Execution time: Sun Apr 22 11:09:45 2018
              /c Host: linux60524
              /c Working directory: /DCNFS/users/student/sliu2/coen153
              /c 
[11:09:50.46] /w Warning: The file 'lib.defs' does not exist in search path (DATA_MANAGEMENT-013)
[11:09:50.51] /r giShowFrameTabs true
[11:09:50.51] /r giWindowId 1
[11:09:50.51] /r giWindowGeometry 1040x800
[11:09:56.18] /# gi::pressButton {/scroll/scrollArea/scrollAreaInnerWidget/applications/dmLibraryManager} -in [gi::getWindows 1]
[11:09:56.18] /# 
[11:09:56.19] /i dm::openLibraryManager
[11:09:56.19] /r giWindowId 2
[11:09:56.19] /r giWindowGeometry 660x600+50+75
[11:09:56.24] /o oa:0x235e40a0
[11:09:59.17] /i db::setAttr geometry -of [gi::getFrames 1] -value 1040x824+432+271
[11:10:03.68] /i gi::executeAction giCloseWindow -in [gi::getWindows 2]
[11:10:03.68] /i gi::setActiveWindow 1
[11:10:03.68] /i gi::setActiveWindow 1 -raise true
[11:10:04.80] /# gi::pressButton {/scroll/scrollArea/scrollAreaInnerWidget/applications/dmLibraryManager} -in [gi::getWindows 1]
[11:10:04.80] /# 
[11:10:04.80] /i dm::openLibraryManager
[11:10:04.80] /r giWindowId 3
[11:10:04.80] /r giWindowGeometry 1040x800+439+199
[11:10:04.84] /o oa:0x23461050
[11:10:08.17] /# gi::executeAction deOpenDesign -in [gi::getWindows 3]
[11:10:08.17] /i de::showOpenDesign
[11:10:08.18] /o oa:0x2365b1f0
[11:10:08.20] /i gi::setActiveDialog [gi::getDialogs {deOpenDesign}]
[11:10:08.50] /i db::setAttr geometry -of [gi::getDialogs {deOpenDesign}] -value 645x491+637+354
[11:10:11.48] /i gi::sortItems {designLibs} -column {Libraries} -order {descending} -in [gi::getDialogs {deOpenDesign}]
[11:10:11.83] /i gi::sortItems {designLibs} -column {Libraries} -order {ascending} -in [gi::getDialogs {deOpenDesign}]
[11:10:12.15] /i gi::sortItems {designLibs} -column {Libraries} -order {descending} -in [gi::getDialogs {deOpenDesign}]
[11:10:13.25] /i gi::pressButton {cancel} -in [gi::getDialogs {deOpenDesign}]
[11:10:14.48] /i exit
[11:10:14.51] /r giDialog gi::setActiveDialog [gi::getDialogs {deExitDialog}]
[11:10:14.81] /r giDialog db::setAttr geometry -of [gi::getDialogs {deExitDialog}] -value 420x183+750+508
[11:10:17.34] /r giDialog gi::pressButton {ok} -in [gi::getDialogs {deExitDialog}]
[11:10:17.36] /i gi::setActiveWindow 1
[11:10:17.36] /i gi::setActiveWindow 1 -raise true
[11:10:17.54] /o Shutdown time: Sun Apr 22 11:10:17 2018
[11:10:17.54] /o Elapsed session real time: 0.51 minutes
[11:10:17.54] /o Session terminated. Log is at /DCNFS/users/student/sliu2/coen153/synopsys_custom/logs/ccompiler.sliu2.2018_4_22_110945_5271.log
