[10:46:48.74] /o 
              /c                                 Custom Compiler 
              /c 
              /c               Version M-2017.03-SP1-1 for linux64 - Jun 29, 2017 
              /c 
              /c                     Copyright (c) 2004 - 2017 Synopsys, Inc.
              /c    This software and the associated documentation are proprietary to Synopsys,
              /c  Inc. This software may only be used in accordance with the terms and conditions
              /c  of a written license agreement with Synopsys, Inc. All other use, reproduction,
              /c             or distribution of this software is strictly prohibited.
              /c 
              /c Build  (OPT) Config 3718339 compiled on Thu Jun 29 08:54:37 2017 for RHEL64 6.6
              /c Invocation: /DCNFS/applications/synopsys/2017/app/customcompiler/M-2017.03-SP1-1/linux64/platform/bin/custom_compiler
              /c Execution time: Tue May 15 10:46:46 2018
              /c Host: linux60515
              /c Working directory: /DCNFS/users/student/sliu2/coen153
              /c 
[10:46:51.81] /w Warning: The file 'lib.defs' does not exist in search path (DATA_MANAGEMENT-013)
[10:46:51.84] /r giShowFrameTabs true
[10:46:51.84] /r giWindowId 1
[10:46:51.84] /r giWindowGeometry 1040x800
[10:46:52.99] /# gi::pressButton {/scroll/scrollArea/scrollAreaInnerWidget/applications/dmLibraryManager} -in [gi::getWindows 1]
[10:46:53.00] /# 
[10:46:53.00] /i dm::openLibraryManager
[10:46:53.00] /r giWindowId 2
[10:46:53.01] /r giWindowGeometry 660x600+50+75
[10:46:53.05] /o oa:0x247f0cd0
[10:47:24.96] /i gi::executeAction menuPreShow -in [gi::getWindows 2]
[10:47:24.97] /r giMenuAccess db::getNext [gi::getMenus dmEditMenu -from [gi::getWindows 2]]
[10:47:26.41] /i exit
[10:47:26.45] /r giDialog gi::setActiveDialog [gi::getDialogs {deExitDialog}]
[10:47:26.75] /r giDialog db::setAttr geometry -of [gi::getDialogs {deExitDialog}] -value 420x156+750+522
[10:47:27.59] /r giDialog gi::pressButton {ok} -in [gi::getDialogs {deExitDialog}]
[10:47:27.60] /i gi::setActiveWindow 1
[10:47:27.60] /i gi::setActiveWindow 1 -raise true
[10:47:27.77] /o Shutdown time: Tue May 15 10:47:27 2018
[10:47:27.77] /o Elapsed session real time: 0.65 minutes
[10:47:27.77] /o Session terminated. Log is at /DCNFS/users/student/sliu2/coen153/synopsys_custom/logs/ccompiler.sliu2.2018_5_15_104646_1949.log
