ICV_VUE Info : + INFO: Filter has been loaded successfully.
        '/opt/synopsys-2017/app/icvalidator/M-2017.06-1/lib-u/LINUX.64/VUE/Layout/libhiCDesignerLE.so'
ICV_VUE Info : + INFO: Filter version checking passed. (is: v2, expected: v2)
DEBUG: ConnectToServer: linux60515.dc.engr.scu.edu 56278
DEBUG: connect back to cdesigner: 'linux60515.dc.engr.scu.edu:56278'

< LAYOUT: start_vue >
V SET_COLOR white       white
V SET_COLOR red         red
V SET_COLOR darkRed     maroon
V SET_COLOR green       lime
V SET_COLOR darkGreen   forest
V SET_COLOR blue        blue
V SET_COLOR darkBlue    navy
V SET_COLOR cyan        cyan
V SET_COLOR darkCyan    cadetBlue
V SET_COLOR magenta     magenta
V SET_COLOR darkMagenta purple
V SET_COLOR yellow      yellow
V SET_FILL  blank       blank
V SET_FILL  solid       solid
V SET_FILL  backSlash   backSlash
V SET_FILL  slash       slash
V SET_FILL  dot         dots
V SET_FILL  diagCross   X
V SET_FILL  brick       brick
V SET_FILL  horizontal  hLine
V SET_FILL  vertical    vLine
L CDESIGNER::StartFilter LAY
L set topLayLCV  ""
L set curLayLCV  ""

< LAYOUT: start_filter >
L CDESIGNER::SendCommand setWorkingDir "[pwd]"

< LAYOUT: load_hercules >
L set topLayLCV "lab4/NAND/layout"
L set curLayLCV "$topLayLCV"
L CDESIGNER::SendCommand setWorkingDir "/DCNFS/users/student/sliu2/coen153/lab2/synopsys_custom/pvjob_lab4.NAND.icv.drc"
L CDESIGNER::SendCommand setTopLayLCV "$topLayLCV"
L CDESIGNER::SendCommand openLCV "$curLayLCV"
DEBUG: PushBackXprobeMessage{vueSetDbu 0.001
}

< LAYOUT: new_block >
V ZOOM_EXTENTS_RESET
L CDESIGNER::SendCommand clearAllHighlights "$curLayLCV"
L set curLayLCV "lab4/NAND/layout"
L CDESIGNER::SendCommand openLCV "$curLayLCV"
DEBUG: PushBackXprobeMessage{vueSetDbu 0.001
}

< LAYOUT: remove_hilites >
L CDESIGNER::SendCommand clearAllHighlights $curLayLCV

< LAYOUT: before_hilite >
V ZOOM_EXTENTS_RESET

< LAYOUT: primary_hilite >
L CDESIGNER::SendCommand setHighlightProperty "yellow" "brick"

< LAYOUT: poly_group_begin >

< LAYOUT: poly_begin >
L CDESIGNER::SendCommandNB addPolygonBegin $curLayLCV "3"

< LAYOUT: poly_point_set >
L CDESIGNER::AddPolygonPoints $curLayLCV {0.465 -2.345 0.563 -2.245 0.465 -2.245 }

< LAYOUT: poly_end >
L CDESIGNER::SendCommandNB addPolygonEnd $curLayLCV

< LAYOUT: poly_begin >
L CDESIGNER::SendCommandNB addPolygonBegin $curLayLCV "3"

< LAYOUT: poly_point_set >
L CDESIGNER::AddPolygonPoints $curLayLCV {0.235 -2.345 0.235 -2.245 0.137 -2.245 }

< LAYOUT: poly_end >
L CDESIGNER::SendCommandNB addPolygonEnd $curLayLCV

< LAYOUT: poly_begin >
L CDESIGNER::SendCommandNB addPolygonBegin $curLayLCV "4"

< LAYOUT: poly_point_set >
L CDESIGNER::AddPolygonPoints $curLayLCV {0.235 -2.345 0.235 -2.245 0.465 -2.245 0.465 -2.345}

< LAYOUT: poly_end >
L CDESIGNER::SendCommandNB addPolygonEnd $curLayLCV

< LAYOUT: poly_begin >
L CDESIGNER::SendCommandNB addPolygonBegin $curLayLCV "3"

< LAYOUT: poly_point_set >
L CDESIGNER::AddPolygonPoints $curLayLCV {0.935 -2.345 1.033 -2.245 0.935 -2.245 }

< LAYOUT: poly_end >
L CDESIGNER::SendCommandNB addPolygonEnd $curLayLCV

< LAYOUT: poly_begin >
L CDESIGNER::SendCommandNB addPolygonBegin $curLayLCV "3"

< LAYOUT: poly_point_set >
L CDESIGNER::AddPolygonPoints $curLayLCV {0.705 -2.345 0.705 -2.245 0.607 -2.245 }

< LAYOUT: poly_end >
L CDESIGNER::SendCommandNB addPolygonEnd $curLayLCV

< LAYOUT: poly_begin >
L CDESIGNER::SendCommandNB addPolygonBegin $curLayLCV "4"

< LAYOUT: poly_point_set >
L CDESIGNER::AddPolygonPoints $curLayLCV {0.705 -2.345 0.705 -2.245 0.935 -2.245 0.935 -2.345}

< LAYOUT: poly_end >
L CDESIGNER::SendCommandNB addPolygonEnd $curLayLCV

< LAYOUT: poly_begin >
L CDESIGNER::SendCommandNB addPolygonBegin $curLayLCV "3"

< LAYOUT: poly_point_set >
L CDESIGNER::AddPolygonPoints $curLayLCV {1.405 -2.345 1.503 -2.245 1.405 -2.245 }

< LAYOUT: poly_end >
L CDESIGNER::SendCommandNB addPolygonEnd $curLayLCV

< LAYOUT: poly_begin >
L CDESIGNER::SendCommandNB addPolygonBegin $curLayLCV "3"

< LAYOUT: poly_point_set >
L CDESIGNER::AddPolygonPoints $curLayLCV {1.175 -2.345 1.175 -2.245 1.077 -2.245 }

< LAYOUT: poly_end >
L CDESIGNER::SendCommandNB addPolygonEnd $curLayLCV

< LAYOUT: poly_begin >
L CDESIGNER::SendCommandNB addPolygonBegin $curLayLCV "4"

< LAYOUT: poly_point_set >
L CDESIGNER::AddPolygonPoints $curLayLCV {1.175 -2.345 1.175 -2.245 1.405 -2.245 1.405 -2.345}

< LAYOUT: poly_end >
L CDESIGNER::SendCommandNB addPolygonEnd $curLayLCV

< LAYOUT: poly_group_end >

< LAYOUT: after_hilite >
L CDESIGNER::SendCommand drawHighlights $curLayLCV

< LAYOUT: zoom_extents >
L CDESIGNER::SendCommand setViewPort $curLayLCV [list -0.0337499999999999 -2.3575 1.67375 -2.2325]

< LAYOUT: remove_hilites >
L CDESIGNER::SendCommand clearAllHighlights $curLayLCV
DEBUG: PopFrontXprobeMessage{} : /vueSetDbu 0.001
/ /{vueSetDbu 0.001
}/
DEBUG: PopFrontXprobeMessage{} : /vueSetDbu 0.001
/ //
DEBUG: PopFrontXprobeMessage{} : // //

< LAYOUT: load_hercules >
L set topLayLCV "lab4/NAND/layout"
DEBUG: PopFrontXprobeMessage{} : // //
L set curLayLCV "$topLayLCV"
L CDESIGNER::SendCommand setWorkingDir "/DCNFS/users/student/sliu2/coen153/lab2/synopsys_custom/pvjob_lab4.NAND.icv.drc"
L CDESIGNER::SendCommand setTopLayLCV "$topLayLCV"
L CDESIGNER::SendCommand openLCV "$curLayLCV"
DEBUG: PushBackXprobeMessage{vueSetDbu 0.001
}

< LAYOUT: remove_hilites >
L CDESIGNER::SendCommand clearAllHighlights $curLayLCV
