[09:22:51.39] /o 
              /c                                 Custom Compiler 
              /c 
              /c               Version M-2017.03-SP1-1 for linux64 - Jun 29, 2017 
              /c 
              /c                     Copyright (c) 2004 - 2017 Synopsys, Inc.
              /c    This software and the associated documentation are proprietary to Synopsys,
              /c  Inc. This software may only be used in accordance with the terms and conditions
              /c  of a written license agreement with Synopsys, Inc. All other use, reproduction,
              /c             or distribution of this software is strictly prohibited.
              /c 
              /c Build  (OPT) Config 3718339 compiled on Thu Jun 29 08:54:37 2017 for RHEL64 6.6
              /c Invocation: /DCNFS/applications/synopsys/2017/app/customcompiler/M-2017.03-SP1-1/linux64/platform/bin/custom_compiler
              /c Execution time: Wed May 23 09:22:49 2018
              /c Host: linux60522
              /c Working directory: /DCNFS/users/student/sliu2/coen153/lab2/Adder
              /c 
[09:22:54.64] /w Warning: In file /DCNFS/users/student/sliu2/coen153/lab2/Adder/lib.defs: Syntax error in file '/DCNFS/users/student/sliu2/coen153/lab2/Adder/lib.defs' at line '11' : ';' (DATA_MANAGEMENT-014)
[09:22:55.01] /r giShowFrameTabs true
[09:22:55.01] /r giWindowId 1
[09:22:55.01] /r giWindowGeometry 1040x800
[09:22:56.80] /# gi::pressButton {/scroll/scrollArea/scrollAreaInnerWidget/applications/dmLibraryManager} -in [gi::getWindows 1]
[09:22:56.80] /# 
[09:22:56.80] /i dm::openLibraryManager
[09:22:56.80] /r giWindowId 2
[09:22:56.81] /r giWindowGeometry 660x600+50+75
[09:22:56.85] /o oa:0x23072980
[09:22:56.99] /i gi::setSectionSizes {libs} -values {247} -in [gi::getWindows 2]
[09:22:57.77] /i gi::setCurrentIndex {libs} -index {basic} -in [gi::getWindows 2]
[09:22:57.80] /i gi::setItemSelection {cellCategories} -index {All} -in [gi::getWindows 2]
[09:22:57.80] /i gi::setItemSelection {libs} -index {basic} -in [gi::getWindows 2]
[09:22:58.16] /i gi::setCurrentIndex {libs} -index {lab6} -in [gi::getWindows 2]
[09:22:58.16] /i gi::setItemSelection {cellCategories} -index {All} -in [gi::getWindows 2]
[09:22:58.17] /i gi::setItemSelection {libs} -index {lab6} -in [gi::getWindows 2]
[09:22:58.88] /i gi::sortItems {cells} -column {Cells} -order {descending} -in [gi::getWindows 2]
[09:22:59.92] /i gi::sortItems {cells} -column {Cells} -order {ascending} -in [gi::getWindows 2]
[09:23:00.57] /i gi::setCurrentIndex {cells} -index {Half_Adder} -in [gi::getWindows 2]
[09:23:00.59] /i gi::setItemSelection {cells} -index {Half_Adder} -in [gi::getWindows 2]
[09:23:01.52] /i gi::setCurrentIndex {views} -index {layout} -in [gi::getWindows 2]
[09:23:01.52] /i gi::setItemSelection {views} -index {layout} -in [gi::getWindows 2]
[09:23:01.66] /i gi::executeAction dmOpen -in [gi::getWindows 2]
[09:23:01.67] /m Information: License 'Basic' checked out. (LICENSE-003)
[09:23:01.71] /o 	############################################
[09:23:01.71] /o 	        Synopsys Generic 90nm iPDK          
[09:23:01.71] /o 	--------------------------------------------
[09:23:01.71] /o 	Release Date .............. : 11-May-2016    
[09:23:01.71] /o 	============================================
[09:23:01.71] /o 	        Recommended Tool Versions           
[09:23:01.71] /o 	--------------------------------------------
[09:23:01.71] /o 	Custom Designer ........... : J-2014.12-2    
[09:23:01.71] /o 	IC Validator .............. : K-2015.12   
[09:23:01.71] /o 	StarRC..................... : K-2015.12  
[09:23:01.71] /o 	--------------------------------------------
[09:23:01.71] /o 	############################################
[09:23:01.71] /o 
[09:23:01.73] /o SAED PDK 90: Loaded callbacks
[09:23:01.74] /o SAED PDK 90: Loaded display resources
[09:23:01.81] /r giWindowId 3
[09:23:01.82] /r giWindowGeometry 1632x1035
[09:23:01.89] /# de::setActiveLPP [de::getLPPs "NWELL drawing" -from [db::getAttr editDesign -of [de::getContexts -window 3]]]
[09:23:02.74] /i db::setAttr geometry -of [gi::getFrames 1] -value 1040x824+59+174
[09:23:46.68] /# gi::executeAction deSelectActive -in [gi::getWindows 3]
[09:23:46.68] /i he::deselectAll -context [db::getAttr hierarchy -of [db::getNext [de::getContexts -window 3]]]
[09:23:48.00] /# gi::executeAction leDisplayAllLevels -in [gi::getWindows 3]
[09:23:48.00] /i db::setPrefValue leStopLevel -value 32 -scope [db::getNext [de::getContexts -window 3]]
[09:23:48.43] /o oa:0x23a20980
[09:26:29.06] /i gi::executeAction lxSDL -in [gi::getWindows 3]
[09:26:29.46] /m Information: License 'Advanced' checked out. (LICENSE-003)
[09:26:30.26] /i db::setAttr dockSize -of [gi::getAssistants heDesignNavigator -from [gi::getWindows 3]] -value 274x337
[09:26:30.26] /i db::setAttr dockSize -of [gi::getAssistants lxSchematicAssistant -from [gi::getWindows 3]] -value 274x318
[09:26:30.27] /i db::setAttr dockSize -of [gi::getAssistants leObjectLayerPanel -from [gi::getWindows 3]] -value 232x661
[09:26:35.33] /i db::setAttr geometry -of [gi::getFrames 1] -value 1040x824+-42+170
[09:26:36.91] /i db::setAttr maximized -of [gi::getFrames 1] -value true
[09:26:37.22] /i db::setAttr dockSize -of [gi::getAssistants heDesignNavigator -from [gi::getWindows 3]] -value 274x488
[09:26:37.22] /i db::setAttr dockSize -of [gi::getAssistants lxSchematicAssistant -from [gi::getWindows 3]] -value 274x460
[09:26:37.22] /i db::setAttr dockSize -of [gi::getAssistants leObjectLayerPanel -from [gi::getWindows 3]] -value 232x954
[09:26:37.26] /i db::setAttr geometry -of [gi::getFrames 1] -value 1910x1117+5+53
[09:26:49.45] /# gi::executeAction leShowDesignOptions -in [gi::getWindows 3]
[09:26:49.45] /i le::showDesignOptions
[09:26:49.50] /# gi::setActiveTab {tabWidget} -tabName {grids} -in [gi::getDialogs {deLayoutDesignOptions} -parent [gi::getWindows 3]]
[09:26:49.50] /# gi::setActiveTab {tabWidget} -tabName {general} -in [gi::getDialogs {deLayoutDesignOptions} -parent [gi::getWindows 3]]
[09:26:49.50] /o oa:0x24f89530
[09:26:49.52] /i gi::setActiveDialog [gi::getDialogs {deLayoutDesignOptions} -parent [gi::getWindows 3]]
[09:26:49.81] /i db::setAttr geometry -of [gi::getDialogs {deLayoutDesignOptions} -parent [gi::getWindows 3]] -value 633x600+644+236
[09:26:51.70] /i gi::pressButton {cancel} -in [gi::getDialogs {deLayoutDesignOptions} -parent [gi::getWindows 3]]
[09:26:53.25] /# gi::executeAction leShowDisplayOptions -in [gi::getWindows 3]
[09:26:53.25] /i le::showDisplayOptions
[09:26:53.26] /o oa:0x2500c5f0
[09:26:53.28] /i gi::setActiveDialog [gi::getDialogs {deLayoutDisplayOptions} -parent [gi::getWindows 3]]
[09:26:53.57] /i db::setAttr geometry -of [gi::getDialogs {deLayoutDisplayOptions} -parent [gi::getWindows 3]] -value 612x597+654+237
[09:26:54.86] /i gi::setActiveTab {tabWidget} -tabName {cursor} -in [gi::getDialogs {deLayoutDisplayOptions} -parent [gi::getWindows 3]]
[09:27:40.33] /i gi::pressButton {cancel} -in [gi::getDialogs {deLayoutDisplayOptions} -parent [gi::getWindows 3]]
[09:27:51.91] /# gi::executeAction leShowDisplayOptions -in [gi::getWindows 3]
[09:27:51.91] /i le::showDisplayOptions
[09:27:51.91] /o oa:0x25012050
[09:27:51.93] /i gi::setActiveDialog [gi::getDialogs {deLayoutDisplayOptions} -parent [gi::getWindows 3]]
[09:27:52.21] /i db::setAttr geometry -of [gi::getDialogs {deLayoutDisplayOptions} -parent [gi::getWindows 3]] -value 612x597+654+237
[09:27:52.88] /i gi::executeAction deCanvasDragCancel -in [gi::getWindows 3]
[09:27:53.87] /i gi::pressButton {cancel} -in [gi::getDialogs {deLayoutDisplayOptions} -parent [gi::getWindows 3]]
[09:27:55.37] /# gi::executeAction leShowDesignOptions -in [gi::getWindows 3]
[09:27:55.37] /i le::showDesignOptions
[09:27:55.37] /# gi::setActiveTab {tabWidget} -tabName {grids} -in [gi::getDialogs {deLayoutDesignOptions} -parent [gi::getWindows 3]]
[09:27:55.37] /# gi::setActiveTab {tabWidget} -tabName {general} -in [gi::getDialogs {deLayoutDesignOptions} -parent [gi::getWindows 3]]
[09:27:55.37] /o oa:0x2520c970
[09:27:55.39] /i gi::setActiveDialog [gi::getDialogs {deLayoutDesignOptions} -parent [gi::getWindows 3]]
[09:27:55.67] /i db::setAttr geometry -of [gi::getDialogs {deLayoutDesignOptions} -parent [gi::getWindows 3]] -value 633x600+644+236
[09:27:56.33] /i gi::setActiveTab {tabWidget} -tabName {command} -in [gi::getDialogs {deLayoutDesignOptions} -parent [gi::getWindows 3]]
[09:27:57.38] /i gi::setActiveTab {tabWidget} -tabName {grids} -in [gi::getDialogs {deLayoutDesignOptions} -parent [gi::getWindows 3]]
[09:27:58.27] /i gi::pressButton {cancel} -in [gi::getDialogs {deLayoutDesignOptions} -parent [gi::getWindows 3]]
[09:28:02.07] /i gi::executeAction leLayoutActivateWorkspace -in [gi::getWindows 3]
[09:28:02.63] /i db::setAttr dockSize -of [gi::getAssistants leObjectLayerPanel -from [gi::getWindows 3]] -value 200x954
[09:31:12.75] /i gi::setActiveWindow 2
[09:31:12.75] /i gi::setActiveWindow 2 -raise true
[09:31:53.37] /i gi::setCurrentIndex {cells} -index {Full_Adder} -in [gi::getWindows 2]
[09:31:53.41] /i gi::setItemSelection {cells} -index {Full_Adder} -in [gi::getWindows 2]
[09:31:54.78] /i gi::setCurrentIndex {views} -index {layout} -in [gi::getWindows 2]
[09:31:54.79] /i gi::setItemSelection {views} -index {layout} -in [gi::getWindows 2]
[09:31:54.94] /i gi::executeAction dmOpen -in [gi::getWindows 2]
[09:31:55.01] /r giWindowId 4
[09:31:55.02] /r giWindowGeometry 1632x1035
[09:31:55.12] /# de::setActiveLPP [de::getLPPs "NWELL drawing" -from [db::getAttr editDesign -of [de::getContexts -window 4]]]
[09:31:56.56] /i gi::executeAction giCloseWindow -in [gi::getWindows 3]
[09:31:57.50] /# gi::executeAction leDisplayAllLevels -in [gi::getWindows 4]
[09:31:57.50] /i db::setPrefValue leStopLevel -value 32 -scope [db::getNext [de::getContexts -window 4]]
[09:31:57.51] /o oa:0x251672c0
[09:34:47.41] /# gi::executeAction deSelectActive -in [gi::getWindows 4]
[09:34:47.41] /i he::deselectAll -context [db::getAttr hierarchy -of [db::getNext [de::getContexts -window 4]]]
[09:34:47.85] /# gi::executeAction dePan -in [gi::getWindows 4]
[09:34:47.86] /i ide::pan 4
[09:34:48.38] /# gi::executeAction dePan -in [gi::getWindows 4]
[09:34:48.38] /i ide::pan 4
[09:34:48.79] /# gi::executeAction deStartDrag -in [gi::getWindows 4]
[09:34:48.79] /i de::startDrag {8.928 6.82} -context [db::getNext [de::getContexts -window 4]]
[09:34:49.49] /# gi::executeAction deEndDrag -in [gi::getWindows 4]
[09:34:49.49] /i de::endDrag {8.954 6.808} -context [db::getNext [de::getContexts -window 4]]
[09:34:49.49] /r dePanToPoint {12.437 3.659}
[09:40:58.36] /i gi::executeAction giCloseWindow -in [gi::getWindows 4]
[09:40:59.20] /i gi::setActiveWindow 2
[09:40:59.20] /i gi::setActiveWindow 2 -raise true
[09:41:01.10] /i gi::setItemSelection {cells} -index {} -in [gi::getWindows 2]
[09:41:01.37] /i gi::setCurrentIndex {cells} -index {bit_Adder} -in [gi::getWindows 2]
[09:41:01.41] /i gi::setItemSelection {cells} -index {bit_Adder} -in [gi::getWindows 2]
[09:41:17.68] /i gi::setCurrentIndex {views} -index {layout} -in [gi::getWindows 2]
[09:41:17.69] /i gi::setItemSelection {views} -index {layout} -in [gi::getWindows 2]
[09:41:17.83] /i gi::executeAction dmOpen -in [gi::getWindows 2]
[09:41:17.91] /r giWindowId 5
[09:41:17.91] /r giWindowGeometry 1632x1035
[09:41:17.98] /# de::setActiveLPP [de::getLPPs "NWELL drawing" -from [db::getAttr editDesign -of [de::getContexts -window 5]]]
[09:41:20.00] /# gi::executeAction leDisplayAllLevels -in [gi::getWindows 5]
[09:41:20.00] /i db::setPrefValue leStopLevel -value 32 -scope [db::getNext [de::getContexts -window 5]]
[09:41:20.10] /o oa:0x23080fd0
[09:41:49.66] /# gi::executeAction deCanvasZoomInAtPoint -in [gi::getWindows 5]
[09:41:49.66] /i de::zoom -window [gi::getWindows 5] -factor 2.0 -center {-0.43 2.526}
[09:41:49.67] /o {-2.356 -9.28} {39.876 14.889}
[09:41:50.00] /# gi::executeAction deCanvasZoomInAtPoint -in [gi::getWindows 5]
[09:41:50.00] /i de::zoom -window [gi::getWindows 5] -factor 2.0 -center {0.051 2.551}
[09:41:50.00] /o {-1.152 -3.364} {19.963 8.72}
[09:45:36.18] /# gi::executeAction deCanvasZoomInAtPoint -in [gi::getWindows 5]
[09:45:36.18] /i de::zoom -window [gi::getWindows 5] -factor 2.0 -center {3.091 4.413}
[09:45:36.18] /o {0.969 0.524} {11.527 6.566}
[09:45:36.30] /# gi::executeAction deCanvasZoomInAtPoint -in [gi::getWindows 5]
[09:45:36.30] /i de::zoom -window [gi::getWindows 5] -factor 2.0 -center {3.11 4.438}
[09:45:36.30] /o {2.04 2.481} {7.319 5.502}
[09:45:37.04] /# gi::executeAction deCanvasZoomOutAtPoint -in [gi::getWindows 5]
[09:45:37.04] /i de::zoom -window [gi::getWindows 5] -factor 0.5 -center {3.139 4.457}
[09:45:37.04] /o {0.94 0.505} {11.498 6.547}
[09:45:37.36] /# gi::executeAction deCanvasZoomOutAtPoint -in [gi::getWindows 5]
[09:45:37.36] /i de::zoom -window [gi::getWindows 5] -factor 0.5 -center {3.144 4.457}
[09:45:37.36] /o {-1.263 -3.446} {19.852 8.638}
[09:45:43.25] /i db::setAttr maximized -of [gi::getFrames 1] -value false
[09:45:43.53] /i db::setAttr dockSize -of [gi::getAssistants leObjectLayerPanel -from [gi::getWindows 5]] -value 200x661
[09:45:44.44] /i db::setAttr maximized -of [gi::getFrames 1] -value true
[09:45:44.75] /i db::setAttr dockSize -of [gi::getAssistants leObjectLayerPanel -from [gi::getWindows 5]] -value 200x954
[09:45:44.79] /i db::setAttr geometry -of [gi::getFrames 1] -value 1910x1117+5+53
[09:46:33.87] /# gi::executeAction deSelectActive -in [gi::getWindows 5]
[09:46:33.87] /i he::deselectAll -context [db::getAttr hierarchy -of [db::getNext [de::getContexts -window 5]]]
[09:46:34.13] /# gi::executeAction dePan -in [gi::getWindows 5]
[09:46:34.13] /i ide::pan 5
[09:46:34.66] /# gi::executeAction deStartDrag -in [gi::getWindows 5]
[09:46:34.66] /i de::startDrag {13.747 6.966} -context [db::getNext [de::getContexts -window 5]]
[09:46:35.04] /# gi::executeAction deEndDrag -in [gi::getWindows 5]
[09:46:35.04] /i de::endDrag {13.696 6.966} -context [db::getNext [de::getContexts -window 5]]
[09:46:35.04] /r dePanToPoint {20.606 2.849}
[09:46:35.44] /# gi::executeAction deStartDrag -in [gi::getWindows 5]
[09:46:35.44] /i de::startDrag {24.184 7.358} -context [db::getNext [de::getContexts -window 5]]
[09:46:36.03] /# gi::executeAction deEndDrag -in [gi::getWindows 5]
[09:46:36.03] /i de::endDrag {24.172 7.358} -context [db::getNext [de::getContexts -window 5]]
[09:46:36.03] /r dePanToPoint {27.116 3.115}
[09:48:00.78] /# gi::executeAction deAddPoint -in [gi::getWindows 5]
[09:48:00.78] /i de::addPoint {26.224 8.296} -context [db::getNext [de::getContexts -window 5]]
[09:48:01.48] /# gi::executeAction dePan -in [gi::getWindows 5]
[09:48:01.48] /i ide::pan 5
[09:48:02.00] /# gi::executeAction deStartDrag -in [gi::getWindows 5]
[09:48:02.00] /i de::startDrag {31.956 8.613} -context [db::getNext [de::getContexts -window 5]]
[09:48:02.35] /# gi::executeAction deEndDrag -in [gi::getWindows 5]
[09:48:02.35] /i de::endDrag {31.943 8.613} -context [db::getNext [de::getContexts -window 5]]
[09:48:02.35] /r dePanToPoint {38.549 4.585}
[09:48:02.71] /# gi::executeAction deStartDrag -in [gi::getWindows 5]
[09:48:02.71] /i de::startDrag {40.962 7.397} -context [db::getNext [de::getContexts -window 5]]
[09:48:03.06] /# gi::executeAction deEndDrag -in [gi::getWindows 5]
[09:48:03.06] /i de::endDrag {40.949 7.409} -context [db::getNext [de::getContexts -window 5]]
[09:48:03.06] /r dePanToPoint {45.971 3.951}
[09:48:03.40] /# gi::executeAction deStartDrag -in [gi::getWindows 5]
[09:48:03.40] /i de::startDrag {49.753 6.941} -context [db::getNext [de::getContexts -window 5]]
[09:48:04.16] /# gi::executeAction deEndDrag -in [gi::getWindows 5]
[09:48:04.16] /i de::endDrag {49.753 6.941} -context [db::getNext [de::getContexts -window 5]]
[09:48:04.16] /r dePanToPoint {52.963 3.837}
[09:48:04.46] /# gi::executeAction deStartDrag -in [gi::getWindows 5]
[09:48:04.46] /i de::startDrag {57.327 6.852} -context [db::getNext [de::getContexts -window 5]]
[09:48:04.65] /# gi::executeAction deEndDrag -in [gi::getWindows 5]
[09:48:04.65] /i de::endDrag {57.277 6.852} -context [db::getNext [de::getContexts -window 5]]
[09:48:04.65] /r dePanToPoint {62.007 3.255}
[09:48:04.97] /# gi::executeAction deStartDrag -in [gi::getWindows 5]
[09:48:04.97] /i de::startDrag {63.901 6.345} -context [db::getNext [de::getContexts -window 5]]
[09:48:05.14] /# gi::executeAction deEndDrag -in [gi::getWindows 5]
[09:48:05.14] /i de::endDrag {63.876 6.345} -context [db::getNext [de::getContexts -window 5]]
[09:48:05.14] /r dePanToPoint {68.455 3.369}
[09:48:05.45] /# gi::executeAction deStartDrag -in [gi::getWindows 5]
[09:48:05.45] /i de::startDrag {70.323 6.257} -context [db::getNext [de::getContexts -window 5]]
[09:48:05.59] /# gi::executeAction deEndDrag -in [gi::getWindows 5]
[09:48:05.59] /i de::endDrag {70.298 6.231} -context [db::getNext [de::getContexts -window 5]]
[09:48:05.59] /r dePanToPoint {70.76 3.698}
[09:50:56.21] /i db::setAttr maximized -of [gi::getFrames 1] -value false
[09:50:56.27] /i db::setAttr maximized -of [gi::getFrames 1] -value true
[09:50:56.58] /i db::setAttr dockSize -of [gi::getAssistants leObjectLayerPanel -from [gi::getWindows 5]] -value 200x954
[09:50:56.60] /i db::setAttr geometry -of [gi::getFrames 1] -value 1910x1117+5+53
[09:50:56.80] /i db::setAttr maximized -of [gi::getFrames 1] -value false
[09:50:57.09] /i db::setAttr dockSize -of [gi::getAssistants leObjectLayerPanel -from [gi::getWindows 5]] -value 200x661
[09:50:57.24] /i db::setAttr maximized -of [gi::getFrames 1] -value true
[09:50:57.55] /i db::setAttr dockSize -of [gi::getAssistants leObjectLayerPanel -from [gi::getWindows 5]] -value 200x954
[09:50:57.58] /i db::setAttr geometry -of [gi::getFrames 1] -value 1910x1117+5+53
[09:50:58.61] /r giDialog gi::setActiveDialog [gi::getDialogs {giCloseFrame}]
[09:50:58.91] /r giDialog db::setAttr geometry -of [gi::getDialogs {giCloseFrame}] -value 297x113+812+386
[09:50:59.32] /r giDialog gi::pressButton {giCloseTabsButton} -in [gi::getDialogs {giCloseFrame}]
[09:50:59.34] /i exit
[09:50:59.39] /r giDialog gi::setActiveDialog [gi::getDialogs {deExitDialog}]
[09:50:59.69] /r giDialog db::setAttr geometry -of [gi::getDialogs {deExitDialog}] -value 420x183+750+508
[09:51:00.31] /r giDialog gi::pressButton {ok} -in [gi::getDialogs {deExitDialog}]
[09:51:00.39] /i gi::setActiveWindow 2
[09:51:00.39] /i gi::setActiveWindow 2 -raise true
[09:51:00.65] /i gi::setActiveWindow 1
[09:51:00.65] /i gi::setActiveWindow 1 -raise true
[09:51:00.83] /o Shutdown time: Wed May 23 09:51:00 2018
[09:51:00.83] /o Elapsed session real time: 28.15 minutes
[09:51:00.83] /o Session terminated. Log is at /DCNFS/users/student/sliu2/coen153/lab2/Adder/synopsys_custom/logs/ccompiler.sliu2.2018_5_23_092249_2430.log
