[12:11:40.61] /o 
              /c                                 Custom Compiler 
              /c 
              /c               Version M-2017.03-SP1-1 for linux64 - Jun 29, 2017 
              /c 
              /c                     Copyright (c) 2004 - 2017 Synopsys, Inc.
              /c    This software and the associated documentation are proprietary to Synopsys,
              /c  Inc. This software may only be used in accordance with the terms and conditions
              /c  of a written license agreement with Synopsys, Inc. All other use, reproduction,
              /c             or distribution of this software is strictly prohibited.
              /c 
              /c Build  (OPT) Config 3718339 compiled on Thu Jun 29 08:54:37 2017 for RHEL64 6.6
              /c Invocation: /DCNFS/applications/synopsys/2017/app/customcompiler/M-2017.03-SP1-1/linux64/platform/bin/custom_compiler
              /c Execution time: Tue May 22 12:11:38 2018
              /c Host: linux60514
              /c Working directory: /DCNFS/users/student/sliu2/coen153/lab2/Adder
              /c 
[12:11:43.36] /w Warning: In file /DCNFS/users/student/sliu2/coen153/lab2/Adder/lib.defs: Syntax error in file '/DCNFS/users/student/sliu2/coen153/lab2/Adder/lib.defs' at line '11' : ';' (DATA_MANAGEMENT-014)
[12:11:43.71] /r giShowFrameTabs true
[12:11:43.71] /r giWindowId 1
[12:11:43.71] /r giWindowGeometry 1040x800
[12:11:45.10] /# gi::pressButton {/scroll/scrollArea/scrollAreaInnerWidget/applications/dmLibraryManager} -in [gi::getWindows 1]
[12:11:45.11] /# 
[12:11:45.11] /i dm::openLibraryManager
[12:11:45.11] /r giWindowId 2
[12:11:45.12] /r giWindowGeometry 660x600+50+75
[12:11:45.16] /o oa:0x23c81350
[12:11:46.60] /i gi::setCurrentIndex {libs} -index {parasitics} -in [gi::getWindows 2]
[12:11:46.61] /i gi::setItemSelection {cellCategories} -index {All} -in [gi::getWindows 2]
[12:11:46.61] /i gi::setItemSelection {libs} -index {parasitics} -in [gi::getWindows 2]
[12:11:47.19] /i gi::setCurrentIndex {libs} -index {lab6} -in [gi::getWindows 2]
[12:11:47.20] /i gi::setItemSelection {cellCategories} -index {All} -in [gi::getWindows 2]
[12:11:47.20] /i gi::setItemSelection {libs} -index {lab6} -in [gi::getWindows 2]
[12:11:48.11] /i gi::setCurrentIndex {cells} -index {Full_Adder} -in [gi::getWindows 2]
[12:11:48.12] /i gi::setItemSelection {cells} -index {Full_Adder} -in [gi::getWindows 2]
[12:11:48.74] /i gi::setCurrentIndex {cells} -index {Half_Adder} -in [gi::getWindows 2]
[12:11:48.75] /i gi::setItemSelection {cells} -index {Half_Adder} -in [gi::getWindows 2]
[12:11:49.48] /i gi::setCurrentIndex {views} -index {layout} -in [gi::getWindows 2]
[12:11:49.48] /i gi::setItemSelection {views} -index {layout} -in [gi::getWindows 2]
[12:11:50.77] /i gi::executeAction dmOpen -in [gi::getWindows 2]
[12:11:50.78] /m Information: License 'Basic' checked out. (LICENSE-003)
[12:11:50.86] /r giWindowId 3
[12:11:50.86] /r giWindowGeometry 1632x1035
[12:11:50.93] /# de::setActiveLPP [de::getLPPs "text drawing" -from [db::getAttr editDesign -of [de::getContexts -window 3]]]
[12:11:53.16] /# gi::executeAction leInstance -in [gi::getWindows 3]
[12:11:53.16] /i ile::createInst
[12:11:53.26] /i gi::setActiveDialog [gi::getDialogs {leCreateInst} -parent [gi::getWindows 3]]
[12:11:53.54] /i db::setAttr geometry -of [gi::getDialogs {leCreateInst}] -value 614x560+652+274
[12:11:54.28] /i gi::setCurrentIndex {instLCVCells} -index {Half_Adder} -in [gi::getDialogs {leCreateInst} -parent [gi::getWindows 3]]
[12:11:54.28] /w Warning: Command is in invalid state because of attempt to create cyclic structure. (ILE_CREATE-029)
[12:11:54.29] /i gi::setItemSelection {instLCVCells} -index {Half_Adder} -in [gi::getDialogs {leCreateInst} -parent [gi::getWindows 3]]
[12:11:58.61] /i gi::setCurrentIndex {instLCVLibs} -index {Adder} -in [gi::getDialogs {leCreateInst} -parent [gi::getWindows 3]]
[12:11:58.62] /i gi::setItemSelection {instLCVLibs} -index {Adder} -in [gi::getDialogs {leCreateInst} -parent [gi::getWindows 3]]
[12:11:59.25] /i gi::setCurrentIndex {instLCVCells} -index {OR} -in [gi::getDialogs {leCreateInst} -parent [gi::getWindows 3]]
[12:11:59.28] /o 	############################################
[12:11:59.28] /o 	        Synopsys Generic 90nm iPDK          
[12:11:59.28] /o 	--------------------------------------------
[12:11:59.28] /o 	Release Date .............. : 11-May-2016    
[12:11:59.28] /o 	============================================
[12:11:59.28] /o 	        Recommended Tool Versions           
[12:11:59.28] /o 	--------------------------------------------
[12:11:59.28] /o 	Custom Designer ........... : J-2014.12-2    
[12:11:59.28] /o 	IC Validator .............. : K-2015.12   
[12:11:59.28] /o 	StarRC..................... : K-2015.12  
[12:11:59.28] /o 	--------------------------------------------
[12:11:59.28] /o 	############################################
[12:11:59.28] /o 
[12:11:59.29] /o SAED PDK 90: Loaded callbacks
[12:11:59.31] /o SAED PDK 90: Loaded display resources
[12:11:59.35] /i gi::setItemSelection {instLCVCells} -index {OR} -in [gi::getDialogs {leCreateInst} -parent [gi::getWindows 3]]
[12:11:59.64] /i gi::setCurrentIndex {instLCVCells} -index {AND} -in [gi::getDialogs {leCreateInst} -parent [gi::getWindows 3]]
[12:11:59.66] /i gi::setItemSelection {instLCVCells} -index {AND} -in [gi::getDialogs {leCreateInst} -parent [gi::getWindows 3]]
[12:12:00.56] /i gi::setCurrentIndex {instLCVViews} -index {layout} -in [gi::getDialogs {leCreateInst} -parent [gi::getWindows 3]]
[12:12:01.67] /# gi::executeAction deAddPoint -in [gi::getWindows 3]
[12:12:01.67] /i de::addPoint {-0.158 -0.012} -context [db::getNext [de::getContexts -window 3]]
[12:12:03.01] /i de::abortCommand
[12:12:03.32] /# gi::executeAction deCanvasZoomOutAtPoint -in [gi::getWindows 3]
[12:12:03.32] /i de::zoom -window [gi::getWindows 3] -factor 0.5 -center {0.056 -0.023}
[12:12:03.32] /o {-0.454 -0.307} {0.343 0.354}
[12:12:03.37] /# gi::executeAction deCanvasZoomOutAtPoint -in [gi::getWindows 3]
[12:12:03.37] /i de::zoom -window [gi::getWindows 3] -factor 0.5 -center {0.057 -0.023}
[12:12:03.37] /o {-0.966 -0.592} {0.628 0.73}
[12:12:03.58] /# gi::executeAction deCanvasZoomOutAtPoint -in [gi::getWindows 3]
[12:12:03.58] /i de::zoom -window [gi::getWindows 3] -factor 0.5 -center {0.056 -0.024}
[12:12:03.58] /o {-1.988 -1.16} {1.2 1.484}
[12:12:03.61] /# gi::executeAction deCanvasZoomOutAtPoint -in [gi::getWindows 3]
[12:12:03.61] /i de::zoom -window [gi::getWindows 3] -factor 0.5 -center {0.056 -0.024}
[12:12:03.61] /o {-4.032 -2.296} {2.344 2.992}
[12:12:03.98] /# gi::executeAction deCanvasZoomOutAtPoint -in [gi::getWindows 3]
[12:12:03.98] /i de::zoom -window [gi::getWindows 3] -factor 0.5 -center {0.056 -0.024}
[12:12:03.98] /o {-8.12 -4.568} {4.632 6.008}
[12:12:04.00] /# gi::executeAction deCanvasZoomOutAtPoint -in [gi::getWindows 3]
[12:12:04.00] /i de::zoom -window [gi::getWindows 3] -factor 0.5 -center {0.056 -0.024}
[12:12:04.00] /o {-16.296 -9.112} {9.208 12.04}
[12:12:04.61] /# gi::executeAction deCanvasZoomInAtPoint -in [gi::getWindows 3]
[12:12:04.61] /i de::zoom -window [gi::getWindows 3] -factor 2.0 -center {0.888 1.832}
[12:12:04.61] /o {-7.704 -3.64} {5.048 6.936}
[12:12:14.85] /# gi::executeAction dePan -in [gi::getWindows 3]
[12:12:14.85] /i ide::pan 3
[12:12:15.35] /# gi::executeAction deStartDrag -in [gi::getWindows 3]
[12:12:15.35] /i de::startDrag {2.536 2.808} -context [db::getNext [de::getContexts -window 3]]
[12:12:16.04] /# gi::executeAction deEndDrag -in [gi::getWindows 3]
[12:12:16.04] /i de::endDrag {2.536 2.824} -context [db::getNext [de::getContexts -window 3]]
[12:12:16.04] /r dePanToPoint {0.24 -0.16}
[12:12:16.74] /# gi::executeAction deAbortCommand -in [gi::getWindows 3]
[12:12:16.74] /i de::abortCommand -context [db::getNext [de::getContexts -window 3]]
[12:13:36.67] /i db::setAttr iconified -of [gi::getFrames 1] -value true
[12:13:47.07] /i db::setAttr iconified -of [gi::getFrames 1] -value false
[12:13:49.27] /r giDialog gi::setActiveDialog [gi::getDialogs {giCloseFrame}]
[12:13:49.57] /r giDialog db::setAttr geometry -of [gi::getDialogs {giCloseFrame}] -value 297x113+811+411
[12:13:50.00] /r giDialog gi::pressButton {giCloseTabsButton} -in [gi::getDialogs {giCloseFrame}]
[12:13:50.02] /i exit
[12:13:50.07] /r giDialog gi::setActiveDialog [gi::getDialogs {deExitDialog}]
[12:13:50.37] /r giDialog db::setAttr geometry -of [gi::getDialogs {deExitDialog}] -value 420x156+750+522
[12:13:51.30] /r giDialog gi::pressButton {ok} -in [gi::getDialogs {deExitDialog}]
[12:13:51.37] /r giDialog gi::setActiveDialog [gi::getDialogs {deCloseDesign}]
[12:13:51.66] /r giDialog db::setAttr geometry -of [gi::getDialogs {deCloseDesign}] -value 425x86+747+557
[12:13:52.01] /r giDialog gi::pressButton {discard} -in [gi::getDialogs {deCloseDesign}]
[12:13:52.07] /i gi::setActiveWindow 2
[12:13:52.07] /i gi::setActiveWindow 2 -raise true
[12:13:52.28] /i gi::setActiveWindow 1
[12:13:52.28] /i gi::setActiveWindow 1 -raise true
[12:13:52.40] /o Shutdown time: Tue May 22 12:13:52 2018
[12:13:52.40] /o Elapsed session real time: 2.2 minutes
[12:13:52.40] /o Session terminated. Log is at /DCNFS/users/student/sliu2/coen153/lab2/Adder/synopsys_custom/logs/ccompiler.sliu2.2018_5_22_121138_25252.log
