[12:09:26.27] /o 
              /c                                 Custom Compiler 
              /c 
              /c               Version M-2017.03-SP1-1 for linux64 - Jun 29, 2017 
              /c 
              /c                     Copyright (c) 2004 - 2017 Synopsys, Inc.
              /c    This software and the associated documentation are proprietary to Synopsys,
              /c  Inc. This software may only be used in accordance with the terms and conditions
              /c  of a written license agreement with Synopsys, Inc. All other use, reproduction,
              /c             or distribution of this software is strictly prohibited.
              /c 
              /c Build  (OPT) Config 3718339 compiled on Thu Jun 29 08:54:37 2017 for RHEL64 6.6
              /c Invocation: /DCNFS/applications/synopsys/2017/app/customcompiler/M-2017.03-SP1-1/linux64/platform/bin/custom_compiler
              /c Execution time: Tue May 22 12:09:24 2018
              /c Host: linux60514
              /c Working directory: /DCNFS/users/student/sliu2/coen153/lab2/Adder
              /c 
[12:09:29.26] /w Warning: In file /DCNFS/users/student/sliu2/coen153/lab2/Adder/lib.defs: Syntax error in file '/DCNFS/users/student/sliu2/coen153/lab2/Adder/lib.defs' at line '11' : ';' (DATA_MANAGEMENT-014)
[12:09:29.63] /r giShowFrameTabs true
[12:09:29.63] /r giWindowId 1
[12:09:29.63] /r giWindowGeometry 1040x800
[12:09:34.04] /# gi::pressButton {/scroll/scrollArea/scrollAreaInnerWidget/applications/dmLibraryManager} -in [gi::getWindows 1]
[12:09:34.04] /# 
[12:09:34.05] /i dm::openLibraryManager
[12:09:34.05] /r giWindowId 2
[12:09:34.05] /r giWindowGeometry 660x600+50+75
[12:09:34.09] /o oa:0x22faaf60
[12:09:35.42] /i gi::setCurrentIndex {libs} -index {lab6} -in [gi::getWindows 2]
[12:09:35.42] /i gi::setItemSelection {cellCategories} -index {All} -in [gi::getWindows 2]
[12:09:35.43] /i gi::setItemSelection {libs} -index {lab6} -in [gi::getWindows 2]
[12:09:36.80] /i gi::setCurrentIndex {cells} -index {Full_Adder} -in [gi::getWindows 2]
[12:09:36.81] /i gi::setItemSelection {cells} -index {Full_Adder} -in [gi::getWindows 2]
[12:09:37.36] /i gi::setCurrentIndex {cells} -index {Half_Adder} -in [gi::getWindows 2]
[12:09:37.38] /i gi::setItemSelection {cells} -index {Half_Adder} -in [gi::getWindows 2]
[12:09:38.51] /i gi::setCurrentIndex {views} -index {schematic} -in [gi::getWindows 2]
[12:09:38.51] /i gi::setItemSelection {views} -index {schematic} -in [gi::getWindows 2]
[12:09:38.65] /i gi::executeAction dmOpen -in [gi::getWindows 2]
[12:09:38.69] /m Information: License 'Schematic' checked out. (LICENSE-003)
[12:09:38.76] /o 	############################################
[12:09:38.76] /o 	        Synopsys Generic 90nm iPDK          
[12:09:38.76] /o 	--------------------------------------------
[12:09:38.76] /o 	Release Date .............. : 11-May-2016    
[12:09:38.76] /o 	============================================
[12:09:38.76] /o 	        Recommended Tool Versions           
[12:09:38.76] /o 	--------------------------------------------
[12:09:38.76] /o 	Custom Designer ........... : J-2014.12-2    
[12:09:38.76] /o 	IC Validator .............. : K-2015.12   
[12:09:38.76] /o 	StarRC..................... : K-2015.12  
[12:09:38.76] /o 	--------------------------------------------
[12:09:38.77] /o 	############################################
[12:09:38.77] /o 
[12:09:38.78] /o SAED PDK 90: Loaded callbacks
[12:09:38.79] /o SAED PDK 90: Loaded display resources
[12:09:38.82] /r giWindowId 3
[12:09:38.82] /r giWindowGeometry 1632x1035
[12:09:38.99] /o "lab6/Half_Adder/schematic" design does not need checking
[12:09:42.57] /i gi::setActiveWindow 2
[12:09:42.57] /i gi::setActiveWindow 2 -raise true
[12:09:43.97] /i gi::setCurrentIndex {views} -index {layout} -in [gi::getWindows 2]
[12:09:43.98] /i gi::setItemSelection {views} -index {layout} -in [gi::getWindows 2]
[12:09:44.15] /i gi::executeAction dmOpen -in [gi::getWindows 2]
[12:09:44.16] /m Information: License 'Basic' checked out. (LICENSE-003)
[12:09:44.16] /m Information: License 'Schematic' checked in. (LICENSE-004)
[12:09:44.21] /r giWindowId 4
[12:09:44.22] /r giWindowGeometry 1632x1035
[12:09:44.28] /# de::setActiveLPP [de::getLPPs "text drawing" -from [db::getAttr editDesign -of [de::getContexts -window 4]]]
[12:09:48.77] /# gi::executeAction giPostContextMenu -in [gi::getWindows 4]
[12:09:52.16] /# gi::executeAction leInstance -in [gi::getWindows 4]
[12:09:52.16] /i ile::createInst
[12:09:52.25] /i gi::setActiveDialog [gi::getDialogs {leCreateInst} -parent [gi::getWindows 4]]
[12:09:52.53] /i db::setAttr geometry -of [gi::getDialogs {leCreateInst}] -value 614x560+652+274
[12:09:53.33] /i gi::setCurrentIndex {instLCVCells} -index {Half_Adder} -in [gi::getDialogs {leCreateInst} -parent [gi::getWindows 4]]
[12:09:53.34] /w Warning: Command is in invalid state because of attempt to create cyclic structure. (ILE_CREATE-029)
[12:09:53.34] /i gi::setItemSelection {instLCVCells} -index {Half_Adder} -in [gi::getDialogs {leCreateInst} -parent [gi::getWindows 4]]
[12:09:55.14] /i gi::setCurrentIndex {instLCVLibs} -index {Adder} -in [gi::getDialogs {leCreateInst} -parent [gi::getWindows 4]]
[12:09:55.15] /i gi::setItemSelection {instLCVLibs} -index {Adder} -in [gi::getDialogs {leCreateInst} -parent [gi::getWindows 4]]
[12:09:55.79] /i gi::setCurrentIndex {instLCVCells} -index {AND} -in [gi::getDialogs {leCreateInst} -parent [gi::getWindows 4]]
[12:09:55.81] /i gi::setItemSelection {instLCVCells} -index {AND} -in [gi::getDialogs {leCreateInst} -parent [gi::getWindows 4]]
[12:09:57.90] /# gi::executeAction deAddPoint -in [gi::getWindows 4]
[12:09:57.90] /i de::addPoint {-0.141 -0.006} -context [db::getNext [de::getContexts -window 4]]
[12:09:58.82] /i de::abortCommand
[12:09:59.22] /# gi::executeAction deCanvasZoomOutAtPoint -in [gi::getWindows 4]
[12:09:59.22] /i de::zoom -window [gi::getWindows 4] -factor 0.5 -center {-0.017 -0.006}
[12:09:59.22] /o {-0.381 -0.324} {0.416 0.337}
[12:09:59.42] /# gi::executeAction deCanvasZoomOutAtPoint -in [gi::getWindows 4]
[12:09:59.42] /i de::zoom -window [gi::getWindows 4] -factor 0.5 -center {-0.016 -0.006}
[12:09:59.42] /o {-0.747 -0.643} {0.847 0.679}
[12:09:59.70] /# gi::executeAction deCanvasZoomOutAtPoint -in [gi::getWindows 4]
[12:09:59.70] /i de::zoom -window [gi::getWindows 4] -factor 0.5 -center {-0.017 -0.007}
[12:09:59.71] /o {-1.477 -1.279} {1.711 1.365}
[12:09:59.74] /# gi::executeAction deCanvasZoomOutAtPoint -in [gi::getWindows 4]
[12:09:59.74] /i de::zoom -window [gi::getWindows 4] -factor 0.5 -center {-0.017 -0.007}
[12:09:59.75] /o {-2.937 -2.551} {3.439 2.737}
[12:10:00.18] /# gi::executeAction deCanvasZoomOutAtPoint -in [gi::getWindows 4]
[12:10:00.18] /i de::zoom -window [gi::getWindows 4] -factor 0.5 -center {-0.017 -0.007}
[12:10:00.18] /o {-5.857 -5.095} {6.895 5.481}
[12:10:02.98] /# gi::executeAction deSelectActive -in [gi::getWindows 4]
[12:10:02.98] /i de::deselectAll [db::getNext [de::getContexts -window 4]]
[12:10:02.99] /i de::select [de::getActiveFigure [gi::getWindows 4] -point {2.159 -1.095} -index 0 -intent none]
[12:10:02.99] /o oa:0x2410aba0
[12:10:09.81] /i db::setAttr geometry -of [gi::getFrames 1] -value 1040x824+691+173
[12:10:13.29] /i db::setAttr iconified -of [gi::getFrames 1] -value true
[12:11:28.49] /i db::setAttr iconified -of [gi::getFrames 1] -value false
[12:11:32.02] /r giDialog gi::setActiveDialog [gi::getDialogs {giCloseFrame}]
[12:11:32.32] /r giDialog db::setAttr geometry -of [gi::getDialogs {giCloseFrame}] -value 297x113+1063+409
[12:11:33.06] /r giDialog gi::pressButton {giCloseTabsButton} -in [gi::getDialogs {giCloseFrame}]
[12:11:33.09] /i exit
[12:11:33.15] /r giDialog gi::setActiveDialog [gi::getDialogs {deExitDialog}]
[12:11:33.44] /r giDialog db::setAttr geometry -of [gi::getDialogs {deExitDialog}] -value 420x156+750+522
[12:11:34.13] /r giDialog gi::pressButton {ok} -in [gi::getDialogs {deExitDialog}]
[12:11:34.19] /r giDialog gi::setActiveDialog [gi::getDialogs {deCloseDesign}]
[12:11:34.49] /r giDialog db::setAttr geometry -of [gi::getDialogs {deCloseDesign}] -value 425x86+747+557
[12:11:35.48] /r giDialog gi::pressButton {discard} -in [gi::getDialogs {deCloseDesign}]
[12:11:35.54] /i gi::setActiveWindow 2
[12:11:35.54] /i gi::setActiveWindow 2 -raise true
[12:11:35.74] /i gi::setActiveWindow 3
[12:11:35.74] /i gi::setActiveWindow 3 -raise true
[12:11:35.77] /i gi::setActiveWindow 1
[12:11:35.77] /i gi::setActiveWindow 1 -raise true
[12:11:35.97] /o Shutdown time: Tue May 22 12:11:35 2018
[12:11:35.97] /o Elapsed session real time: 2.16 minutes
[12:11:35.97] /o Session terminated. Log is at /DCNFS/users/student/sliu2/coen153/lab2/Adder/synopsys_custom/logs/ccompiler.sliu2.2018_5_22_120924_24939.log
