[12:06:46.64] /o 
              /c                                 Custom Compiler 
              /c 
              /c               Version M-2017.03-SP1-1 for linux64 - Jun 29, 2017 
              /c 
              /c                     Copyright (c) 2004 - 2017 Synopsys, Inc.
              /c    This software and the associated documentation are proprietary to Synopsys,
              /c  Inc. This software may only be used in accordance with the terms and conditions
              /c  of a written license agreement with Synopsys, Inc. All other use, reproduction,
              /c             or distribution of this software is strictly prohibited.
              /c 
              /c Build  (OPT) Config 3718339 compiled on Thu Jun 29 08:54:37 2017 for RHEL64 6.6
              /c Invocation: /DCNFS/applications/synopsys/2017/app/customcompiler/M-2017.03-SP1-1/linux64/platform/bin/custom_compiler
              /c Execution time: Tue May 22 12:06:44 2018
              /c Host: linux60514
              /c Working directory: /DCNFS/users/student/sliu2/coen153/lab2/Adder
              /c 
[12:06:49.86] /r giShowFrameTabs true
[12:06:49.86] /r giWindowId 1
[12:06:49.86] /r giWindowGeometry 1040x800
[12:06:53.94] /# gi::pressButton {/scroll/scrollArea/scrollAreaInnerWidget/applications/dmLibraryManager} -in [gi::getWindows 1]
[12:06:53.95] /# 
[12:06:53.95] /i dm::openLibraryManager
[12:06:53.95] /r giWindowId 2
[12:06:53.95] /r giWindowGeometry 660x600+50+75
[12:06:54.00] /o oa:0x24556fc0
[12:06:55.51] /i gi::setCurrentIndex {libs} -index {basic} -in [gi::getWindows 2]
[12:06:55.54] /i gi::setItemSelection {cellCategories} -index {All} -in [gi::getWindows 2]
[12:06:55.54] /i gi::setItemSelection {libs} -index {basic} -in [gi::getWindows 2]
[12:06:56.56] /i gi::sortItems {libs} -column {Libraries} -order {descending} -in [gi::getWindows 2]
[12:06:58.25] /i gi::setCurrentIndex {libs} -index {Adder} -in [gi::getWindows 2]
[12:06:58.26] /i gi::setItemSelection {cellCategories} -index {All} -in [gi::getWindows 2]
[12:06:58.26] /i gi::setItemSelection {libs} -index {Adder} -in [gi::getWindows 2]
[12:07:00.27] /i db::setAttr geometry -of [gi::getFrames 1] -value 1040x824+875+272
[12:07:01.32] /i db::setAttr geometry -of [gi::getFrames 1] -value 1040x824+692+272
[12:07:02.36] /i exit
[12:07:02.39] /r giDialog gi::setActiveDialog [gi::getDialogs {deExitDialog}]
[12:07:02.69] /r giDialog db::setAttr geometry -of [gi::getDialogs {deExitDialog}] -value 420x183+750+508
[12:07:03.33] /r giDialog gi::pressButton {ok} -in [gi::getDialogs {deExitDialog}]
[12:07:03.35] /i gi::setActiveWindow 1
[12:07:03.35] /i gi::setActiveWindow 1 -raise true
[12:07:03.49] /o Shutdown time: Tue May 22 12:07:03 2018
[12:07:03.49] /o Elapsed session real time: 0.28 minutes
[12:07:03.49] /o Session terminated. Log is at /DCNFS/users/student/sliu2/coen153/lab2/Adder/synopsys_custom/logs/ccompiler.sliu2.2018_5_22_120644_24391.log
