[13:48:03.02] /o 
              /c                                 Custom Compiler 
              /c 
              /c               Version M-2017.03-SP1-1 for linux64 - Jun 29, 2017 
              /c 
              /c                     Copyright (c) 2004 - 2017 Synopsys, Inc.
              /c    This software and the associated documentation are proprietary to Synopsys,
              /c  Inc. This software may only be used in accordance with the terms and conditions
              /c  of a written license agreement with Synopsys, Inc. All other use, reproduction,
              /c             or distribution of this software is strictly prohibited.
              /c 
              /c Build  (OPT) Config 3718339 compiled on Thu Jun 29 08:54:37 2017 for RHEL64 6.6
              /c Invocation: /DCNFS/applications/synopsys/2017/app/customcompiler/M-2017.03-SP1-1/linux64/platform/bin/custom_compiler
              /c Execution time: Tue May 15 13:48:01 2018
              /c Host: linux60516
              /c Working directory: /DCNFS/users/student/sliu2/coen153/lab2/Adder
              /c 
[13:48:06.19] /w Warning: In file /DCNFS/users/student/sliu2/coen153/lab2/Adder/lib.defs: Unable to open library four#2dbit_adder at path /DCNFS/users/student/sliu2/coen153/lab2/Adder/four#2dbit_adder : No access permission. (DATA_MANAGEMENT-014)
[13:48:06.57] /r giShowFrameTabs true
[13:48:06.57] /r giWindowId 1
[13:48:06.57] /r giWindowGeometry 1040x800
[13:48:09.01] /# gi::pressButton {/scroll/scrollArea/scrollAreaInnerWidget/applications/dmLibraryManager} -in [gi::getWindows 1]
[13:48:09.01] /# 
[13:48:09.02] /i dm::openLibraryManager
[13:48:09.02] /r giWindowId 2
[13:48:09.02] /r giWindowGeometry 660x600+50+75
[13:48:09.06] /o oa:0x244cd420
[13:48:25.79] /i gi::setCurrentIndex {libs} -index {Adder} -in [gi::getWindows 2]
[13:48:25.80] /i gi::setItemSelection {cellCategories} -index {All} -in [gi::getWindows 2]
[13:48:25.81] /i gi::setItemSelection {libs} -index {Adder} -in [gi::getWindows 2]
[13:48:49.57] /i db::setAttr geometry -of [gi::getFrames 1] -value 1040x824+846+223
[13:50:16.39] /i gi::executeAction giCloseWindow -in [gi::getWindows 2]
[13:50:16.40] /i gi::setActiveWindow 1
[13:50:16.40] /i gi::setActiveWindow 1 -raise true
[13:50:17.08] /# gi::pressButton {/scroll/scrollArea/scrollAreaInnerWidget/applications/dmLibraryManager} -in [gi::getWindows 1]
[13:50:17.08] /# 
[13:50:17.08] /i dm::openLibraryManager
[13:50:17.08] /r giWindowId 3
[13:50:17.09] /r giWindowGeometry 1040x800+439+199
[13:50:17.14] /o oa:0x243eb800
[13:50:18.60] /i gi::setCurrentIndex {libs} -index {Adder} -in [gi::getWindows 3]
[13:50:18.61] /i gi::setItemSelection {cellCategories} -index {All} -in [gi::getWindows 3]
[13:50:18.61] /i gi::setItemSelection {libs} -index {Adder} -in [gi::getWindows 3]
[13:50:23.58] /i exit
[13:50:23.61] /r giDialog gi::setActiveDialog [gi::getDialogs {deExitDialog}]
[13:50:23.91] /r giDialog db::setAttr geometry -of [gi::getDialogs {deExitDialog}] -value 420x156+750+522
[13:50:25.03] /r giDialog gi::pressButton {ok} -in [gi::getDialogs {deExitDialog}]
[13:50:25.05] /i gi::setActiveWindow 1
[13:50:25.05] /i gi::setActiveWindow 1 -raise true
[13:50:25.21] /o Shutdown time: Tue May 15 13:50:25 2018
[13:50:25.21] /o Elapsed session real time: 2.36 minutes
[13:50:25.21] /o Session terminated. Log is at /DCNFS/users/student/sliu2/coen153/lab2/Adder/synopsys_custom/logs/ccompiler.sliu2.2018_5_15_134801_13977.log
