[13:44:07.12] /o 
              /c                                 Custom Compiler 
              /c 
              /c               Version M-2017.03-SP1-1 for linux64 - Jun 29, 2017 
              /c 
              /c                     Copyright (c) 2004 - 2017 Synopsys, Inc.
              /c    This software and the associated documentation are proprietary to Synopsys,
              /c  Inc. This software may only be used in accordance with the terms and conditions
              /c  of a written license agreement with Synopsys, Inc. All other use, reproduction,
              /c             or distribution of this software is strictly prohibited.
              /c 
              /c Build  (OPT) Config 3718339 compiled on Thu Jun 29 08:54:37 2017 for RHEL64 6.6
              /c Invocation: /DCNFS/applications/synopsys/2017/app/customcompiler/M-2017.03-SP1-1/linux64/platform/bin/custom_compiler
              /c Execution time: Tue May 15 13:44:05 2018
              /c Host: linux60516
              /c Working directory: /DCNFS/users/student/sliu2/coen153/lab2/Adder
              /c 
[13:44:10.32] /w Warning: In file /DCNFS/users/student/sliu2/coen153/lab2/Adder/lib.defs: Unable to open library four#2dbit_adder at path /DCNFS/users/student/sliu2/coen153/lab2/Adder/four#2dbit_adder : No access permission. (DATA_MANAGEMENT-014)
[13:44:10.74] /r giShowFrameTabs true
[13:44:10.74] /r giWindowId 1
[13:44:10.74] /r giWindowGeometry 1040x800
[13:44:12.59] /# gi::pressButton {/scroll/scrollArea/scrollAreaInnerWidget/applications/dmLibraryManager} -in [gi::getWindows 1]
[13:44:12.60] /# 
[13:44:12.60] /i dm::openLibraryManager
[13:44:12.60] /r giWindowId 2
[13:44:12.60] /r giWindowGeometry 660x600+50+75
[13:44:12.65] /o oa:0x22f1fa20
[13:44:12.75] /i gi::setSectionSizes {libs} -values {247} -in [gi::getWindows 2]
[13:44:15.25] /i gi::setCurrentIndex {libs} -index {SAED_PDK_90} -in [gi::getWindows 2]
[13:44:15.28] /i gi::setItemSelection {cellCategories} -index {All} -in [gi::getWindows 2]
[13:44:15.28] /i gi::setItemSelection {libs} -index {SAED_PDK_90} -in [gi::getWindows 2]
[13:44:26.10] /i gi::setItemSelection {libs} -index {} -in [gi::getWindows 2]
[13:44:58.79] /i gi::setCurrentIndex {libs} -index {Adder} -in [gi::getWindows 2]
[13:44:58.79] /i gi::setItemSelection {cellCategories} -index {All} -in [gi::getWindows 2]
[13:44:58.79] /i gi::setItemSelection {libs} -index {Adder} -in [gi::getWindows 2]
[13:45:05.89] /# gi::executeAction deOpenDesign -in [gi::getWindows 2]
[13:45:05.89] /i de::showOpenDesign
[13:45:05.91] /o oa:0x22f9cca0
[13:45:05.93] /i gi::setActiveDialog [gi::getDialogs {deOpenDesign}]
[13:45:06.22] /i db::setAttr geometry -of [gi::getDialogs {deOpenDesign}] -value 645x491+637+354
[13:45:11.11] /i gi::pressButton {cancel} -in [gi::getDialogs {deOpenDesign}]
[13:45:13.68] /i gi::executeAction menuPreShow -in [gi::getWindows 2]
[13:45:13.68] /r giMenuAccess db::getNext [gi::getMenus dmEditMenu -from [gi::getWindows 2]]
[13:45:16.60] /# gi::executeAction dmShowAddLibrary -in [gi::getWindows 2]
[13:45:16.60] /i dm::showAddLibrary -parent 2
[13:45:16.61] /e Error: Command 'dm::showAddLibrary' requires at least one of the Advanced features, which are not currently checked out. (COMMAND-007)
[13:45:19.18] /i exit
[13:45:19.21] /r giDialog gi::setActiveDialog [gi::getDialogs {deExitDialog}]
[13:45:19.51] /r giDialog db::setAttr geometry -of [gi::getDialogs {deExitDialog}] -value 420x156+750+522
[13:45:20.65] /r giDialog gi::pressButton {ok} -in [gi::getDialogs {deExitDialog}]
[13:45:20.66] /i gi::setActiveWindow 1
[13:45:20.66] /i gi::setActiveWindow 1 -raise true
[13:45:20.85] /o Shutdown time: Tue May 15 13:45:20 2018
[13:45:20.85] /o Elapsed session real time: 1.23 minutes
[13:45:20.85] /o Session terminated. Log is at /DCNFS/users/student/sliu2/coen153/lab2/Adder/synopsys_custom/logs/ccompiler.sliu2.2018_5_15_134405_11387.log
