[12:33:22.73] /o 
              /c                                 Custom Compiler 
              /c 
              /c               Version M-2017.03-SP1-1 for linux64 - Jun 29, 2017 
              /c 
              /c                     Copyright (c) 2004 - 2017 Synopsys, Inc.
              /c    This software and the associated documentation are proprietary to Synopsys,
              /c  Inc. This software may only be used in accordance with the terms and conditions
              /c  of a written license agreement with Synopsys, Inc. All other use, reproduction,
              /c             or distribution of this software is strictly prohibited.
              /c 
              /c Build  (OPT) Config 3718339 compiled on Thu Jun 29 08:54:37 2017 for RHEL64 6.6
              /c Invocation: /DCNFS/applications/synopsys/2017/app/customcompiler/M-2017.03-SP1-1/linux64/platform/bin/custom_compiler
              /c Execution time: Tue May 29 12:33:20 2018
              /c Host: linux60515
              /c Working directory: /DCNFS/users/student/sliu2/coen153/lab2/Adder
              /c 
[12:33:25.84] /w Warning: In file /DCNFS/users/student/sliu2/coen153/lab2/Adder/lib.defs: Syntax error in file '/DCNFS/users/student/sliu2/coen153/lab2/Adder/lib.defs' at line '11' : ';' (DATA_MANAGEMENT-014)
[12:33:26.53] /r giShowFrameTabs true
[12:33:26.53] /r giWindowId 1
[12:33:26.53] /r giWindowGeometry 1040x800
[12:33:28.38] /# gi::pressButton {/scroll/scrollArea/scrollAreaInnerWidget/applications/dmLibraryManager} -in [gi::getWindows 1]
[12:33:28.38] /# 
[12:33:28.38] /i dm::openLibraryManager
[12:33:28.38] /r giWindowId 2
[12:33:28.39] /r giWindowGeometry 660x600+50+75
[12:33:28.44] /o oa:0x23e93060
[12:33:31.77] /i gi::setCurrentIndex {libs} -index {analogLib} -in [gi::getWindows 2]
[12:33:31.85] /i gi::setItemSelection {cellCategories} -index {All} -in [gi::getWindows 2]
[12:33:31.85] /i gi::setItemSelection {libs} -index {analogLib} -in [gi::getWindows 2]
[12:33:33.93] /i exit
[12:33:33.96] /r giDialog gi::setActiveDialog [gi::getDialogs {deExitDialog}]
[12:33:34.25] /r giDialog db::setAttr geometry -of [gi::getDialogs {deExitDialog}] -value 420x183+750+508
[12:33:35.49] /r giDialog gi::pressButton {ok} -in [gi::getDialogs {deExitDialog}]
[12:33:35.50] /i gi::setActiveWindow 1
[12:33:35.51] /i gi::setActiveWindow 1 -raise true
[12:33:35.67] /o Shutdown time: Tue May 29 12:33:35 2018
[12:33:35.67] /o Elapsed session real time: 0.21 minutes
[12:33:35.67] /o Session terminated. Log is at /DCNFS/users/student/sliu2/coen153/lab2/Adder/synopsys_custom/logs/ccompiler.sliu2.2018_5_29_123320_26448.log
