[14:01:04.99] /m Information: License 'SAE' checked out. (LICENSE-003)
[14:01:06.97] /o sae_shell Version Custom Compiler M-2017.03-SP1-1
              /c Build  (OPT) compiled on Thu Jun 29 08:54:37 2017 for RHEL64 6.6
              /c Execution time: Tue May 15 14:01:03 2018
              /c Host: linux60516
              /c 
              /c Copyright © 2004-2017 Synopsys, Inc.
              /c This software and the associated documentation are proprietary to Synopsys, Inc. This software may only be used in accordance with the terms and conditions of a written license agreement with Synopsys, Inc. All other use, reproduction, or distribution of this software is strictly prohibited.
              /c 
              /c 
[14:01:07.08] /o 	############################################
[14:01:07.08] /o 	        Synopsys Generic 90nm iPDK          
[14:01:07.08] /o 	--------------------------------------------
[14:01:07.08] /o 	Release Date .............. : 11-May-2016    
[14:01:07.08] /o 	============================================
[14:01:07.08] /o 	        Recommended Tool Versions           
[14:01:07.08] /o 	--------------------------------------------
[14:01:07.08] /o 	Custom Designer ........... : J-2014.12-2    
[14:01:07.08] /o 	IC Validator .............. : K-2015.12   
[14:01:07.08] /o 	StarRC..................... : K-2015.12  
[14:01:07.08] /o 	--------------------------------------------
[14:01:07.08] /o 	############################################
[14:01:07.08] /o 
[14:01:07.09] /o SAED PDK 90: Loaded callbacks
[14:01:07.10] /o SAED PDK 90: Loaded display resources
[14:01:07.12] /i ::sa::_backgroundSaeShell::signalProcessReady 1526418062
[14:01:07.12] /o saeInterBGSaeShell:  ::sa::_backgroundSaeShell::processReady 5
[14:01:38.72] /i ::sa::_backgroundSaeShell::runScript /DCNFS/users/student/sliu2/simulation/lab6/Testbench/schematic/HSPICE/nominal/.bg_measurement_script.tcl sa::_resultsDatabase::saeShellProcessingCompletedProc testSuiteName saeSession0 testbenchName default resultsDir /DCNFS/users/student/sliu2/simulation/lab6/Testbench/schematic/HSPICE/nominal/results testSuiteDir /DCNFS/users/student/sliu2/simulation/lab6/Testbench/schematic/HSPICE/nominal databaseName /DCNFS/users/student/sliu2/simulation/lab6/Testbench/schematic/HSPICE/nominal/resultsDatabase remoteRun {} testbenchId 1
[14:01:39.03] /m Information: Expression 'v(/Cout)' did not evaluate: No results found.
[14:01:39.03] /m Information: Expression 'v(/s0)' did not evaluate: No results found.
[14:01:39.03] /m Information: Expression 'v(/s1)' did not evaluate: No results found.
[14:01:39.03] /m Information: Expression 'v(/s2)' did not evaluate: No results found.
[14:01:39.03] /m Information: Expression 'v(/s3)' did not evaluate: No results found.
[14:01:39.05] /o saeInterBGSaeShell:  ::sa::_backgroundSaeShell::scriptFinished 0.3 {} sa::_resultsDatabase::saeShellProcessingCompletedProc testSuiteName saeSession0 testbenchName default resultsDir /DCNFS/users/student/sliu2/simulation/lab6/Testbench/schematic/HSPICE/nominal/results testSuiteDir /DCNFS/users/student/sliu2/simulation/lab6/Testbench/schematic/HSPICE/nominal databaseName /DCNFS/users/student/sliu2/simulation/lab6/Testbench/schematic/HSPICE/nominal/resultsDatabase remoteRun {} testbenchId 1
[14:01:39.05] /o false
[14:02:19.57] /i ::sa::_backgroundSaeShell::runScript /DCNFS/users/student/sliu2/simulation/lab6/Testbench/schematic/HSPICE/nominal/.bg_measurement_script.tcl sa::_resultsDatabase::saeShellProcessingCompletedProc testSuiteName saeSession0 testbenchName default resultsDir /DCNFS/users/student/sliu2/simulation/lab6/Testbench/schematic/HSPICE/nominal/results testSuiteDir /DCNFS/users/student/sliu2/simulation/lab6/Testbench/schematic/HSPICE/nominal databaseName /DCNFS/users/student/sliu2/simulation/lab6/Testbench/schematic/HSPICE/nominal/resultsDatabase remoteRun {} testbenchId 1
[14:02:19.95] /m Information: Started sharing "Custom WaveView ADV" license. (WAVEFORM-110)
[14:02:20.01] /o saeInterBGSaeShell:  ::sa::_backgroundSaeShell::scriptFinished 0.4 {} sa::_resultsDatabase::saeShellProcessingCompletedProc testSuiteName saeSession0 testbenchName default resultsDir /DCNFS/users/student/sliu2/simulation/lab6/Testbench/schematic/HSPICE/nominal/results testSuiteDir /DCNFS/users/student/sliu2/simulation/lab6/Testbench/schematic/HSPICE/nominal databaseName /DCNFS/users/student/sliu2/simulation/lab6/Testbench/schematic/HSPICE/nominal/resultsDatabase remoteRun {} testbenchId 1
[14:02:20.01] /o false
[14:07:07.16] /i ::sa::_backgroundSaeShell::runScript /DCNFS/users/student/sliu2/simulation/lab6/Testbench/schematic/HSPICE/nominal/.bg_measurement_script.tcl sa::_resultsDatabase::saeShellProcessingCompletedProc testSuiteName saeSession0 testbenchName default resultsDir /DCNFS/users/student/sliu2/simulation/lab6/Testbench/schematic/HSPICE/nominal/results testSuiteDir /DCNFS/users/student/sliu2/simulation/lab6/Testbench/schematic/HSPICE/nominal databaseName /DCNFS/users/student/sliu2/simulation/lab6/Testbench/schematic/HSPICE/nominal/resultsDatabase remoteRun {} testbenchId 1
[14:07:07.49] /o saeInterBGSaeShell:  ::sa::_backgroundSaeShell::scriptFinished 0.3 {} sa::_resultsDatabase::saeShellProcessingCompletedProc testSuiteName saeSession0 testbenchName default resultsDir /DCNFS/users/student/sliu2/simulation/lab6/Testbench/schematic/HSPICE/nominal/results testSuiteDir /DCNFS/users/student/sliu2/simulation/lab6/Testbench/schematic/HSPICE/nominal databaseName /DCNFS/users/student/sliu2/simulation/lab6/Testbench/schematic/HSPICE/nominal/resultsDatabase remoteRun {} testbenchId 1
[14:07:07.49] /o false
[14:09:45.68] /i ::sa::_backgroundSaeShell::runScript /DCNFS/users/student/sliu2/simulation/lab6/Testbench/schematic/HSPICE/nominal/.bg_measurement_script.tcl sa::_resultsDatabase::saeShellProcessingCompletedProc testSuiteName saeSession0 testbenchName default resultsDir /DCNFS/users/student/sliu2/simulation/lab6/Testbench/schematic/HSPICE/nominal/results testSuiteDir /DCNFS/users/student/sliu2/simulation/lab6/Testbench/schematic/HSPICE/nominal databaseName /DCNFS/users/student/sliu2/simulation/lab6/Testbench/schematic/HSPICE/nominal/resultsDatabase remoteRun {} testbenchId 1
[14:09:45.99] /o saeInterBGSaeShell:  ::sa::_backgroundSaeShell::scriptFinished 0.3 {} sa::_resultsDatabase::saeShellProcessingCompletedProc testSuiteName saeSession0 testbenchName default resultsDir /DCNFS/users/student/sliu2/simulation/lab6/Testbench/schematic/HSPICE/nominal/results testSuiteDir /DCNFS/users/student/sliu2/simulation/lab6/Testbench/schematic/HSPICE/nominal databaseName /DCNFS/users/student/sliu2/simulation/lab6/Testbench/schematic/HSPICE/nominal/resultsDatabase remoteRun {} testbenchId 1
[14:09:45.99] /o false
[14:10:18.70] /i ::sa::_backgroundSaeShell::runScript /DCNFS/users/student/sliu2/simulation/lab6/Testbench/schematic/HSPICE/nominal/.bg_measurement_script.tcl sa::_resultsDatabase::saeShellProcessingCompletedProc testSuiteName saeSession0 testbenchName default resultsDir /DCNFS/users/student/sliu2/simulation/lab6/Testbench/schematic/HSPICE/nominal/results testSuiteDir /DCNFS/users/student/sliu2/simulation/lab6/Testbench/schematic/HSPICE/nominal databaseName /DCNFS/users/student/sliu2/simulation/lab6/Testbench/schematic/HSPICE/nominal/resultsDatabase remoteRun {} testbenchId 1
[14:10:19.02] /o saeInterBGSaeShell:  ::sa::_backgroundSaeShell::scriptFinished 0.3 {} sa::_resultsDatabase::saeShellProcessingCompletedProc testSuiteName saeSession0 testbenchName default resultsDir /DCNFS/users/student/sliu2/simulation/lab6/Testbench/schematic/HSPICE/nominal/results testSuiteDir /DCNFS/users/student/sliu2/simulation/lab6/Testbench/schematic/HSPICE/nominal databaseName /DCNFS/users/student/sliu2/simulation/lab6/Testbench/schematic/HSPICE/nominal/resultsDatabase remoteRun {} testbenchId 1
[14:10:19.02] /o false
[14:11:43.51] /i ::sa::_backgroundSaeShell::runScript /DCNFS/users/student/sliu2/simulation/lab6/Testbench/schematic/HSPICE/nominal/.bg_measurement_script.tcl sa::_resultsDatabase::saeShellProcessingCompletedProc testSuiteName saeSession0 testbenchName default resultsDir /DCNFS/users/student/sliu2/simulation/lab6/Testbench/schematic/HSPICE/nominal/results testSuiteDir /DCNFS/users/student/sliu2/simulation/lab6/Testbench/schematic/HSPICE/nominal databaseName /DCNFS/users/student/sliu2/simulation/lab6/Testbench/schematic/HSPICE/nominal/resultsDatabase remoteRun {} testbenchId 1
[14:11:43.84] /o saeInterBGSaeShell:  ::sa::_backgroundSaeShell::scriptFinished 0.3 {} sa::_resultsDatabase::saeShellProcessingCompletedProc testSuiteName saeSession0 testbenchName default resultsDir /DCNFS/users/student/sliu2/simulation/lab6/Testbench/schematic/HSPICE/nominal/results testSuiteDir /DCNFS/users/student/sliu2/simulation/lab6/Testbench/schematic/HSPICE/nominal databaseName /DCNFS/users/student/sliu2/simulation/lab6/Testbench/schematic/HSPICE/nominal/resultsDatabase remoteRun {} testbenchId 1
[14:11:43.84] /o false
[14:12:50.17] /i ::sa::_backgroundSaeShell::runScript /DCNFS/users/student/sliu2/simulation/lab6/Testbench/schematic/HSPICE/nominal/.bg_measurement_script.tcl sa::_resultsDatabase::saeShellProcessingCompletedProc testSuiteName saeSession0 testbenchName default resultsDir /DCNFS/users/student/sliu2/simulation/lab6/Testbench/schematic/HSPICE/nominal/results testSuiteDir /DCNFS/users/student/sliu2/simulation/lab6/Testbench/schematic/HSPICE/nominal databaseName /DCNFS/users/student/sliu2/simulation/lab6/Testbench/schematic/HSPICE/nominal/resultsDatabase remoteRun {} testbenchId 1
[14:12:50.53] /o saeInterBGSaeShell:  ::sa::_backgroundSaeShell::scriptFinished 0.3 {} sa::_resultsDatabase::saeShellProcessingCompletedProc testSuiteName saeSession0 testbenchName default resultsDir /DCNFS/users/student/sliu2/simulation/lab6/Testbench/schematic/HSPICE/nominal/results testSuiteDir /DCNFS/users/student/sliu2/simulation/lab6/Testbench/schematic/HSPICE/nominal databaseName /DCNFS/users/student/sliu2/simulation/lab6/Testbench/schematic/HSPICE/nominal/resultsDatabase remoteRun {} testbenchId 1
[14:12:50.53] /o false
[14:17:51.17] /o saeInterBGSaeShell:  ::sa::_backgroundSaeShell::pingBack
[14:17:51.22] /i ::sa::_backgroundSaeShell::parentRunning
[14:17:51.23] /o 1526419071
[14:17:55.50] /m Information: Stopped sharing "Custom WaveView ADV" license. (WAVEFORM-111)
[14:22:52.19] /o saeInterBGSaeShell:  ::sa::_backgroundSaeShell::pingBack
[14:22:52.20] /i ::sa::_backgroundSaeShell::parentRunning
[14:22:52.20] /o 1526419372
[14:27:53.21] /o saeInterBGSaeShell:  ::sa::_backgroundSaeShell::pingBack
[14:27:53.30] /i ::sa::_backgroundSaeShell::parentRunning
[14:27:53.30] /o 1526419673
[14:32:09.14] /i ::sa::_backgroundSaeShell::runScript /DCNFS/users/student/sliu2/simulation/lab6/Testbench/schematic/HSPICE/nominal/.bg_measurement_script.tcl sa::_resultsDatabase::saeShellProcessingCompletedProc testSuiteName saeSession0 testbenchName default resultsDir /DCNFS/users/student/sliu2/simulation/lab6/Testbench/schematic/HSPICE/nominal/results testSuiteDir /DCNFS/users/student/sliu2/simulation/lab6/Testbench/schematic/HSPICE/nominal databaseName /DCNFS/users/student/sliu2/simulation/lab6/Testbench/schematic/HSPICE/nominal/resultsDatabase remoteRun {} testbenchId 1
[14:32:09.45] /m Information: Started sharing "Custom WaveView ADV" license. (WAVEFORM-110)
[14:32:09.50] /o saeInterBGSaeShell:  ::sa::_backgroundSaeShell::scriptFinished 0.3 {} sa::_resultsDatabase::saeShellProcessingCompletedProc testSuiteName saeSession0 testbenchName default resultsDir /DCNFS/users/student/sliu2/simulation/lab6/Testbench/schematic/HSPICE/nominal/results testSuiteDir /DCNFS/users/student/sliu2/simulation/lab6/Testbench/schematic/HSPICE/nominal databaseName /DCNFS/users/student/sliu2/simulation/lab6/Testbench/schematic/HSPICE/nominal/resultsDatabase remoteRun {} testbenchId 1
[14:32:09.50] /o false
[14:37:10.24] /o saeInterBGSaeShell:  ::sa::_backgroundSaeShell::pingBack
[14:37:10.27] /i ::sa::_backgroundSaeShell::parentRunning
[14:37:10.27] /o 1526420230
[14:37:14.47] /m Information: Stopped sharing "Custom WaveView ADV" license. (WAVEFORM-111)
[14:39:15.94] /i ::sa::_backgroundSaeShell::exit
[14:39:15.94] /o saeInterBGSaeShell:  ::sa::_backgroundSaeShell::childFormallyExiting
[14:39:17.05] /m Information: License 'SAE' checked in. (LICENSE-004)
