[13:24:21.72] /m Information: License 'SAE' checked out. (LICENSE-003)
[13:24:23.74] /o sae_shell Version Custom Compiler M-2017.03-SP1-1
              /c Build  (OPT) compiled on Thu Jun 29 08:54:37 2017 for RHEL64 6.6
              /c Execution time: Tue May 15 13:24:20 2018
              /c Host: linux60516
              /c 
              /c Copyright © 2004-2017 Synopsys, Inc.
              /c This software and the associated documentation are proprietary to Synopsys, Inc. This software may only be used in accordance with the terms and conditions of a written license agreement with Synopsys, Inc. All other use, reproduction, or distribution of this software is strictly prohibited.
              /c 
              /c 
[13:24:23.82] /o 	############################################
[13:24:23.82] /o 	        Synopsys Generic 90nm iPDK          
[13:24:23.82] /o 	--------------------------------------------
[13:24:23.82] /o 	Release Date .............. : 11-May-2016    
[13:24:23.82] /o 	============================================
[13:24:23.82] /o 	        Recommended Tool Versions           
[13:24:23.82] /o 	--------------------------------------------
[13:24:23.82] /o 	Custom Designer ........... : J-2014.12-2    
[13:24:23.82] /o 	IC Validator .............. : K-2015.12   
[13:24:23.82] /o 	StarRC..................... : K-2015.12  
[13:24:23.82] /o 	--------------------------------------------
[13:24:23.82] /o 	############################################
[13:24:23.82] /o 
[13:24:23.83] /o SAED PDK 90: Loaded callbacks
[13:24:23.84] /o SAED PDK 90: Loaded display resources
[13:24:23.85] /i ::sa::_backgroundSaeShell::signalProcessReady 1526415859
[13:24:23.86] /o saeInterBGSaeShell:  ::sa::_backgroundSaeShell::processReady 4
[13:27:03.55] /i ::sa::_backgroundSaeShell::runScript /DCNFS/users/student/sliu2/simulation/four-bit_adder/Testbench/schematic/HSPICE/nominal/.bg_measurement_script.tcl sa::_resultsDatabase::saeShellProcessingCompletedProc testSuiteName saeSession0 testbenchName default resultsDir /DCNFS/users/student/sliu2/simulation/four-bit_adder/Testbench/schematic/HSPICE/nominal/results testSuiteDir /DCNFS/users/student/sliu2/simulation/four-bit_adder/Testbench/schematic/HSPICE/nominal databaseName /DCNFS/users/student/sliu2/simulation/four-bit_adder/Testbench/schematic/HSPICE/nominal/resultsDatabase remoteRun {} testbenchId 1
[13:27:03.87] /m Information: Expression 'v(/Cout)' did not evaluate: No results found.
[13:27:03.87] /m Information: Expression 'v(/s0)' did not evaluate: No results found.
[13:27:03.87] /m Information: Expression 'v(/s1)' did not evaluate: No results found.
[13:27:03.87] /m Information: Expression 'v(/s2)' did not evaluate: No results found.
[13:27:03.87] /m Information: Expression 'v(/s3)' did not evaluate: No results found.
[13:27:03.89] /o saeInterBGSaeShell:  ::sa::_backgroundSaeShell::scriptFinished 0.3 {} sa::_resultsDatabase::saeShellProcessingCompletedProc testSuiteName saeSession0 testbenchName default resultsDir /DCNFS/users/student/sliu2/simulation/four-bit_adder/Testbench/schematic/HSPICE/nominal/results testSuiteDir /DCNFS/users/student/sliu2/simulation/four-bit_adder/Testbench/schematic/HSPICE/nominal databaseName /DCNFS/users/student/sliu2/simulation/four-bit_adder/Testbench/schematic/HSPICE/nominal/resultsDatabase remoteRun {} testbenchId 1
[13:27:03.89] /o false
[13:32:04.89] /o saeInterBGSaeShell:  ::sa::_backgroundSaeShell::pingBack
[13:32:04.96] /i ::sa::_backgroundSaeShell::parentRunning
[13:32:04.96] /o 1526416324
[13:37:05.91] /o saeInterBGSaeShell:  ::sa::_backgroundSaeShell::pingBack
[13:37:05.96] /i ::sa::_backgroundSaeShell::parentRunning
[13:37:05.96] /o 1526416625
[13:39:04.22] /i ::sa::_backgroundSaeShell::runScript /DCNFS/users/student/sliu2/simulation/four-bit_adder/Testbench/schematic/HSPICE/nominal/.bg_measurement_script.tcl sa::_resultsDatabase::saeShellProcessingCompletedProc testSuiteName saeSession0 testbenchName default resultsDir /DCNFS/users/student/sliu2/simulation/four-bit_adder/Testbench/schematic/HSPICE/nominal/results testSuiteDir /DCNFS/users/student/sliu2/simulation/four-bit_adder/Testbench/schematic/HSPICE/nominal databaseName /DCNFS/users/student/sliu2/simulation/four-bit_adder/Testbench/schematic/HSPICE/nominal/resultsDatabase remoteRun {} testbenchId 1
[13:39:04.46] /m Information: Expression 'v(/Cout)' did not evaluate: No results found.
[13:39:04.46] /m Information: Expression 'v(/s0)' did not evaluate: No results found.
[13:39:04.46] /m Information: Expression 'v(/s1)' did not evaluate: No results found.
[13:39:04.46] /m Information: Expression 'v(/s2)' did not evaluate: No results found.
[13:39:04.46] /m Information: Expression 'v(/s3)' did not evaluate: No results found.
[13:39:04.48] /o saeInterBGSaeShell:  ::sa::_backgroundSaeShell::scriptFinished 0.2 {} sa::_resultsDatabase::saeShellProcessingCompletedProc testSuiteName saeSession0 testbenchName default resultsDir /DCNFS/users/student/sliu2/simulation/four-bit_adder/Testbench/schematic/HSPICE/nominal/results testSuiteDir /DCNFS/users/student/sliu2/simulation/four-bit_adder/Testbench/schematic/HSPICE/nominal databaseName /DCNFS/users/student/sliu2/simulation/four-bit_adder/Testbench/schematic/HSPICE/nominal/resultsDatabase remoteRun {} testbenchId 1
[13:39:04.48] /o false
[13:43:22.57] /i ::sa::_backgroundSaeShell::exit
[13:43:22.57] /o saeInterBGSaeShell:  ::sa::_backgroundSaeShell::childFormallyExiting
[13:43:23.64] /m Information: License 'SAE' checked in. (LICENSE-004)
