[12:00:19.64] /m Information: License 'SAE' checked out. (LICENSE-003)
[12:00:21.74] /o sae_shell Version Custom Compiler M-2017.03-SP1-1
              /c Build  (OPT) compiled on Thu Jun 29 08:54:37 2017 for RHEL64 6.6
              /c Execution time: Sat May 19 12:00:18 2018
              /c Host: linux60522
              /c 
              /c Copyright © 2004-2017 Synopsys, Inc.
              /c This software and the associated documentation are proprietary to Synopsys, Inc. This software may only be used in accordance with the terms and conditions of a written license agreement with Synopsys, Inc. All other use, reproduction, or distribution of this software is strictly prohibited.
              /c 
              /c 
[12:00:21.86] /o 	############################################
[12:00:21.86] /o 	        Synopsys Generic 90nm iPDK          
[12:00:21.86] /o 	--------------------------------------------
[12:00:21.86] /o 	Release Date .............. : 11-May-2016    
[12:00:21.86] /o 	============================================
[12:00:21.86] /o 	        Recommended Tool Versions           
[12:00:21.86] /o 	--------------------------------------------
[12:00:21.86] /o 	Custom Designer ........... : J-2014.12-2    
[12:00:21.86] /o 	IC Validator .............. : K-2015.12   
[12:00:21.86] /o 	StarRC..................... : K-2015.12  
[12:00:21.86] /o 	--------------------------------------------
[12:00:21.86] /o 	############################################
[12:00:21.86] /o 
[12:00:21.87] /o SAED PDK 90: Loaded callbacks
[12:00:21.88] /o SAED PDK 90: Loaded display resources
[12:00:21.89] /i ::sa::_backgroundSaeShell::signalProcessReady 1526756417
[12:00:21.89] /o saeInterBGSaeShell:  ::sa::_backgroundSaeShell::processReady 4
[12:03:49.90] /i ::sa::_backgroundSaeShell::exit
[12:03:49.90] /o saeInterBGSaeShell:  ::sa::_backgroundSaeShell::childFormallyExiting
[12:03:51.41] /m Information: License 'SAE' checked in. (LICENSE-004)
