[10:47:41.88] /o 
              /c                                 Custom Compiler 
              /c 
              /c               Version M-2017.03-SP1-1 for linux64 - Jun 29, 2017 
              /c 
              /c                     Copyright (c) 2004 - 2017 Synopsys, Inc.
              /c    This software and the associated documentation are proprietary to Synopsys,
              /c  Inc. This software may only be used in accordance with the terms and conditions
              /c  of a written license agreement with Synopsys, Inc. All other use, reproduction,
              /c             or distribution of this software is strictly prohibited.
              /c 
              /c Build  (OPT) Config 3718339 compiled on Thu Jun 29 08:54:37 2017 for RHEL64 6.6
              /c Invocation: /DCNFS/applications/synopsys/2017/app/customcompiler/M-2017.03-SP1-1/linux64/platform/bin/custom_compiler
              /c Execution time: Tue May 15 10:47:39 2018
              /c Host: linux60515
              /c Working directory: /DCNFS/users/student/sliu2/coen153/lab2
              /c 
[10:47:44.33] /r giShowFrameTabs true
[10:47:44.33] /r giWindowId 1
[10:47:44.33] /r giWindowGeometry 1040x800
[10:48:01.18] /# gi::pressButton {/scroll/scrollArea/scrollAreaInnerWidget/applications/dmLibraryManager} -in [gi::getWindows 1]
[10:48:01.19] /# 
[10:48:01.19] /i dm::openLibraryManager
[10:48:01.19] /r giWindowId 2
[10:48:01.19] /r giWindowGeometry 660x600+50+75
[10:48:01.24] /o oa:0x241b2a60
[10:48:04.27] /i gi::setCurrentIndex {libs} -index {SAED_PDK_90} -in [gi::getWindows 2]
[10:48:05.38] /i gi::setActiveWindow 1
[10:48:05.39] /i gi::setActiveWindow 1 -raise true
[10:48:21.73] /i gi::setActiveWindow 2
[10:48:21.73] /i gi::setActiveWindow 2 -raise true
[10:48:23.11] /i gi::setCurrentIndex {libs} -index {parasitics} -in [gi::getWindows 2]
[10:48:23.13] /i gi::setItemSelection {cellCategories} -index {All} -in [gi::getWindows 2]
[10:48:23.14] /i gi::setItemSelection {libs} -index {parasitics} -in [gi::getWindows 2]
[10:48:28.98] /# gi::executeAction dmShowNewCell -in [gi::getWindows 2]
[10:48:28.98] /i dm::showNewCell -parent 2
[10:48:29.01] /o oa:0x2424e480
[10:48:29.03] /i gi::setActiveDialog [gi::getDialogs {dmNewCell} -parent [gi::getWindows 2]]
[10:48:29.33] /i db::setAttr geometry -of [gi::getDialogs {dmNewCell} -parent [gi::getWindows 2]] -value 448x227+735+385
[10:48:37.51] /i gi::setField {libsFilter} -value {lab6} -in [gi::getDialogs {dmNewCell} -parent [gi::getWindows 2]]
[10:48:37.51] /i gi::pressButton {ok} -in [gi::getDialogs {dmNewCell} -parent [gi::getWindows 2]]
[10:48:37.51] /e Error: The requested action could not be completed because one or more inputs are incomplete or invalid. (CUSTOM_WIDGETS-001)
[10:48:39.02] /i gi::sortItems {libs} -column {Libraries} -order {descending} -in [gi::getDialogs {dmNewCell} -parent [gi::getWindows 2]]
[10:48:46.07] /i gi::pressButton {cancel} -in [gi::getDialogs {dmNewCell} -parent [gi::getWindows 2]]
[10:48:47.52] /# gi::executeAction dmShowNewLibrary -in [gi::getWindows 2]
[10:48:47.52] /i dm::showNewLibrary -parent 2
[10:48:47.56] /o oa:0x242bd3d0
[10:48:47.58] /i gi::setActiveDialog [gi::getDialogs {dmNewLibrary} -parent [gi::getWindows 2]]
[10:48:47.87] /i db::setAttr geometry -of [gi::getDialogs {dmNewLibrary} -parent [gi::getWindows 2]] -value 446x479+736+301
[10:48:56.32] /i gi::setField {libName} -value {lab6} -in [gi::getDialogs {dmNewLibrary} -parent [gi::getWindows 2]]
[10:48:56.77] /i gi::pressButton {libDirBrowse} -in [gi::getDialogs {dmNewLibrary} -parent [gi::getWindows 2]]
[10:48:58.68] /r giFileDialog accept lab2
[10:49:00.23] /i gi::pressButton {ok} -in [gi::getDialogs {dmNewLibrary} -parent [gi::getWindows 2]]
[10:49:00.25] /# dm::createLib lab6 -path {lab2/lab6} -dmSystem oaDMFileSys
[10:49:02.00] /# db::attachTech [oa::LibFind [ oa::ScalarName [oa::CdbaNS] lab6]] -refLib [oa::LibFind [ oa::ScalarName [oa::CdbaNS] SAED\_PDK\_90]]
[10:49:02.01] /o 	############################################
[10:49:02.01] /o 	        Synopsys Generic 90nm iPDK          
[10:49:02.01] /o 	--------------------------------------------
[10:49:02.01] /o 	Release Date .............. : 11-May-2016    
[10:49:02.01] /o 	============================================
[10:49:02.01] /o 	        Recommended Tool Versions           
[10:49:02.01] /o 	--------------------------------------------
[10:49:02.01] /o 	Custom Designer ........... : J-2014.12-2    
[10:49:02.01] /o 	IC Validator .............. : K-2015.12   
[10:49:02.01] /o 	StarRC..................... : K-2015.12  
[10:49:02.01] /o 	--------------------------------------------
[10:49:02.01] /o 	############################################
[10:49:02.01] /o 
[10:49:02.04] /o SAED PDK 90: Loaded callbacks
[10:49:02.04] /o SAED PDK 90: Loaded display resources
[10:49:07.83] /i gi::setCurrentIndex {libs} -index {lab6} -in [gi::getWindows 2]
[10:49:07.84] /i gi::setItemSelection {cellCategories} -index {All} -in [gi::getWindows 2]
[10:49:07.84] /i gi::setItemSelection {libs} -index {lab6} -in [gi::getWindows 2]
[10:49:10.69] /i db::setAttr geometry -of [gi::getFrames 1] -value 1040x824+785+211
[10:49:14.08] /# gi::executeAction dmShowNewCell -in [gi::getWindows 2]
[10:49:14.08] /i dm::showNewCell -parent 2
[10:49:14.11] /o oa:0x1e301b90
[10:49:14.13] /i gi::setActiveDialog [gi::getDialogs {dmNewCell} -parent [gi::getWindows 2]]
[10:49:14.42] /i db::setAttr geometry -of [gi::getDialogs {dmNewCell} -parent [gi::getWindows 2]] -value 448x227+735+385
[10:49:26.32] /i gi::pressButton {cancel} -in [gi::getDialogs {dmNewCell} -parent [gi::getWindows 2]]
[10:55:11.96] /i gi::setCurrentIndex {libs} -index {lab4} -in [gi::getWindows 2]
[10:55:11.96] /i gi::setItemSelection {cellCategories} -index {All} -in [gi::getWindows 2]
[10:55:11.97] /i gi::setItemSelection {libs} -index {lab4} -in [gi::getWindows 2]
[10:55:12.63] /i gi::setCurrentIndex {libs} -index {lab6} -in [gi::getWindows 2]
[10:55:12.63] /i gi::setItemSelection {cellCategories} -index {All} -in [gi::getWindows 2]
[10:55:12.63] /i gi::setItemSelection {libs} -index {lab6} -in [gi::getWindows 2]
[10:55:21.28] /i exit
[10:55:21.31] /r giDialog gi::setActiveDialog [gi::getDialogs {deExitDialog}]
[10:55:21.61] /r giDialog db::setAttr geometry -of [gi::getDialogs {deExitDialog}] -value 420x183+750+508
[10:55:22.85] /r giDialog gi::pressButton {ok} -in [gi::getDialogs {deExitDialog}]
[10:55:22.87] /i gi::setActiveWindow 1
[10:55:22.87] /i gi::setActiveWindow 1 -raise true
[10:55:23.05] /o Shutdown time: Tue May 15 10:55:23 2018
[10:55:23.05] /o Elapsed session real time: 7.68 minutes
[10:55:23.05] /o Session terminated. Log is at /DCNFS/users/student/sliu2/coen153/lab2/synopsys_custom/logs/ccompiler.sliu2.2018_5_15_104739_2179.log
