[10:58:29.23] /o 
              /c                                 Custom Compiler 
              /c 
              /c               Version M-2017.03-SP1-1 for linux64 - Jun 29, 2017 
              /c 
              /c                     Copyright (c) 2004 - 2017 Synopsys, Inc.
              /c    This software and the associated documentation are proprietary to Synopsys,
              /c  Inc. This software may only be used in accordance with the terms and conditions
              /c  of a written license agreement with Synopsys, Inc. All other use, reproduction,
              /c             or distribution of this software is strictly prohibited.
              /c 
              /c Build  (OPT) Config 3718339 compiled on Thu Jun 29 08:54:37 2017 for RHEL64 6.6
              /c Invocation: /DCNFS/applications/synopsys/2017/app/customcompiler/M-2017.03-SP1-1/linux64/platform/bin/custom_compiler
              /c Execution time: Tue May 15 10:58:27 2018
              /c Host: linux60515
              /c Working directory: /DCNFS/users/student/sliu2/coen153/lab2
              /c 
[10:58:32.57] /r giShowFrameTabs true
[10:58:32.57] /r giWindowId 1
[10:58:32.57] /r giWindowGeometry 1040x800
[10:58:40.47] /# gi::pressButton {/scroll/scrollArea/scrollAreaInnerWidget/applications/dmLibraryManager} -in [gi::getWindows 1]
[10:58:40.48] /# 
[10:58:40.48] /i dm::openLibraryManager
[10:58:40.48] /r giWindowId 2
[10:58:40.48] /r giWindowGeometry 660x600+50+75
[10:58:40.53] /o oa:0x23f184e0
[10:58:42.29] /i db::setAttr geometry -of [gi::getFrames 1] -value 1040x824+760+304
[10:58:42.81] /i gi::setCurrentIndex {libs} -index {lab6} -in [gi::getWindows 2]
[10:58:42.82] /i gi::setItemSelection {cellCategories} -index {All} -in [gi::getWindows 2]
[10:58:42.82] /i gi::setItemSelection {libs} -index {lab6} -in [gi::getWindows 2]
[10:58:43.76] /i gi::setCurrentIndex {cellCategories} -index {All} -in [gi::getWindows 2]
[10:58:45.78] /# gi::executeAction dmShowNewCell -in [gi::getWindows 2]
[10:58:45.78] /i dm::showNewCell -parent 2
[10:58:45.81] /o oa:0x23f88090
[10:58:45.82] /i gi::setActiveDialog [gi::getDialogs {dmNewCell} -parent [gi::getWindows 2]]
[10:58:46.12] /i db::setAttr geometry -of [gi::getDialogs {dmNewCell} -parent [gi::getWindows 2]] -value 448x227+1056+514
[10:58:56.62] /i gi::setField {cellName} -value {Half-Ader} -in [gi::getDialogs {dmNewCell} -parent [gi::getWindows 2]]
[10:58:56.62] /i gi::pressButton {ok} -in [gi::getDialogs {dmNewCell} -parent [gi::getWindows 2]]
[10:58:56.63] /# dm::createCell Half\-Ader -lib [ oa::LibFind [oa::ScalarName [oa::CdbaNS] lab6]]
[10:58:56.64] /# gi::setItemSelection {cells} -index {Half-Ader} -in [gi::getDialogs {dmNewCell} -parent [gi::getWindows 2]]
[10:58:58.96] /i gi::setCurrentIndex {cells} -index {Half-Ader} -in [gi::getWindows 2]
[10:58:58.97] /i gi::setItemSelection {cells} -index {Half-Ader} -in [gi::getWindows 2]
[10:59:00.72] /i gi::executeAction menuPreShow -in [gi::getWindows 2]
[10:59:00.72] /r giMenuAccess db::getNext [gi::getMenus dmCellViewContextMenu]
[10:59:01.81] /# gi::executeAction dmShowNewCellView -in [gi::getWindows 2]
[10:59:01.81] /i dm::showNewCellView -parent 2
[10:59:01.85] /o oa:0x23fa6150
[10:59:01.87] /i gi::setActiveDialog [gi::getDialogs {dmNewCellView} -parent [gi::getWindows 2]]
[10:59:02.16] /i db::setAttr geometry -of [gi::getDialogs {dmNewCellView} -parent [gi::getWindows 2]] -value 588x309+986+486
[10:59:05.25] /i gi::pressButton {ok} -in [gi::getDialogs {dmNewCellView} -parent [gi::getWindows 2]]
[10:59:05.26] /# db::getAttr viewType -of [dm::findCellView schematic -cell [dm::findCell Half\-Ader -lib [oa::LibFind [oa::ScalarName [oa::CdbaNS] lab6]]]]
[10:59:05.26] /# dm::createCellView schematic -cell [dm::findCell Half\-Ader -lib [ oa::LibFind [oa::ScalarName [oa::CdbaNS] lab6]]] -viewType schematic
[10:59:05.28] /# de::open [dm::findCellView schematic -cell [dm::findCell Half\-Ader -lib [oa::LibFind [oa::ScalarName [oa::CdbaNS] lab6]]]] -application seSchematic
[10:59:05.29] /m Information: License 'Schematic' checked out. (LICENSE-003)
[10:59:05.32] /o 	############################################
[10:59:05.32] /o 	        Synopsys Generic 90nm iPDK          
[10:59:05.32] /o 	--------------------------------------------
[10:59:05.32] /o 	Release Date .............. : 11-May-2016    
[10:59:05.32] /o 	============================================
[10:59:05.32] /o 	        Recommended Tool Versions           
[10:59:05.32] /o 	--------------------------------------------
[10:59:05.32] /o 	Custom Designer ........... : J-2014.12-2    
[10:59:05.32] /o 	IC Validator .............. : K-2015.12   
[10:59:05.32] /o 	StarRC..................... : K-2015.12  
[10:59:05.32] /o 	--------------------------------------------
[10:59:05.32] /o 	############################################
[10:59:05.32] /o 
[10:59:05.34] /o SAED PDK 90: Loaded callbacks
[10:59:05.35] /o SAED PDK 90: Loaded display resources
[10:59:05.41] /r giWindowId 3
[10:59:05.42] /r giWindowGeometry 1632x1035
[10:59:05.63] /m Information: 
[10:59:05.63] /o Checking "lab6/Half-Ader/schematic"
[10:59:05.63] /o No rule violations found in "lab6/Half-Ader/schematic"
[10:59:05.63] /m Information: Checking process is completed: marking the design violations
[10:59:05.63] /m Information: Marking of designs is completed
[10:59:23.59] /i db::setAttr geometry -of [gi::getFrames 1] -value 1040x824+942+276
[10:59:25.65] /i db::setAttr geometry -of [gi::getFrames 1] -value 1040x824+886+279
[10:59:45.79] /i db::setAttr geometry -of [gi::getFrames 1] -value 1040x824+624+245
[10:59:46.55] /i db::setAttr shown -of [gi::getAssistants dePropertyEditor -from [gi::getWindows 3]] -value false
[10:59:48.35] /i db::setAttr geometry -of [gi::getFrames 1] -value 1040x824+916+193
[11:01:27.83] /# gi::executeAction deSelectActive -in [gi::getWindows 3]
[11:01:27.83] /i he::deselectAll -context [db::getAttr hierarchy -of [db::getNext [de::getContexts -window 3]]]
[11:01:28.89] /# gi::executeAction seCreateInst -in [gi::getWindows 3]
[11:01:28.89] /i ise::createInst
[11:01:28.96] /i gi::setActiveDialog [gi::getDialogs {seCreateInst} -parent [gi::getWindows 3]]
[11:01:29.24] /i db::setAttr geometry -of [gi::getDialogs {seCreateInst}] -value 360x354+1256+360
[11:03:01.19] /i gi::pressButton {cancel} -in [gi::getDialogs {seCreateInst} -parent [gi::getWindows 3]]
[11:03:02.52] /i db::setAttr geometry -of [gi::getFrames 1] -value 1040x824+727+197
[11:03:03.03] /r giDialog gi::setActiveDialog [gi::getDialogs {giCloseFrame}]
[11:03:03.33] /r giDialog db::setAttr geometry -of [gi::getDialogs {giCloseFrame}] -value 297x113+1099+433
[11:03:03.85] /r giDialog gi::pressButton {giCloseTabsButton} -in [gi::getDialogs {giCloseFrame}]
[11:03:03.87] /i exit
[11:03:03.95] /r giDialog gi::setActiveDialog [gi::getDialogs {deExitDialog}]
[11:03:04.24] /r giDialog db::setAttr geometry -of [gi::getDialogs {deExitDialog}] -value 420x183+750+508
[11:03:05.00] /r giDialog gi::pressButton {ok} -in [gi::getDialogs {deExitDialog}]
[11:03:05.05] /i gi::setActiveWindow 2
[11:03:05.05] /i gi::setActiveWindow 2 -raise true
[11:03:05.20] /i gi::setActiveWindow 1
[11:03:05.20] /i gi::setActiveWindow 1 -raise true
[11:03:05.33] /o Shutdown time: Tue May 15 11:03:05 2018
[11:03:05.33] /o Elapsed session real time: 4.6 minutes
[11:03:05.33] /o Session terminated. Log is at /DCNFS/users/student/sliu2/coen153/lab2/synopsys_custom/logs/ccompiler.sliu2.2018_5_15_105827_4317.log
