[13:55:48.23] /o 
              /c                                 Custom Compiler 
              /c 
              /c               Version M-2017.03-SP1-1 for linux64 - Jun 29, 2017 
              /c 
              /c                     Copyright (c) 2004 - 2017 Synopsys, Inc.
              /c    This software and the associated documentation are proprietary to Synopsys,
              /c  Inc. This software may only be used in accordance with the terms and conditions
              /c  of a written license agreement with Synopsys, Inc. All other use, reproduction,
              /c             or distribution of this software is strictly prohibited.
              /c 
              /c Build  (OPT) Config 3718339 compiled on Thu Jun 29 08:54:37 2017 for RHEL64 6.6
              /c Invocation: /DCNFS/applications/synopsys/2017/app/customcompiler/M-2017.03-SP1-1/linux64/platform/bin/custom_compiler
              /c Execution time: Tue Apr 17 13:55:46 2018
              /c Host: linux60515
              /c Working directory: /DCNFS/users/student/sliu2/coen153/lab2
              /c 
[13:55:51.29] /r giShowFrameTabs true
[13:55:51.29] /r giWindowId 1
[13:55:51.29] /r giWindowGeometry 1040x800
[13:55:53.08] /# gi::pressButton {/scroll/scrollArea/scrollAreaInnerWidget/applications/dmLibraryManager} -in [gi::getWindows 1]
[13:55:53.09] /# 
[13:55:53.09] /i dm::openLibraryManager
[13:55:53.09] /r giWindowId 2
[13:55:53.09] /r giWindowGeometry 660x600+50+75
[13:55:53.13] /o oa:0x23e27c70
[13:55:54.84] /i db::setAttr geometry -of [gi::getFrames 1] -value 1040x824+738+191
[13:55:55.95] /i db::setAttr geometry -of [gi::getFrames 1] -value 1040x824+680+209
[13:55:57.05] /i gi::setCurrentIndex {libs} -index {basic} -in [gi::getWindows 2]
[13:55:57.07] /i gi::setItemSelection {cellCategories} -index {All} -in [gi::getWindows 2]
[13:55:57.07] /i gi::setItemSelection {libs} -index {basic} -in [gi::getWindows 2]
[13:55:58.02] /i gi::setCurrentIndex {libs} -index {lab2} -in [gi::getWindows 2]
[13:55:58.02] /i gi::setItemSelection {cellCategories} -index {All} -in [gi::getWindows 2]
[13:55:58.03] /i gi::setItemSelection {libs} -index {lab2} -in [gi::getWindows 2]
[13:55:59.03] /i gi::setCurrentIndex {cells} -index {CMOS} -in [gi::getWindows 2]
[13:55:59.04] /i gi::setItemSelection {cells} -index {CMOS} -in [gi::getWindows 2]
[13:55:59.74] /i gi::setCurrentIndex {cells} -index {testbench_inverter} -in [gi::getWindows 2]
[13:55:59.75] /i gi::setItemSelection {cells} -index {testbench_inverter} -in [gi::getWindows 2]
[13:56:00.47] /i gi::setCurrentIndex {views} -index {schematic} -in [gi::getWindows 2]
[13:56:00.48] /i gi::setItemSelection {views} -index {schematic} -in [gi::getWindows 2]
[13:56:01.18] /i gi::executeAction dmOpen -in [gi::getWindows 2]
[13:56:01.20] /o 	############################################
[13:56:01.20] /o 	        Synopsys Generic 90nm iPDK          
[13:56:01.20] /o 	--------------------------------------------
[13:56:01.20] /o 	Release Date .............. : 11-May-2016    
[13:56:01.20] /o 	============================================
[13:56:01.20] /o 	        Recommended Tool Versions           
[13:56:01.20] /o 	--------------------------------------------
[13:56:01.20] /o 	Custom Designer ........... : J-2014.12-2    
[13:56:01.20] /o 	IC Validator .............. : K-2015.12   
[13:56:01.20] /o 	StarRC..................... : K-2015.12  
[13:56:01.20] /o 	--------------------------------------------
[13:56:01.20] /o 	############################################
[13:56:01.20] /o 
[13:56:01.22] /o SAED PDK 90: Loaded callbacks
[13:56:01.23] /o SAED PDK 90: Loaded display resources
[13:56:01.24] /m Information: License 'Schematic' checked out. (LICENSE-003)
[13:56:01.33] /r giWindowId 3
[13:56:01.33] /r giWindowGeometry 1632x1035
[13:56:01.52] /o "lab2/testbench_inverter/schematic" design does not need checking
[13:56:04.97] /# gi::executeAction seSchCheckSetup -in [gi::getWindows 3]
[13:56:04.97] /i se::showCheckOptions
[13:56:05.15] /o oa:0x24ea5280
[13:56:05.19] /i gi::setActiveDialog [gi::getDialogs {seSchCheckOptions} -parent [gi::getWindows 3]]
[13:56:05.47] /i db::setAttr geometry -of [gi::getDialogs {seSchCheckOptions} -parent [gi::getWindows 3]] -value 857x650+772+278
[13:56:08.76] /i gi::pressButton {cancel} -in [gi::getDialogs {seSchCheckOptions} -parent [gi::getWindows 3]]
[13:56:12.48] /# gi::executeAction seShowConsoleForWindow -in [gi::getWindows 3]
[13:56:12.48] /i sa::showConsole -context [db::getNext [de::getContexts -window 3]]
[13:56:14.83] /m Information: License 'SAE' checked out. (LICENSE-003)
[13:56:14.87] /r giWindowId 4
[13:56:14.88] /r giWindowGeometry 600x500
[13:56:14.95] /o oa:0x28e92930
[13:56:14.98] /m Information: Launching Background sae_shell Server Process "cd /DCNFS/users/student/sliu2/coen153/lab2 && sae_shell -log sae_shell_session0 -libDefFile /DCNFS/users/student/sliu2/coen153/lab2/lib.defs"
[13:56:18.57] /m Information: Received ready-for-commands signal from job 'sae_shell_session0' after 4 seconds.
[13:56:20.66] /i gi::setActiveWindow 3
[13:56:20.66] /i gi::setActiveWindow 3 -raise true
[13:56:23.74] /i gi::setActiveWindow 4
[13:56:23.74] /i gi::setActiveWindow 4 -raise true
[13:56:51.29] /i gi::setActiveWindow 3
[13:56:51.29] /i gi::setActiveWindow 3 -raise true
[13:57:00.70] /# gi::executeAction deSelectActive -in [gi::getWindows 3]
[13:57:00.70] /i he::deselectAll -context [db::getAttr hierarchy -of [db::getNext [de::getContexts -window 3]]]
[13:57:01.10] /# gi::executeAction deSelectActive -in [gi::getWindows 3]
[13:57:01.10] /i de::deselectAll [db::getNext [de::getContexts -window 3]]
[13:57:01.10] /i de::select [de::getActiveFigure [gi::getWindows 3] -point {1.25 1.18125} -index 0 -intent none]
[13:57:01.10] /o oa:0x2915e2d0
[13:57:04.57] /# gi::executeAction seDelete -in [gi::getWindows 3]
[13:57:04.57] /i ise::delete
[13:57:05.34] /# gi::executeAction deSelectActive -in [gi::getWindows 3]
[13:57:05.34] /i he::deselectAll -context [db::getAttr hierarchy -of [db::getNext [de::getContexts -window 3]]]
[13:57:05.61] /# gi::executeAction seCreateInst -in [gi::getWindows 3]
[13:57:05.61] /i ise::createInst
[13:57:05.67] /i gi::setActiveDialog [gi::getDialogs {seCreateInst} -parent [gi::getWindows 3]]
[13:57:05.97] /i db::setAttr geometry -of [gi::getDialogs {seCreateInst}] -value 360x354+1020+376
[13:57:09.12] /i gi::setField {instMasterLib} -value {analogLib} -in [gi::getDialogs {seCreateInst} -parent [gi::getWindows 3]]
[13:57:09.42] /i db::setAttr geometry -of [gi::getDialogs {seCreateInst}] -value 360x354+1020+376
[13:57:13.15] /i gi::setField {instMasterCell} -value {vdd} -in [gi::getDialogs {seCreateInst} -parent [gi::getWindows 3]]
[13:57:13.45] /i db::setAttr geometry -of [gi::getDialogs {seCreateInst}] -value 360x354+1020+376
[13:57:14.21] /# gi::executeAction deAddPoint -in [gi::getWindows 3]
[13:57:14.21] /i de::addPoint {1.76875 0.63125} -context [db::getNext [de::getContexts -window 3]]
[13:57:15.64] /w Warning: Nothing is bound to the 'End' in the current active set. (WINDOW-015)
[13:57:16.06] /# gi::executeAction seDelete -in [gi::getWindows 3]
[13:57:16.06] /i ise::delete
[13:57:16.68] /# gi::executeAction deAddPoint -in [gi::getWindows 3]
[13:57:16.68] /i de::addPoint {1.7375 0.725} -context [db::getNext [de::getContexts -window 3]]
[13:57:16.87] /# gi::executeAction seDelete -in [gi::getWindows 3]
[13:57:16.87] /i ise::delete
[13:57:18.07] /# gi::executeAction seCreateInst -in [gi::getWindows 3]
[13:57:18.07] /i ise::createInst
[13:57:18.11] /o seSchematic
[13:57:18.13] /i gi::setActiveDialog [gi::getDialogs {seCreateInst} -parent [gi::getWindows 3]]
[13:57:18.42] /i db::setAttr geometry -of [gi::getDialogs {seCreateInst}] -value 360x354+1021+404
[13:57:22.42] /i gi::setField {instMasterCell} -value {vdc} -in [gi::getDialogs {seCreateInst} -parent [gi::getWindows 3]]
[13:57:22.72] /i db::setAttr geometry -of [gi::getDialogs {seCreateInst}] -value 360x598+1021+404
[13:57:23.72] /# gi::executeAction deAddPoint -in [gi::getWindows 3]
[13:57:23.72] /i de::addPoint {2.475 0.70625} -context [db::getNext [de::getContexts -window 3]]
[13:57:24.36] /# gi::executeAction deAbortCommand -in [gi::getWindows 3]
[13:57:24.36] /i de::abortCommand -context [db::getNext [de::getContexts -window 3]]
[13:57:25.63] /# gi::executeAction deSelectActive -in [gi::getWindows 3]
[13:57:25.63] /i de::deselectAll [db::getNext [de::getContexts -window 3]]
[13:57:25.63] /i de::select [de::getActiveFigure [gi::getWindows 3] -point {2.5125 0.53125} -index 0 -intent none]
[13:57:25.63] /o oa:0x288f4e90
[13:57:26.90] /# gi::executeAction seButton1DragStart -in [gi::getWindows 3]
[13:57:26.90] /i ise::stretch -point {2.5 0.5625}
[13:57:28.20] /# gi::executeAction deEndDrag -in [gi::getWindows 3]
[13:57:28.20] /i de::endDrag {1.175 1.175} -context [db::getNext [de::getContexts -window 3]]
[13:57:31.89] /# gi::executeAction deSelectActive -in [gi::getWindows 3]
[13:57:31.89] /i de::cycleActiveFigure [gi::getWindows 3] -direction next
[13:57:31.89] /o oa:0x29268350
[13:57:33.56] /i gi::executeAction sePropertyEditorToggle -in [gi::getWindows 3]
[13:57:33.56] /# db::setAttr shown -of [gi::getAssistants dePropertyEditor -from [gi::getWindows 3]] -value true
[13:57:34.80] /i gi::setItemSelection {attributes} -index {name,all} -in [gi::getAssistants dePropertyEditor -from [gi::getWindows 3]]
[13:57:34.81] /i gi::setCurrentIndex {attributes} -index {name,Value} -in [gi::getAssistants dePropertyEditor -from [gi::getWindows 3]]
[13:57:39.87] /i gi::setField {attributes} -value {Vin} -index {name,Value} -in [gi::getAssistants dePropertyEditor -from [gi::getWindows 3]]
[13:57:39.87] /i gi::executeAction dePropertyEditorApplyChanges -in [gi::getAssistants dePropertyEditor -from [gi::getWindows 3]]
[13:57:42.03] /i db::setAttr shown -of [gi::getAssistants dePropertyEditor -from [gi::getWindows 3]] -value false
[13:57:42.90] /# gi::executeAction deSelectActive -in [gi::getWindows 3]
[13:57:42.90] /i de::deselectAll [db::getNext [de::getContexts -window 3]]
[13:57:42.90] /i he::deselectAll -context [db::getAttr hierarchy -of [db::getNext [de::getContexts -window 3]]]
[13:57:45.19] /# gi::executeAction seShowConsoleForWindow -in [gi::getWindows 3]
[13:57:45.19] /i sa::showConsole -context [db::getNext [de::getContexts -window 3]]
[13:57:45.19] /o oa:0x29266390
[13:57:48.28] /i db::setAttr geometry -of [gi::getFrames 1] -value 1040x824+875+261
[13:57:49.68] /i gi::setActiveDialog [gi::getDialogs {saEditAnalysesDialogXsaeSession0} -parent [gi::getWindows 4]]
[13:57:49.99] /i db::setAttr geometry -of [gi::getDialogs {saEditAnalysesDialogXsaeSession0} -parent [gi::getWindows 4]] -value 621x631+1085+344
[13:57:55.61] /i gi::setField {/analysesGroups/tabGeneral/analysisTypeSel/dc} -value {true} -in [gi::getDialogs {saEditAnalysesDialogXsaeSession0} -parent [gi::getWindows 4]]
[13:57:59.26] /i gi::pressButton {/analysesGroups/tabGeneral/anaPane/gsource} -in [gi::getDialogs {saEditAnalysesDialogXsaeSession0} -parent [gi::getWindows 4]]
[13:58:01.66] /i db::setAttr geometry -of [gi::getDialogs {saEditAnalysesDialogXsaeSession0} -parent [gi::getWindows 4]] -value 621x631+561+418
[13:58:05.02] /# gi::executeAction deAddPoint -in [gi::getWindows 3]
[13:58:05.02] /i de::addPoint {1.2125 1.29375} -context [db::getNext [de::getContexts -window 3]]
[13:58:05.33] /i de::commandOption acceptDelayedAddPoint
[13:58:07.39] /i db::setAttr geometry -of [gi::getDialogs {saEditAnalysesDialogXsaeSession0} -parent [gi::getWindows 4]] -value 621x631+712+420
[13:58:10.91] /i gi::setField {/analysesGroups/tabGeneral/anaPane/start} -value {0} -in [gi::getDialogs {saEditAnalysesDialogXsaeSession0} -parent [gi::getWindows 4]]
[13:58:11.87] /i gi::setField {/analysesGroups/tabGeneral/anaPane/stop} -value {1.2} -in [gi::getDialogs {saEditAnalysesDialogXsaeSession0} -parent [gi::getWindows 4]]
[13:58:13.97] /i gi::setField {/analysesGroups/tabGeneral/anaPane/stepSize} -value {.01} -in [gi::getDialogs {saEditAnalysesDialogXsaeSession0} -parent [gi::getWindows 4]]
[13:58:13.97] /i gi::pressButton {/ok} -in [gi::getDialogs {saEditAnalysesDialogXsaeSession0} -parent [gi::getWindows 4]]
[13:58:18.81] /i gi::setCurrentIndex {outputsTable} -index {0,1} -in [gi::getWindows 4]
[13:58:18.81] /i gi::setItemSelection {outputsTable} -index {} -in [gi::getWindows 4]
[13:58:18.81] /i gi::setItemSelection {outputsTable} -index {} -in [gi::getWindows 4]
[13:58:20.30] /i sa::selectOutputs -outputIndex 0 -window [gi::getWindows 4]
[13:58:24.88] /# gi::executeAction deAddPoint -in [gi::getWindows 3]
[13:58:24.88] /i de::addPoint {2.90625 1.34375} -context [db::getNext [de::getContexts -window 3]]
[13:58:27.88] /i gi::executeAction menuPreShow -in [gi::getWindows 4]
[13:58:27.89] /r giMenuAccess db::getNext [gi::getMenus saConsoleSimMenu -from [gi::getWindows 4]]
[13:58:28.54] /# gi::executeAction saNetlistAndRun -in [gi::getWindows 4]
[13:58:28.54] /i isa::netlistAndRun -testbench [sa::findActiveTestbench -window 4] -mode [expr {[sa::_utils::isTestSuite 4] ? "overwrite" : "new"}]
[13:58:28.60] /r giDialog gi::setActiveDialog [gi::getDialogs {xtShowDesignsPrompt}]
[13:58:28.60] /r giDialog gi::setCurrentIndex {target} -index {0,0} -in [gi::getDialogs {xtShowDesignsPrompt}]
[13:58:28.89] /r giDialog db::setAttr geometry -of [gi::getDialogs {xtShowDesignsPrompt}] -value 649x329+635+435
[13:58:29.60] /r giDialog gi::pressButton {ok} -in [gi::getDialogs {xtShowDesignsPrompt}]
[13:58:29.63] /m Information: 
[13:58:29.63] /o Checking "lab2/testbench_inverter/schematic"
[13:58:29.63] /o 	[warning] Floating Output Instance Pins
[13:58:29.63] /o 		Output pin 'Vout' of instance 'I0' is floating
[13:58:29.64] /o 0 Error(s),1 Warning(s),0 Message(s) found   in "lab2/testbench_inverter/schematic"
[13:58:29.64] /o No Design Integrity rule violations found in "lab2/testbench_inverter/schematic"
[13:58:29.64] /m Information: Checking process is completed: marking the design violations
[13:58:29.64] /m Information: Marking of designs is completed
[13:58:29.74] /m Information: "Starting incremental netlisting for design "lab2/testbench_inverter/schematic"..." (NETLISTING-010)
[13:58:29.80] /o No Design Integrity rule violations found in "lab2/testbench_inverter/schematic"
[13:58:29.90] /m Information: "lab2 testbench_inverter schematic" renetlisted. (NETLISTING-056)
[13:58:29.95] /m Information: "Netlisting design "lab2/testbench_inverter/schematic" finished successfully." (NETLISTING-012)
[13:58:29.97] /m Information: "Composing simulator input file for design "lab2/testbench_inverter/schematic"..."
[13:58:30.10] /m Information: "Simulator input file composed successfully for design "lab2/testbench_inverter/schematic""
[13:58:31.07] /r giWindowId 5
[13:58:31.08] /r giWindowGeometry 800x600
[13:58:31.22] /# gi::expand {jobMonitorTable} -index {0,0} -in [gi::getWindows 5]
[13:58:31.22] /# gi::expand {jobMonitorTable} -index {0.0,0} -in [gi::getWindows 5]
[13:58:31.22] /# gi::expand {jobMonitorTable} -index {0.0.1,0} -in [gi::getWindows 5]
[13:58:31.24] /m Information: "Starting HSPICE simulation for design: lab2/testbench_inverter/schematic"
[13:58:31.25] /# gi::collapse {jobMonitorTable} -index {0.0,0} -in [gi::getWindows 5]
[13:58:33.45] /o 1
[13:58:33.46] /i gi::expand {jobMonitorTable} -index {0.0,0} -in [gi::getWindows 5]
[13:58:34.00] /e Error: "Simulation failed for design: lab2/testbench_inverter/schematic "
[13:58:35.06] /m Information: Measurement calculations completed for testbench: default in 0s
[13:59:07.10] /i gi::setActiveWindow 4
[13:59:07.10] /i gi::setActiveWindow 4 -raise true
[13:59:13.51] /i gi::setCurrentIndex {analysisPane} -index {0,3} -in [gi::getWindows 4]
[13:59:13.52] /i gi::setItemSelection {analysisPane} -index {0,3} -in [gi::getWindows 4]
[13:59:13.86] /i gi::setActiveDialog [gi::getDialogs {saEditAnalysesDialogXsaeSession0} -parent [gi::getWindows 4]]
[13:59:14.15] /i db::setAttr geometry -of [gi::getDialogs {saEditAnalysesDialogXsaeSession0} -parent [gi::getWindows 4]] -value 621x631+712+420
[13:59:16.95] /i gi::pressButton {/ok} -in [gi::getDialogs {saEditAnalysesDialogXsaeSession0} -parent [gi::getWindows 4]]
[13:59:21.48] /i gi::executeAction menuPreShow -in [gi::getWindows 4]
[13:59:21.48] /r giMenuAccess db::getNext [gi::getMenus saVariablesMenu -from [gi::getWindows 4]]
[13:59:21.68] /i gi::executeAction menuPreShow -in [gi::getWindows 4]
[13:59:21.68] /r giMenuAccess db::getNext [gi::getMenus saConsoleSetupMenu -from [gi::getWindows 4]]
[13:59:21.71] /i gi::executeAction menuPreShow -in [gi::getWindows 4]
[13:59:21.71] /r giMenuAccess db::getNext [gi::getMenus saConsoleSessionMenu -from [gi::getWindows 4]]
[13:59:22.54] /i gi::executeAction menuPreShow -in [gi::getWindows 4]
[13:59:22.54] /r giMenuAccess db::getNext [gi::getMenus saConsoleSetupMenu -from [gi::getWindows 4]]
[13:59:25.28] /# gi::executeAction saEditModels -in [gi::getWindows 4]
[13:59:25.28] /i sa::showModelFiles -parent 4
[13:59:25.31] /i gi::setActiveDialog [gi::getDialogs {saModelFilesSetup} -parent [gi::getWindows 4]]
[13:59:25.62] /i db::setAttr geometry -of [gi::getDialogs {saModelFilesSetup} -parent [gi::getWindows 4]] -value 760x500+1159+371
[13:59:38.49] /i gi::setField {PathSelector} -value {$SAED90_PDK/hspice} -in [gi::getDialogs {saModelFilesSetup} -parent [gi::getWindows 4]]
[13:59:39.98] /i gi::setCurrentIndex {modelFilesTable} -index {0,1} -in [gi::getDialogs {saModelFilesSetup} -parent [gi::getWindows 4]]
[13:59:42.63] /r giFileDialog accept ../../../../../applications/synopsys/2017/app/SAED/SAED_PDK90nm/hspice/SAED90nm.lib
[13:59:42.63] /i gi::setField {modelFilesTable} -index {0,1} -value {/DCNFS/applications/synopsys/2017/app/SAED/SAED_PDK90nm/hspice/SAED90nm.lib} -in [gi::getDialogs {saModelFilesSetup} -parent [gi::getWindows 4]]
[13:59:42.64] /i gi::setField {modelFilesTable} -index {0,1} -value {SAED90nm.lib} -in [gi::getDialogs {saModelFilesSetup} -parent [gi::getWindows 4]]
[13:59:43.70] /i gi::setCurrentIndex {modelFilesTable} -index {0,2} -in [gi::getDialogs {saModelFilesSetup} -parent [gi::getWindows 4]]
[13:59:43.70] /i gi::setItemSelection {modelFilesTable} -index {0,2} -in [gi::getDialogs {saModelFilesSetup} -parent [gi::getWindows 4]]
[13:59:47.31] /i gi::setField {modelFilesTable} -index {0,2} -value {TT_12} -in [gi::getDialogs {saModelFilesSetup} -parent [gi::getWindows 4]]
[13:59:47.31] /i gi::pressButton {ok} -in [gi::getDialogs {saModelFilesSetup} -parent [gi::getWindows 4]]
[13:59:48.37] /i gi::executeAction menuPreShow -in [gi::getWindows 4]
[13:59:48.37] /r giMenuAccess db::getNext [gi::getMenus saConsoleSimMenu -from [gi::getWindows 4]]
[13:59:49.01] /# gi::executeAction saNetlistAndRun -in [gi::getWindows 4]
[13:59:49.01] /i isa::netlistAndRun -testbench [sa::findActiveTestbench -window 4] -mode [expr {[sa::_utils::isTestSuite 4] ? "overwrite" : "new"}]
[13:59:49.07] /m Information: "Starting incremental netlisting for design "lab2/testbench_inverter/schematic"..." (NETLISTING-010)
[13:59:49.12] /o No Design Integrity rule violations found in "lab2/testbench_inverter/schematic"
[13:59:49.22] /m Information: "Netlisting design "lab2/testbench_inverter/schematic" finished successfully." (NETLISTING-012)
[13:59:49.24] /m Information: "Composing simulator input file for design "lab2/testbench_inverter/schematic"..."
[13:59:49.36] /m Information: "Simulator input file composed successfully for design "lab2/testbench_inverter/schematic""
[13:59:50.39] /m Information: "Starting HSPICE simulation for design: lab2/testbench_inverter/schematic"
[13:59:50.40] /# gi::collapse {jobMonitorTable} -index {0.0,0} -in [gi::getWindows 5]
[13:59:50.51] /o 1
[13:59:50.51] /i gi::expand {jobMonitorTable} -index {0.0,0} -in [gi::getWindows 5]
[13:59:51.11] /m Information: "Simulation completed successfully for design: lab2/testbench_inverter/schematic "
[13:59:51.97] /m Information: "Evaluating and plotting outputs..."
[13:59:52.09] /m Information: Started sharing "Custom WaveView ADV" license. (WAVEFORM-110)
[13:59:52.12] /m Information: Launching Waveform Viewer "cd /DCNFS/users/student/sliu2/simulation/lab2/testbench_inverter/schematic/HSPICE/nominal/results &&  wv -k -cdesigner -spxkey /DCNFS/applications/synopsys/2017/app/customcompiler/M-2017.03-SP1-1/auxx/waveform/sae.spxkey -spxrc /tmp/sae_spxrc_Ajkm4B -unique_string 23dd5f9c4af48b41be5a1c6584dd0427fd7b55f65afc074d1433137efe52ece5c16bb121c1b152c4 -lic_type 2    > /DCNFS/users/student/sliu2/simulation/lab2/testbench_inverter/schematic/HSPICE/nominal/results/viewer.log 2>&1"
[13:59:52.12] /i gi::collapse {jobMonitorTable} -index {0.0,0} -in [gi::getWindows 5]
[13:59:52.15] /i gi::expand {jobMonitorTable} -index {0.0,0} -in [gi::getWindows 5]
[13:59:52.49] /m Information: Measurement calculations completed for testbench: default in 0s
[13:59:52.97] /j ::wf::WaveView::plotSuccess WaveView_1 {} {_64af590_void_pp _656ec10_void_pp} 
[14:01:27.23] /i db::setAttr iconified -of [gi::getFrames 1] -value true
[14:01:47.55] /i db::setAttr iconified -of [gi::getFrames 1] -value false
[14:02:03.93] /i gi::setActiveWindow 4
[14:02:03.93] /i gi::setActiveWindow 4 -raise true
[14:02:08.02] /# gi::executeAction saShowEditAnalyses -in [gi::getWindows 4]
[14:02:08.02] /i sa::showEditAnalyses -parent 4 -analysisName "" 
[14:02:08.22] /o oa:0x23e49200
[14:02:08.27] /i gi::setActiveDialog [gi::getDialogs {saEditAnalysesDialogXsaeSession0} -parent [gi::getWindows 4]]
[14:02:08.55] /i db::setAttr geometry -of [gi::getDialogs {saEditAnalysesDialogXsaeSession0} -parent [gi::getWindows 4]] -value 621x631+712+420
[14:02:09.09] /i gi::setField {/analysesGroups/tabGeneral/analysisTypeSel/op} -value {true} -in [gi::getDialogs {saEditAnalysesDialogXsaeSession0} -parent [gi::getWindows 4]]
[14:02:12.04] /i gi::setField {/eg/enabled} -value {true} -in [gi::getDialogs {saEditAnalysesDialogXsaeSession0} -parent [gi::getWindows 4]]
[14:02:14.29] /i gi::pressButton {/ok} -in [gi::getDialogs {saEditAnalysesDialogXsaeSession0} -parent [gi::getWindows 4]]
[14:02:15.65] /i gi::executeAction menuPreShow -in [gi::getWindows 4]
[14:02:15.65] /r giMenuAccess db::getNext [gi::getMenus saConsoleSimMenu -from [gi::getWindows 4]]
[14:02:16.22] /# gi::executeAction saNetlistAndRun -in [gi::getWindows 4]
[14:02:16.22] /i isa::netlistAndRun -testbench [sa::findActiveTestbench -window 4] -mode [expr {[sa::_utils::isTestSuite 4] ? "overwrite" : "new"}]
[14:02:16.29] /m Information: "Starting incremental netlisting for design "lab2/testbench_inverter/schematic"..." (NETLISTING-010)
[14:02:16.33] /o No Design Integrity rule violations found in "lab2/testbench_inverter/schematic"
[14:02:16.43] /m Information: "Netlisting design "lab2/testbench_inverter/schematic" finished successfully." (NETLISTING-012)
[14:02:16.45] /m Information: "Composing simulator input file for design "lab2/testbench_inverter/schematic"..."
[14:02:16.56] /m Information: "Simulator input file composed successfully for design "lab2/testbench_inverter/schematic""
[14:02:17.48] /m Information: "Starting HSPICE simulation for design: lab2/testbench_inverter/schematic"
[14:02:17.48] /# gi::collapse {jobMonitorTable} -index {0.0,0} -in [gi::getWindows 5]
[14:02:17.58] /o 1
[14:02:17.58] /i gi::expand {jobMonitorTable} -index {0.0,0} -in [gi::getWindows 5]
[14:02:18.10] /m Information: "Simulation completed successfully for design: lab2/testbench_inverter/schematic "
[14:02:18.87] /m Information: "Evaluating and plotting outputs..."
[14:02:19.06] /j ::wf::WaveView::plotSuccess WaveView_1 {} {_6585b90_void_pp _656ec10_void_pp} 
[14:02:19.20] /m Information: Measurement calculations completed for testbench: default in 0s
[14:02:19.89] /i gi::setActiveWindow 4
[14:02:19.89] /i gi::setActiveWindow 4 -raise true
[14:02:20.85] /i gi::setActiveWindow 5
[14:02:20.85] /i gi::setActiveWindow 5 -raise true
[14:02:21.61] /i gi::setActiveWindow 4
[14:02:21.61] /i gi::setActiveWindow 4 -raise true
[14:02:24.56] /i gi::executeAction menuPreShow -in [gi::getWindows 4]
[14:02:24.56] /r giMenuAccess db::getNext [gi::getMenus saVariablesMenu -from [gi::getWindows 4]]
[14:02:24.77] /i gi::executeAction menuPreShow -in [gi::getWindows 4]
[14:02:24.77] /r giMenuAccess db::getNext [gi::getMenus saConsoleSetupMenu -from [gi::getWindows 4]]
[14:02:25.14] /i gi::executeAction menuPreShow -in [gi::getWindows 4]
[14:02:25.14] /r giMenuAccess db::getNext [gi::getMenus saConsoleSessionMenu -from [gi::getWindows 4]]
[14:02:25.62] /i gi::executeAction menuPreShow -in [gi::getWindows 4]
[14:02:25.62] /r giMenuAccess db::getNext [gi::getMenus saConsoleSetupMenu -from [gi::getWindows 4]]
[14:02:25.65] /i gi::executeAction menuPreShow -in [gi::getWindows 4]
[14:02:25.65] /r giMenuAccess db::getNext [gi::getMenus saVariablesMenu -from [gi::getWindows 4]]
[14:02:26.01] /i gi::executeAction menuPreShow -in [gi::getWindows 4]
[14:02:26.01] /r giMenuAccess db::getNext [gi::getMenus saConsoleOutputsMenu -from [gi::getWindows 4]]
[14:02:26.04] /i gi::executeAction menuPreShow -in [gi::getWindows 4]
[14:02:26.04] /r giMenuAccess db::getNext [gi::getMenus saConsoleSimMenu -from [gi::getWindows 4]]
[14:02:26.09] /i gi::executeAction menuPreShow -in [gi::getWindows 4]
[14:02:26.09] /r giMenuAccess db::getNext [gi::getMenus saResultsMenu -from [gi::getWindows 4]]
[14:02:27.17] /i gi::executeAction menuPreShow -in [gi::getWindows 4]
[14:02:27.17] /r giMenuAccess db::getAttr menu -of [db::getNext [gi::getActions saAnnotateCascade -from [db::getNext [gi::getMenus saResultsMenu -from [gi::getWindows 4]]]]]
[14:02:27.79] /i gi::executeAction menuPreShow -in [gi::getWindows 4]
[14:02:27.79] /r giMenuAccess db::getAttr menu -of [db::getNext [gi::getActions saPlotSignalCascade -from [db::getNext [gi::getMenus saResultsMenu -from [gi::getWindows 4]]]]]
[14:02:30.59] /i gi::executeAction menuPreShow -in [gi::getWindows 4]
[14:02:30.59] /r giMenuAccess db::getAttr menu -of [db::getNext [gi::getActions saPlotSignalCascade -from [db::getNext [gi::getMenus saResultsMenu -from [gi::getWindows 4]]]]]
[14:02:30.85] /i gi::executeAction menuPreShow -in [gi::getWindows 4]
[14:02:30.85] /r giMenuAccess db::getAttr menu -of [db::getNext [gi::getActions saPrintCascade -from [db::getNext [gi::getMenus saResultsMenu -from [gi::getWindows 4]]]]]
[14:02:35.89] /# gi::executeAction saPrintOp -in [gi::getWindows 4]
[14:02:35.89] /i sa::showOpPoints -parent 4
[14:02:35.89] /m Information: Started processing Op Points results for testbench default
[14:02:36.13] /m Information: Finished processing Op Points results for testbench default
[14:02:36.13] /r giWindowId 6
[14:02:36.15] /r giWindowGeometry 100x100
[14:02:36.32] /o oa:0x29eaf1a0
[14:02:40.73] /i db::setAttr geometry -of [gi::getFrames 1] -value 1040x824+301+241
[14:02:52.16] /i db::setAttr iconified -of [gi::getFrames 1] -value true
[14:03:04.37] /i db::setAttr iconified -of [gi::getFrames 1] -value false
[14:03:09.91] /i db::setAttr iconified -of [gi::getFrames 1] -value true
[14:03:18.17] /i db::setAttr iconified -of [gi::getFrames 1] -value false
[14:03:22.65] /i db::setAttr iconified -of [gi::getFrames 1] -value true
[14:03:26.73] /i db::setAttr iconified -of [gi::getFrames 1] -value false
[14:04:05.18] /i db::setAttr iconified -of [gi::getFrames 1] -value true
[14:04:36.26] /i db::setAttr iconified -of [gi::getFrames 1] -value false
[14:05:04.57] /i db::setAttr iconified -of [gi::getFrames 1] -value true
[14:05:19.40] /i db::setAttr iconified -of [gi::getFrames 1] -value false
[14:06:35.32] /i db::setAttr iconified -of [gi::getFrames 1] -value true
[14:06:42.68] /i db::setAttr iconified -of [gi::getFrames 1] -value false
[14:06:47.10] /i db::setAttr iconified -of [gi::getFrames 1] -value true
[14:06:49.91] /i db::setAttr iconified -of [gi::getFrames 1] -value false
[14:07:05.47] /i gi::setActiveWindow 5
[14:07:05.47] /i gi::setActiveWindow 5 -raise true
[14:07:06.36] /i gi::setActiveWindow 4
[14:07:06.36] /i gi::setActiveWindow 4 -raise true
[14:07:07.15] /i gi::executeAction menuPreShow -in [gi::getWindows 4]
[14:07:07.15] /r giMenuAccess db::getNext [gi::getMenus saConsoleSimMenu -from [gi::getWindows 4]]
[14:07:08.06] /# gi::executeAction saNetlistAndRun -in [gi::getWindows 4]
[14:07:08.06] /i isa::netlistAndRun -testbench [sa::findActiveTestbench -window 4] -mode [expr {[sa::_utils::isTestSuite 4] ? "overwrite" : "new"}]
[14:07:08.13] /m Information: "Starting incremental netlisting for design "lab2/testbench_inverter/schematic"..." (NETLISTING-010)
[14:07:08.18] /o No Design Integrity rule violations found in "lab2/testbench_inverter/schematic"
[14:07:08.27] /m Information: "Netlisting design "lab2/testbench_inverter/schematic" finished successfully." (NETLISTING-012)
[14:07:08.29] /m Information: "Composing simulator input file for design "lab2/testbench_inverter/schematic"..."
[14:07:08.40] /m Information: "Simulator input file composed successfully for design "lab2/testbench_inverter/schematic""
[14:07:09.54] /m Information: "Starting HSPICE simulation for design: lab2/testbench_inverter/schematic"
[14:07:09.55] /# gi::collapse {jobMonitorTable} -index {0.0,0} -in [gi::getWindows 5]
[14:07:09.66] /o 1
[14:07:09.66] /i gi::expand {jobMonitorTable} -index {0.0,0} -in [gi::getWindows 5]
[14:07:10.36] /m Information: "Simulation completed successfully for design: lab2/testbench_inverter/schematic "
[14:07:11.25] /m Information: "Evaluating and plotting outputs..."
[14:07:11.34] /j ::wf::WaveView::plotSuccess WaveView_1 {} {_65ee1f0_void_pp _656ec10_void_pp} 
[14:07:11.68] /m Information: Measurement calculations completed for testbench: default in 0s
[14:10:59.61] /i db::setAttr iconified -of [gi::getFrames 1] -value true
[14:11:27.38] /i db::setAttr iconified -of [gi::getFrames 1] -value false
[14:11:40.13] /i db::setAttr iconified -of [gi::getFrames 1] -value true
[14:12:03.26] /i db::setAttr iconified -of [gi::getFrames 1] -value false
[14:12:16.29] /m Information: Stopped sharing "Custom WaveView ADV" license. (WAVEFORM-111)
[14:13:43.54] /i db::setAttr iconified -of [gi::getFrames 1] -value true
[14:14:42.95] /i db::setAttr iconified -of [gi::getFrames 1] -value false
[14:15:30.96] /i db::setAttr iconified -of [gi::getFrames 1] -value true
[14:16:21.49] /i db::setAttr iconified -of [gi::getFrames 1] -value false
[14:18:40.81] /i db::setAttr iconified -of [gi::getFrames 1] -value true
[14:18:48.87] /i db::setAttr iconified -of [gi::getFrames 1] -value false
[14:18:55.29] /i db::setAttr iconified -of [gi::getFrames 1] -value true
[14:19:33.97] /i db::setAttr iconified -of [gi::getFrames 1] -value false
[14:19:37.59] /i gi::setActiveWindow 6
[14:19:37.59] /i gi::setActiveWindow 6 -raise true
[14:21:38.91] /i db::setAttr iconified -of [gi::getFrames 1] -value true
[14:21:44.34] /i db::setAttr iconified -of [gi::getFrames 1] -value false
[14:21:49.33] /i db::setAttr iconified -of [gi::getFrames 1] -value true
[14:22:07.19] /i db::setAttr iconified -of [gi::getFrames 1] -value false
[14:22:08.74] /i db::setAttr geometry -of [gi::getFrames 1] -value 1040x824+934+260
[14:26:45.72] /i db::setAttr iconified -of [gi::getFrames 1] -value true
[14:26:46.80] /i db::setAttr iconified -of [gi::getFrames 1] -value false
[14:26:46.81] /i gi::setCurrentIndex {/tabsGroup/groupmos/tableGroupmos/tablemos} -index {0,0} -in [gi::getWindows 6]
[14:26:47.91] /i db::setAttr iconified -of [gi::getFrames 1] -value true
[14:26:48.46] /i db::setAttr iconified -of [gi::getFrames 1] -value false
[14:27:05.88] /i db::setAttr iconified -of [gi::getFrames 1] -value true
[14:27:06.98] /i db::setAttr iconified -of [gi::getFrames 1] -value false
[14:27:08.90] /i gi::setActiveWindow 3
[14:27:08.90] /i gi::setActiveWindow 3 -raise true
[14:27:10.99] /i gi::setActiveWindow 2
[14:27:10.99] /i gi::setActiveWindow 2 -raise true
[14:27:12.07] /i gi::setActiveWindow 3
[14:27:12.07] /i gi::setActiveWindow 3 -raise true
[14:27:16.71] /i gi::setActiveWindow 4
[14:27:16.71] /i gi::setActiveWindow 4 -raise true
[14:27:18.17] /i gi::setActiveWindow 6
[14:27:18.17] /i gi::setActiveWindow 6 -raise true
[14:27:18.88] /i gi::setActiveWindow 5
[14:27:18.88] /i gi::setActiveWindow 5 -raise true
[14:27:19.57] /i gi::setActiveWindow 3
[14:27:19.57] /i gi::setActiveWindow 3 -raise true
[14:27:20.66] /i db::setAttr geometry -of [gi::getFrames 1] -value 1040x824+768+279
[14:29:11.57] /i db::setAttr iconified -of [gi::getFrames 1] -value true
[14:33:45.29] /i db::setAttr iconified -of [gi::getFrames 1] -value false
[14:33:51.27] /i db::setAttr iconified -of [gi::getFrames 1] -value true
[14:35:02.78] /i db::setAttr iconified -of [gi::getFrames 1] -value false
[14:36:02.44] /i db::setAttr iconified -of [gi::getFrames 1] -value true
[14:36:18.73] /i db::setAttr iconified -of [gi::getFrames 1] -value false
[14:36:24.62] /i gi::setActiveWindow 6
[14:36:24.62] /i gi::setActiveWindow 6 -raise true
[14:36:25.93] /i db::setAttr geometry -of [gi::getFrames 1] -value 1040x824+394+146
[14:36:26.59] /i db::setAttr maximized -of [gi::getFrames 1] -value true
[14:36:26.90] /i db::setAttr geometry -of [gi::getFrames 1] -value 1910x1117+5+53
[14:36:52.82] /i db::setAttr iconified -of [gi::getFrames 1] -value true
[14:38:30.52] /i db::setAttr iconified -of [gi::getFrames 1] -value false
[14:38:35.01] /i gi::executeAction giCloseWindow -in [gi::getWindows 6]
[14:38:35.03] /e Error: "Following error happened during execution of ::sa::showOpPoints::_onPreWindowDestroyed procedure during TCL callback no such table: databaseProperties" (POSTMAN-005)
[14:38:35.04] /i gi::setActiveWindow 3
[14:38:35.04] /i gi::setActiveWindow 3 -raise true
[14:38:35.44] /i gi::executeAction giCloseWindow -in [gi::getWindows 5]
[14:38:36.49] /i gi::setActiveWindow 4
[14:38:36.50] /i gi::setActiveWindow 4 -raise true
[14:38:38.52] /r giDialog gi::setActiveDialog [gi::getDialogs {giCloseFrame}]
[14:38:38.82] /r giDialog db::setAttr geometry -of [gi::getDialogs {giCloseFrame}] -value 297x113+812+386
[14:38:40.16] /r giDialog gi::pressButton {giCloseTabsButton} -in [gi::getDialogs {giCloseFrame}]
[14:38:40.18] /i exit
[14:38:40.23] /r giDialog gi::setActiveDialog [gi::getDialogs {deExitDialog}]
[14:38:40.53] /r giDialog db::setAttr geometry -of [gi::getDialogs {deExitDialog}] -value 420x156+750+522
[14:38:42.36] /r giDialog gi::pressButton {ok} -in [gi::getDialogs {deExitDialog}]
[14:38:42.45] /r giDialog gi::setActiveDialog [gi::getDialogs {giPrompt} -parent [gi::getWindows 4]]
[14:38:42.75] /r giDialog db::setAttr geometry -of [gi::getDialogs {giPrompt} -parent [gi::getWindows 4]] -value 292x86+814+395
[14:38:43.52] /r giDialog gi::pressButton {save} -in [gi::getDialogs {giPrompt} -parent [gi::getWindows 4]]
[14:38:43.80] /r giDialog gi::setActiveDialog [gi::getDialogs {saShowSaveState} -parent [gi::getWindows 4]]
[14:38:44.10] /r giDialog db::setAttr geometry -of [gi::getDialogs {saShowSaveState} -parent [gi::getWindows 4]] -value 459x486+737+323
[14:38:46.36] /r giDialog gi::pressButton {/apply} -in [gi::getDialogs {saShowSaveState} -parent [gi::getWindows 4]]
[14:38:46.80] /r giDialog db::setAttr geometry -of [gi::getDialogs {saShowSaveState} -parent [gi::getWindows 4]] -value 501x516+737+323
[14:38:47.21] /r giDialog gi::pressButton {/ok} -in [gi::getDialogs {saShowSaveState} -parent [gi::getWindows 4]]
[14:38:47.34] /i gi::setActiveWindow 3
[14:38:47.34] /i gi::setActiveWindow 3 -raise true
[14:38:47.45] /i gi::setActiveWindow 2
[14:38:47.45] /i gi::setActiveWindow 2 -raise true
[14:38:47.57] /i gi::setActiveWindow 1
[14:38:47.57] /i gi::setActiveWindow 1 -raise true
[14:38:47.72] /o Shutdown time: Tue Apr 17 14:38:47 2018
[14:38:47.72] /o Elapsed session real time: 43 minutes
[14:38:47.72] /o Session terminated. Log is at /DCNFS/users/student/sliu2/coen153/lab2/synopsys_custom/logs/ccompiler.sliu2.2018_4_17_135546_15465.log
