[13:39:54.83] /o 
              /c                                 Custom Compiler 
              /c 
              /c               Version M-2017.03-SP1-1 for linux64 - Jun 29, 2017 
              /c 
              /c                     Copyright (c) 2004 - 2017 Synopsys, Inc.
              /c    This software and the associated documentation are proprietary to Synopsys,
              /c  Inc. This software may only be used in accordance with the terms and conditions
              /c  of a written license agreement with Synopsys, Inc. All other use, reproduction,
              /c             or distribution of this software is strictly prohibited.
              /c 
              /c Build  (OPT) Config 3718339 compiled on Thu Jun 29 08:54:37 2017 for RHEL64 6.6
              /c Invocation: /DCNFS/applications/synopsys/2017/app/customcompiler/M-2017.03-SP1-1/linux64/platform/bin/custom_compiler
              /c Execution time: Sat May  5 13:39:52 2018
              /c Host: linux60522
              /c Working directory: /DCNFS/users/student/sliu2/coen153/lab2
              /c 
[13:39:58.83] /r giShowFrameTabs true
[13:39:58.83] /r giWindowId 1
[13:39:58.83] /r giWindowGeometry 1040x800
[13:40:00.48] /# gi::pressButton {/scroll/scrollArea/scrollAreaInnerWidget/applications/dmLibraryManager} -in [gi::getWindows 1]
[13:40:00.49] /# 
[13:40:00.49] /i dm::openLibraryManager
[13:40:00.49] /r giWindowId 2
[13:40:00.49] /r giWindowGeometry 660x600+50+75
[13:40:00.53] /o oa:0x23d38ff0
[13:40:02.23] /i gi::setCurrentIndex {libs} -index {lab4} -in [gi::getWindows 2]
[13:40:02.24] /i gi::setItemSelection {cellCategories} -index {All} -in [gi::getWindows 2]
[13:40:02.25] /i gi::setItemSelection {libs} -index {lab4} -in [gi::getWindows 2]
[13:40:03.76] /i gi::setCurrentIndex {cells} -index {NAND} -in [gi::getWindows 2]
[13:40:03.81] /i gi::setItemSelection {cells} -index {NAND} -in [gi::getWindows 2]
[13:40:04.45] /i gi::setCurrentIndex {views} -index {symbol} -in [gi::getWindows 2]
[13:40:04.45] /i gi::setItemSelection {views} -index {symbol} -in [gi::getWindows 2]
[13:40:04.73] /i gi::executeAction dmOpen -in [gi::getWindows 2]
[13:40:04.74] /m Information: License 'Schematic' checked out. (LICENSE-003)
[13:40:04.79] /o 	############################################
[13:40:04.79] /o 	        Synopsys Generic 90nm iPDK          
[13:40:04.79] /o 	--------------------------------------------
[13:40:04.79] /o 	Release Date .............. : 11-May-2016    
[13:40:04.79] /o 	============================================
[13:40:04.79] /o 	        Recommended Tool Versions           
[13:40:04.79] /o 	--------------------------------------------
[13:40:04.79] /o 	Custom Designer ........... : J-2014.12-2    
[13:40:04.79] /o 	IC Validator .............. : K-2015.12   
[13:40:04.79] /o 	StarRC..................... : K-2015.12  
[13:40:04.79] /o 	--------------------------------------------
[13:40:04.79] /o 	############################################
[13:40:04.79] /o 
[13:40:04.82] /o SAED PDK 90: Loaded callbacks
[13:40:04.83] /o SAED PDK 90: Loaded display resources
[13:40:04.87] /r giWindowId 3
[13:40:04.87] /r giWindowGeometry 1632x1035
[13:40:06.18] /i db::setAttr maximized -of [gi::getFrames 1] -value true
[13:40:06.49] /i db::setAttr geometry -of [gi::getFrames 1] -value 1910x1117+5+53
[13:40:08.92] /# gi::executeAction dePan -in [gi::getWindows 3]
[13:40:08.92] /i ide::pan 3
[13:40:09.28] /# gi::executeAction deStartDrag -in [gi::getWindows 3]
[13:40:09.28] /i de::startDrag {0.6 0.34375} -context [db::getNext [de::getContexts -window 3]]
[13:40:09.82] /# gi::executeAction deEndDrag -in [gi::getWindows 3]
[13:40:09.82] /i de::endDrag {0.6 0.3375} -context [db::getNext [de::getContexts -window 3]]
[13:40:09.82] /r dePanToPoint {0.7625 -0.10625}
[13:40:10.12] /# gi::executeAction deCanvasZoomInAtPoint -in [gi::getWindows 3]
[13:40:10.12] /i de::zoom -window [gi::getWindows 3] -factor 2.0 -center {0.70625 0.20625}
[13:40:10.12] /o {-0.5 -0.6} {1.96875 0.69375}
[13:40:10.89] /# gi::executeAction deStartDrag -in [gi::getWindows 3]
[13:40:10.89] /i de::startDrag {0.65625 0.26875} -context [db::getNext [de::getContexts -window 3]]
[13:40:11.80] /# gi::executeAction deEndDrag -in [gi::getWindows 3]
[13:40:11.80] /i de::endDrag {0.65625 0.275} -context [db::getNext [de::getContexts -window 3]]
[13:40:11.80] /r dePanToPoint {0.6375 -0.05}
[13:40:41.48] /i db::setAttr iconified -of [gi::getFrames 1] -value true
[13:42:23.85] /i db::setAttr iconified -of [gi::getFrames 1] -value false
[13:43:22.69] /w Warning: Nothing is bound to the 'Meta-Tab' in the current active set. (WINDOW-015)
[13:43:25.40] /i gi::setActiveWindow 2
[13:43:25.40] /i gi::setActiveWindow 2 -raise true
[13:43:26.54] /i gi::setItemSelection {cells} -index {} -in [gi::getWindows 2]
[13:43:27.05] /i gi::setCurrentIndex {cells} -index {testbench_nand} -in [gi::getWindows 2]
[13:43:27.06] /i gi::setItemSelection {cells} -index {testbench_nand} -in [gi::getWindows 2]
[13:43:28.92] /i gi::setCurrentIndex {cells} -index {NAND} -in [gi::getWindows 2]
[13:43:28.93] /i gi::setItemSelection {cells} -index {NAND} -in [gi::getWindows 2]
[13:43:47.84] /i gi::setCurrentIndex {cellCategories} -index {Uncategorized} -in [gi::getWindows 2]
[13:43:47.85] /i gi::setItemSelection {cellCategories} -index {Uncategorized} -in [gi::getWindows 2]
[13:43:48.33] /i gi::setCurrentIndex {cells} -index {NAND} -in [gi::getWindows 2]
[13:43:48.34] /i gi::setItemSelection {cells} -index {NAND} -in [gi::getWindows 2]
[13:43:48.67] /i gi::setCurrentIndex {cells} -index {testbench_nand} -in [gi::getWindows 2]
[13:43:48.68] /i gi::setItemSelection {cells} -index {testbench_nand} -in [gi::getWindows 2]
[13:43:49.53] /i gi::setCurrentIndex {views} -index {schematic} -in [gi::getWindows 2]
[13:43:49.55] /i gi::setItemSelection {views} -index {schematic} -in [gi::getWindows 2]
[13:43:50.72] /i gi::executeAction dmOpen -in [gi::getWindows 2]
[13:43:50.82] /r giWindowId 4
[13:43:50.82] /r giWindowGeometry 1632x1035
[13:43:51.00] /o "lab4/testbench_nand/schematic" design does not need checking
[13:43:51.41] /i de::finishEvalTextRendering -window [gi::getWindows 4]
[13:46:41.16] /i gi::setActiveWindow 2
[13:46:41.16] /i gi::setActiveWindow 2 -raise true
[13:46:42.56] /i gi::setCurrentIndex {cells} -index {NAND} -in [gi::getWindows 2]
[13:46:42.58] /i gi::setItemSelection {cells} -index {NAND} -in [gi::getWindows 2]
[13:46:43.67] /i gi::setCurrentIndex {views} -index {schematic} -in [gi::getWindows 2]
[13:46:43.68] /i gi::setItemSelection {views} -index {schematic} -in [gi::getWindows 2]
[13:46:43.97] /i gi::executeAction dmOpen -in [gi::getWindows 2]
[13:46:44.09] /r giWindowId 5
[13:46:44.10] /r giWindowGeometry 1632x1035
[13:46:44.29] /o "lab4/NAND/schematic" design does not need checking
[13:46:44.35] /i gi::setActiveWindow 2
[13:46:44.35] /i gi::setActiveWindow 2 -raise true
[13:46:54.62] /i gi::setActiveWindow 3
[13:46:54.62] /i gi::setActiveWindow 3 -raise true
[13:46:57.63] /i gi::setActiveWindow 4
[13:46:57.63] /i gi::setActiveWindow 4 -raise true
[13:49:16.14] /# gi::executeAction deSelectActive -in [gi::getWindows 4]
[13:49:16.14] /i de::deselectAll [db::getNext [de::getContexts -window 4]]
[13:49:16.14] /i de::select [de::getActiveFigure [gi::getWindows 4] -point {1.4125 1.33125} -index 0 -intent none]
[13:49:16.14] /o oa:0x24f63190
[13:58:46.32] /# gi::executeAction seShowConsoleForWindow -in [gi::getWindows 4]
[13:58:46.32] /i sa::showConsole -context [db::getNext [de::getContexts -window 4]]
[13:58:49.24] /m Information: License 'SAE' checked out. (LICENSE-003)
[13:58:49.31] /r giWindowId 6
[13:58:49.33] /r giWindowGeometry 600x500
[13:58:49.45] /o oa:0x29baba50
[13:58:49.48] /m Information: Launching Background sae_shell Server Process "cd /DCNFS/users/student/sliu2/coen153/lab2 && sae_shell -log sae_shell_session0 -libDefFile /DCNFS/users/student/sliu2/coen153/lab2/lib.defs"
[13:58:49.50] /i gi::executeAction giCloseWindow -in [gi::getWindows 6]
[13:58:49.53] /i gi::setActiveWindow 4
[13:58:49.53] /i gi::setActiveWindow 4 -raise true
[13:58:49.55] /m Information: License 'SAE' checked in. (LICENSE-004)
[13:58:51.04] /i gi::setActiveWindow 3
[13:58:51.04] /i gi::setActiveWindow 3 -raise true
[13:58:51.76] /i gi::setActiveWindow 4
[13:58:51.76] /i gi::setActiveWindow 4 -raise true
[13:58:52.59] /i gi::setActiveWindow 5
[13:58:52.59] /i gi::setActiveWindow 5 -raise true
[13:58:53.14] /i gi::setActiveWindow 4
[13:58:53.14] /i gi::setActiveWindow 4 -raise true
[13:58:54.98] /# gi::executeAction seShowConsoleForWindow -in [gi::getWindows 4]
[13:58:54.98] /i sa::showConsole -context [db::getNext [de::getContexts -window 4]]
[13:58:54.98] /m Information: License 'SAE' checked out. (LICENSE-003)
[13:58:55.05] /r giWindowId 7
[13:58:55.07] /r giWindowGeometry 600x500
[13:58:55.17] /o oa:0x29e7c120
[13:58:55.19] /m Information: Launching Background sae_shell Server Process "cd /DCNFS/users/student/sliu2/coen153/lab2 && sae_shell -log sae_shell_session1 -libDefFile /DCNFS/users/student/sliu2/coen153/lab2/lib.defs"
[13:58:56.80] /i gi::setActiveDialog [gi::getDialogs {saEditAnalysesDialogXsaeSession1} -parent [gi::getWindows 7]]
[13:58:57.15] /i db::setAttr geometry -of [gi::getDialogs {saEditAnalysesDialogXsaeSession1} -parent [gi::getWindows 7]] -value 621x631+650+234
[13:58:58.97] /m Information: Received ready-for-commands signal from job 'sae_shell_session1' after 3 seconds.
[13:59:02.98] /i gi::pressButton {/cancel} -in [gi::getDialogs {saEditAnalysesDialogXsaeSession1} -parent [gi::getWindows 7]]
[14:04:55.76] /i gi::executeAction giCloseWindow -in [gi::getWindows 7]
[14:04:55.80] /i gi::setActiveWindow 4
[14:04:55.80] /i gi::setActiveWindow 4 -raise true
[14:04:55.84] /m Information: License 'SAE' checked in. (LICENSE-004)
[14:04:56.26] /i gi::executeAction giCloseWindow -in [gi::getWindows 3]
[14:05:03.48] /# gi::executeAction deSelectActive -in [gi::getWindows 4]
[14:05:03.48] /i de::deselectAll [db::getNext [de::getContexts -window 4]]
[14:05:03.48] /i he::deselectAll -context [db::getAttr hierarchy -of [db::getNext [de::getContexts -window 4]]]
[14:05:05.58] /# gi::executeAction seShowConsoleForWindow -in [gi::getWindows 4]
[14:05:05.58] /i sa::showConsole -context [db::getNext [de::getContexts -window 4]]
[14:05:05.59] /m Information: License 'SAE' checked out. (LICENSE-003)
[14:05:05.66] /r giWindowId 8
[14:05:05.67] /r giWindowGeometry 600x500
[14:05:05.78] /o oa:0x24642270
[14:05:05.80] /m Information: Launching Background sae_shell Server Process "cd /DCNFS/users/student/sliu2/coen153/lab2 && sae_shell -log sae_shell_session3 -libDefFile /DCNFS/users/student/sliu2/coen153/lab2/lib.defs"
[14:05:08.77] /i gi::setActiveDialog [gi::getDialogs {saEditAnalysesDialogXsaeSession2} -parent [gi::getWindows 8]]
[14:05:09.11] /i db::setAttr geometry -of [gi::getDialogs {saEditAnalysesDialogXsaeSession2} -parent [gi::getWindows 8]] -value 621x631+650+234
[14:05:10.23] /m Information: Received ready-for-commands signal from job 'sae_shell_session3' after 5 seconds.
[14:05:11.97] /i gi::setField {/analysesGroups/tabGeneral/anaPane/step} -value {10n} -in [gi::getDialogs {saEditAnalysesDialogXsaeSession2} -parent [gi::getWindows 8]]
[14:05:16.74] /i gi::setField {/analysesGroups/tabGeneral/anaPane/stop} -value {2u} -in [gi::getDialogs {saEditAnalysesDialogXsaeSession2} -parent [gi::getWindows 8]]
[14:05:16.77] /i gi::pressButton {/ok} -in [gi::getDialogs {saEditAnalysesDialogXsaeSession2} -parent [gi::getWindows 8]]
[14:05:16.86] /i gi::setCurrentIndex {analysisPane} -index {0,0} -in [gi::getWindows 8]
[14:05:17.59] /i gi::setCurrentIndex {outputsTable} -index {0,1} -in [gi::getWindows 8]
[14:05:17.59] /i gi::setItemSelection {outputsTable} -index {} -in [gi::getWindows 8]
[14:05:17.59] /i gi::setItemSelection {outputsTable} -index {} -in [gi::getWindows 8]
[14:05:18.79] /i sa::selectOutputs -outputIndex 0 -window [gi::getWindows 8]
[14:05:20.75] /# gi::executeAction deAddPoint -in [gi::getWindows 4]
[14:05:20.75] /i de::addPoint {3.1375 0.80625} -context [db::getNext [de::getContexts -window 4]]
[14:05:22.63] /i gi::setItemSelection {outputsTable} -index {} -in [gi::getWindows 8]
[14:05:22.63] /i gi::setItemSelection {outputsTable} -index {} -in [gi::getWindows 8]
[14:05:23.99] /i sa::selectOutputs -outputIndex 1 -window [gi::getWindows 8]
[14:05:25.13] /# gi::executeAction deAddPoint -in [gi::getWindows 4]
[14:05:25.13] /i de::addPoint {1.875 0.95} -context [db::getNext [de::getContexts -window 4]]
[14:05:26.06] /i gi::setCurrentIndex {outputsTable} -index {2,1} -in [gi::getWindows 8]
[14:05:26.06] /i gi::setItemSelection {outputsTable} -index {} -in [gi::getWindows 8]
[14:05:26.06] /i gi::setItemSelection {outputsTable} -index {} -in [gi::getWindows 8]
[14:05:27.10] /i sa::selectOutputs -outputIndex 2 -window [gi::getWindows 8]
[14:05:28.42] /# gi::executeAction deAddPoint -in [gi::getWindows 4]
[14:05:28.42] /i de::addPoint {1.89375 0.825} -context [db::getNext [de::getContexts -window 4]]
[14:05:29.27] /i gi::setCurrentIndex {outputsTable} -index {3,1} -in [gi::getWindows 8]
[14:05:29.27] /i gi::setItemSelection {outputsTable} -index {} -in [gi::getWindows 8]
[14:05:29.27] /i gi::setItemSelection {outputsTable} -index {} -in [gi::getWindows 8]
[14:05:30.51] /i sa::selectOutputs -outputIndex 3 -window [gi::getWindows 8]
[14:05:31.75] /# gi::executeAction deAddPoint -in [gi::getWindows 4]
[14:05:31.75] /i de::addPoint {1.8875 0.68125} -context [db::getNext [de::getContexts -window 4]]
[14:05:33.71] /i gi::executeAction menuPreShow -in [gi::getWindows 8]
[14:05:33.71] /r giMenuAccess db::getNext [gi::getMenus saConsoleSimMenu -from [gi::getWindows 8]]
[14:05:34.34] /# gi::executeAction saNetlistAndRun -in [gi::getWindows 8]
[14:05:34.34] /i isa::netlistAndRun -testbench [sa::findActiveTestbench -window 8] -mode [expr {[sa::_utils::isTestSuite 8] ? "overwrite" : "new"}]
[14:05:34.42] /m Information: "Starting incremental netlisting for design "lab4/testbench_nand/schematic"..." (NETLISTING-010)
[14:05:34.46] /o No Design Integrity rule violations found in "lab4/testbench_nand/schematic"
[14:05:34.66] /m Information: "Netlisting design "lab4/testbench_nand/schematic" finished successfully." (NETLISTING-012)
[14:05:34.68] /m Information: "Composing simulator input file for design "lab4/testbench_nand/schematic"..."
[14:05:34.83] /m Information: "Simulator input file composed successfully for design "lab4/testbench_nand/schematic""
[14:05:35.78] /r giWindowId 9
[14:05:35.79] /r giWindowGeometry 800x600
[14:05:35.89] /# gi::expand {jobMonitorTable} -index {0,0} -in [gi::getWindows 9]
[14:05:35.89] /# gi::expand {jobMonitorTable} -index {0.0,0} -in [gi::getWindows 9]
[14:05:35.89] /# gi::expand {jobMonitorTable} -index {0.0.1,0} -in [gi::getWindows 9]
[14:05:35.91] /m Information: "Starting HSPICE simulation for design: lab4/testbench_nand/schematic"
[14:05:35.92] /# gi::collapse {jobMonitorTable} -index {0.0,0} -in [gi::getWindows 9]
[14:05:36.01] /o 1
[14:05:36.01] /i gi::expand {jobMonitorTable} -index {0.0,0} -in [gi::getWindows 9]
[14:05:36.53] /e Error: "Simulation failed for design: lab4/testbench_nand/schematic "
[14:05:37.83] /m Information: Measurement calculations completed for testbench: default in 0s
[14:05:38.83] /i gi::setActiveWindow 8
[14:05:38.83] /i gi::setActiveWindow 8 -raise true
[14:05:39.81] /i gi::executeAction menuPreShow -in [gi::getWindows 8]
[14:05:39.81] /r giMenuAccess db::getNext [gi::getMenus saConsoleSetupMenu -from [gi::getWindows 8]]
[14:05:42.92] /# gi::executeAction saEditModels -in [gi::getWindows 8]
[14:05:42.92] /i sa::showModelFiles -parent 8
[14:05:42.96] /i gi::setActiveDialog [gi::getDialogs {saModelFilesSetup} -parent [gi::getWindows 8]]
[14:05:43.26] /i db::setAttr geometry -of [gi::getDialogs {saModelFilesSetup} -parent [gi::getWindows 8]] -value 760x500+737+261
[14:05:49.11] /i gi::setField {PathSelector} -value {$SAED90_PDK/hspice} -in [gi::getDialogs {saModelFilesSetup} -parent [gi::getWindows 8]]
[14:05:50.29] /i gi::setCurrentIndex {modelFilesTable} -index {0,1} -in [gi::getDialogs {saModelFilesSetup} -parent [gi::getWindows 8]]
[14:05:52.33] /r giFileDialog accept ../../../../../applications/synopsys/2017/app/SAED/SAED_PDK90nm/hspice/SAED90nm.lib
[14:05:52.33] /i gi::setField {modelFilesTable} -index {0,1} -value {/DCNFS/applications/synopsys/2017/app/SAED/SAED_PDK90nm/hspice/SAED90nm.lib} -in [gi::getDialogs {saModelFilesSetup} -parent [gi::getWindows 8]]
[14:05:52.34] /i gi::setField {modelFilesTable} -index {0,1} -value {SAED90nm.lib} -in [gi::getDialogs {saModelFilesSetup} -parent [gi::getWindows 8]]
[14:05:52.95] /i gi::setCurrentIndex {modelFilesTable} -index {1,2} -in [gi::getDialogs {saModelFilesSetup} -parent [gi::getWindows 8]]
[14:05:53.30] /i gi::setCurrentIndex {modelFilesTable} -index {0,2} -in [gi::getDialogs {saModelFilesSetup} -parent [gi::getWindows 8]]
[14:05:53.30] /i gi::setItemSelection {modelFilesTable} -index {0,2} -in [gi::getDialogs {saModelFilesSetup} -parent [gi::getWindows 8]]
[14:05:57.06] /i gi::setField {modelFilesTable} -index {0,2} -value {TT_12} -in [gi::getDialogs {saModelFilesSetup} -parent [gi::getWindows 8]]
[14:05:57.12] /i gi::pressButton {ok} -in [gi::getDialogs {saModelFilesSetup} -parent [gi::getWindows 8]]
[14:05:58.35] /i gi::executeAction menuPreShow -in [gi::getWindows 8]
[14:05:58.35] /r giMenuAccess db::getNext [gi::getMenus saConsoleSimMenu -from [gi::getWindows 8]]
[14:05:59.01] /# gi::executeAction saRun -in [gi::getWindows 8]
[14:05:59.01] /i isa::run -testbench [sa::findActiveTestbench -window 8] -mode [expr {[sa::_utils::isTestSuite 8] ? "overwrite" : "new"}]
[14:06:00.08] /m Information: "Composing simulator input file for design "lab4/testbench_nand/schematic"..."
[14:06:00.25] /m Information: "Simulator input file composed successfully for design "lab4/testbench_nand/schematic""
[14:06:01.14] /m Information: "Starting HSPICE simulation for design: lab4/testbench_nand/schematic"
[14:06:01.15] /# gi::collapse {jobMonitorTable} -index {0.0,0} -in [gi::getWindows 9]
[14:06:01.24] /i gi::expand {jobMonitorTable} -index {0.0,0} -in [gi::getWindows 9]
[14:06:01.26] /i gi::executeAction menuPreShow -in [gi::getWindows 8]
[14:06:01.26] /r giMenuAccess db::getNext [gi::getMenus saConsoleSimMenu -from [gi::getWindows 8]]
[14:06:01.87] /m Information: "Simulation completed successfully for design: lab4/testbench_nand/schematic "
[14:06:02.81] /m Information: "Evaluating and plotting outputs..."
[14:06:02.97] /m Information: Started sharing "Custom WaveView ADV" license. (WAVEFORM-110)
[14:06:03.02] /m Information: Launching Waveform Viewer "cd /DCNFS/users/student/sliu2/simulation/lab4/testbench_nand/schematic/HSPICE/nominal/results &&  wv -k -cdesigner -spxkey /DCNFS/applications/synopsys/2017/app/customcompiler/M-2017.03-SP1-1/auxx/waveform/sae.spxkey -spxrc /tmp/sae_spxrc_jAtuZ3 -unique_string 08d173c05a1049746bf4bcce139399a05ff66eba3f07939dc09352beadc075115a448bb7f717e2ea -lic_type 2    > /DCNFS/users/student/sliu2/simulation/lab4/testbench_nand/schematic/HSPICE/nominal/results/viewer.log 2>&1"
[14:06:03.02] /i gi::collapse {jobMonitorTable} -index {0.0,0} -in [gi::getWindows 9]
[14:06:03.04] /i gi::expand {jobMonitorTable} -index {0.0,0} -in [gi::getWindows 9]
[14:06:03.37] /m Information: Measurement calculations completed for testbench: default in 0s
[14:06:03.97] /j ::wf::WaveView::plotSuccess WaveView_1 {} {_662a7d0_void_pp _66ec230_void_pp} 
[14:06:03.99] /j ::wf::WaveView::plotSuccess WaveView_1 {} {_662a7d0_void_pp _66ec2f0_void_pp} 
[14:06:04.01] /j ::wf::WaveView::plotSuccess WaveView_1 {} {_662a7d0_void_pp _66ec3b0_void_pp} 
[14:06:04.03] /j ::wf::WaveView::plotSuccess WaveView_1 {} {_662a7d0_void_pp _66ec470_void_pp} 
[14:06:07.65] /m Information: Waveform viewer exited normally.
[14:06:08.40] /i gi::setActiveWindow 8
[14:06:08.41] /i gi::setActiveWindow 8 -raise true
[14:06:09.78] /i gi::executeAction menuPreShow -in [gi::getWindows 8]
[14:06:09.78] /r giMenuAccess db::getNext [gi::getMenus saConsoleSimMenu -from [gi::getWindows 8]]
[14:06:11.38] /i gi::executeAction menuPreShow -in [gi::getWindows 8]
[14:06:11.38] /r giMenuAccess db::getNext [gi::getMenus saResultsMenu -from [gi::getWindows 8]]
[14:06:11.68] /i gi::executeAction menuPreShow -in [gi::getWindows 8]
[14:06:11.68] /r giMenuAccess db::getNext [gi::getMenus saConsoleSimMenu -from [gi::getWindows 8]]
[14:06:12.25] /# gi::executeAction saNetlistAndRun -in [gi::getWindows 8]
[14:06:12.25] /i isa::netlistAndRun -testbench [sa::findActiveTestbench -window 8] -mode [expr {[sa::_utils::isTestSuite 8] ? "overwrite" : "new"}]
[14:06:12.31] /m Information: "Starting incremental netlisting for design "lab4/testbench_nand/schematic"..." (NETLISTING-010)
[14:06:12.36] /o No Design Integrity rule violations found in "lab4/testbench_nand/schematic"
[14:06:12.48] /m Information: "Netlisting design "lab4/testbench_nand/schematic" finished successfully." (NETLISTING-012)
[14:06:12.49] /m Information: "Composing simulator input file for design "lab4/testbench_nand/schematic"..."
[14:06:12.64] /m Information: "Simulator input file composed successfully for design "lab4/testbench_nand/schematic""
[14:06:13.51] /m Information: "Starting HSPICE simulation for design: lab4/testbench_nand/schematic"
[14:06:13.51] /# gi::collapse {jobMonitorTable} -index {0.0,0} -in [gi::getWindows 9]
[14:06:13.55] /o 1
[14:06:13.55] /i gi::expand {jobMonitorTable} -index {0.0,0} -in [gi::getWindows 9]
[14:06:14.13] /m Information: "Simulation completed successfully for design: lab4/testbench_nand/schematic "
[14:06:14.88] /m Information: "Evaluating and plotting outputs..."
[14:06:14.94] /m Information: Launching Waveform Viewer "cd /DCNFS/users/student/sliu2/simulation/lab4/testbench_nand/schematic/HSPICE/nominal/results &&  wv -k -cdesigner -spxkey /DCNFS/applications/synopsys/2017/app/customcompiler/M-2017.03-SP1-1/auxx/waveform/sae.spxkey -spxrc /tmp/sae_spxrc_ZSLvx0 -unique_string 08d173c05a1049746bf4bcce139399a05ff66eba3f07939dc09352beadc07511cef77b16843b62ef -lic_type 2    > /DCNFS/users/student/sliu2/simulation/lab4/testbench_nand/schematic/HSPICE/nominal/results/viewer.log 2>&1"
[14:06:14.94] /i gi::collapse {jobMonitorTable} -index {0.0,0} -in [gi::getWindows 9]
[14:06:14.97] /i gi::expand {jobMonitorTable} -index {0.0,0} -in [gi::getWindows 9]
[14:06:15.31] /m Information: Measurement calculations completed for testbench: default in 0s
[14:06:15.92] /j ::wf::WaveView::plotSuccess WaveView_2 {} {_5f84fe0_void_pp _6046490_void_pp} 
[14:06:15.94] /j ::wf::WaveView::plotSuccess WaveView_2 {} {_5f84fe0_void_pp _6046550_void_pp} 
[14:06:15.96] /j ::wf::WaveView::plotSuccess WaveView_2 {} {_5f84fe0_void_pp _6046610_void_pp} 
[14:06:15.98] /j ::wf::WaveView::plotSuccess WaveView_2 {} {_5f84fe0_void_pp _60466d0_void_pp} 
[14:07:18.35] /i gi::executeAction giCloseWindow -in [gi::getWindows 9]
[14:07:18.36] /i gi::setActiveWindow 8
[14:07:18.36] /i gi::setActiveWindow 8 -raise true
[14:07:21.99] /m Information: Waveform viewer exited normally.
[14:11:20.97] /m Information: Stopped sharing "Custom WaveView ADV" license. (WAVEFORM-111)
[14:21:26.54] /i db::setAttr iconified -of [gi::getFrames 1] -value true
[14:21:43.79] /i db::setAttr iconified -of [gi::getFrames 1] -value false
[14:21:50.36] /i db::setAttr iconified -of [gi::getFrames 1] -value true
[14:23:14.84] /i db::setAttr iconified -of [gi::getFrames 1] -value false
[14:23:38.19] /i db::setAttr iconified -of [gi::getFrames 1] -value true
[14:24:15.53] /i db::setAttr iconified -of [gi::getFrames 1] -value false
[14:24:22.18] /r giDialog gi::setActiveDialog [gi::getDialogs {giCloseFrame}]
[14:24:22.48] /r giDialog db::setAttr geometry -of [gi::getDialogs {giCloseFrame}] -value 297x113+812+386
[14:24:22.89] /r giDialog gi::pressButton {giCloseTabsButton} -in [gi::getDialogs {giCloseFrame}]
[14:24:22.91] /i exit
[14:24:22.97] /r giDialog gi::setActiveDialog [gi::getDialogs {deExitDialog}]
[14:24:23.26] /r giDialog db::setAttr geometry -of [gi::getDialogs {deExitDialog}] -value 420x183+750+508
[14:24:23.98] /r giDialog gi::pressButton {ok} -in [gi::getDialogs {deExitDialog}]
[14:24:24.07] /r giDialog gi::setActiveDialog [gi::getDialogs {giPrompt} -parent [gi::getWindows 8]]
[14:24:24.37] /r giDialog db::setAttr geometry -of [gi::getDialogs {giPrompt} -parent [gi::getWindows 8]] -value 292x86+814+395
[14:24:25.37] /r giDialog gi::pressButton {discard} -in [gi::getDialogs {giPrompt} -parent [gi::getWindows 8]]
[14:24:25.39] /i gi::setActiveWindow 4
[14:24:25.39] /i gi::setActiveWindow 4 -raise true
[14:24:25.43] /m Information: License 'SAE' checked in. (LICENSE-004)
[14:24:25.49] /i gi::setActiveWindow 5
[14:24:25.49] /i gi::setActiveWindow 5 -raise true
[14:24:25.66] /i gi::setActiveWindow 2
[14:24:25.66] /i gi::setActiveWindow 2 -raise true
[14:24:25.76] /i gi::setActiveWindow 1
[14:24:25.77] /i gi::setActiveWindow 1 -raise true
[14:24:25.92] /o Shutdown time: Sat May  5 14:24:25 2018
[14:24:25.92] /o Elapsed session real time: 44.51 minutes
[14:24:25.92] /o Session terminated. Log is at /DCNFS/users/student/sliu2/coen153/lab2/synopsys_custom/logs/ccompiler.sliu2.2018_5_5_133952_8945.log
