[14:05:02.66] /m Information: License 'SAE' checked out. (LICENSE-003)
[14:05:05.25] /o sae_shell Version Custom Compiler M-2017.03-SP1-1
              /c Build  (OPT) compiled on Thu Jun 29 08:54:37 2017 for RHEL64 6.6
              /c Execution time: Tue May  1 14:05:00 2018
              /c Host: linux60517
              /c 
              /c Copyright © 2004-2017 Synopsys, Inc.
              /c This software and the associated documentation are proprietary to Synopsys, Inc. This software may only be used in accordance with the terms and conditions of a written license agreement with Synopsys, Inc. All other use, reproduction, or distribution of this software is strictly prohibited.
              /c 
              /c 
[14:05:05.35] /o 	############################################
[14:05:05.35] /o 	        Synopsys Generic 90nm iPDK          
[14:05:05.35] /o 	--------------------------------------------
[14:05:05.35] /o 	Release Date .............. : 11-May-2016    
[14:05:05.35] /o 	============================================
[14:05:05.35] /o 	        Recommended Tool Versions           
[14:05:05.35] /o 	--------------------------------------------
[14:05:05.35] /o 	Custom Designer ........... : J-2014.12-2    
[14:05:05.35] /o 	IC Validator .............. : K-2015.12   
[14:05:05.35] /o 	StarRC..................... : K-2015.12  
[14:05:05.35] /o 	--------------------------------------------
[14:05:05.35] /o 	############################################
[14:05:05.35] /o 
[14:05:05.37] /o SAED PDK 90: Loaded callbacks
[14:05:05.37] /o SAED PDK 90: Loaded display resources
[14:05:05.39] /i ::sa::_backgroundSaeShell::signalProcessReady 1525208699
[14:05:05.39] /o saeInterBGSaeShell:  ::sa::_backgroundSaeShell::processReady 6
[14:07:25.28] /i ::sa::_backgroundSaeShell::runScript /DCNFS/users/student/sliu2/simulation/lab4/testbench_nand/schematic/HSPICE/nominal/.bg_measurement_script.tcl sa::_resultsDatabase::saeShellProcessingCompletedProc testSuiteName saeSession0 testbenchName default resultsDir /DCNFS/users/student/sliu2/simulation/lab4/testbench_nand/schematic/HSPICE/nominal/results testSuiteDir /DCNFS/users/student/sliu2/simulation/lab4/testbench_nand/schematic/HSPICE/nominal databaseName /DCNFS/users/student/sliu2/simulation/lab4/testbench_nand/schematic/HSPICE/nominal/resultsDatabase remoteRun {} testbenchId 1
[14:07:26.77] /m Information: Started sharing "Custom WaveView ADV" license. (WAVEFORM-110)
[14:07:26.81] /o saeInterBGSaeShell:  ::sa::_backgroundSaeShell::scriptFinished 1.5 {} sa::_resultsDatabase::saeShellProcessingCompletedProc testSuiteName saeSession0 testbenchName default resultsDir /DCNFS/users/student/sliu2/simulation/lab4/testbench_nand/schematic/HSPICE/nominal/results testSuiteDir /DCNFS/users/student/sliu2/simulation/lab4/testbench_nand/schematic/HSPICE/nominal databaseName /DCNFS/users/student/sliu2/simulation/lab4/testbench_nand/schematic/HSPICE/nominal/resultsDatabase remoteRun {} testbenchId 1
[14:07:26.81] /o false
[14:10:39.75] /i ::sa::_backgroundSaeShell::runScript /DCNFS/users/student/sliu2/simulation/lab4/testbench_nand/schematic/HSPICE/nominal/.bg_measurement_script.tcl sa::_resultsDatabase::saeShellProcessingCompletedProc testSuiteName saeSession0 testbenchName default resultsDir /DCNFS/users/student/sliu2/simulation/lab4/testbench_nand/schematic/HSPICE/nominal/results testSuiteDir /DCNFS/users/student/sliu2/simulation/lab4/testbench_nand/schematic/HSPICE/nominal databaseName /DCNFS/users/student/sliu2/simulation/lab4/testbench_nand/schematic/HSPICE/nominal/resultsDatabase remoteRun {} testbenchId 1
[14:10:40.07] /o saeInterBGSaeShell:  ::sa::_backgroundSaeShell::scriptFinished 0.3 {} sa::_resultsDatabase::saeShellProcessingCompletedProc testSuiteName saeSession0 testbenchName default resultsDir /DCNFS/users/student/sliu2/simulation/lab4/testbench_nand/schematic/HSPICE/nominal/results testSuiteDir /DCNFS/users/student/sliu2/simulation/lab4/testbench_nand/schematic/HSPICE/nominal databaseName /DCNFS/users/student/sliu2/simulation/lab4/testbench_nand/schematic/HSPICE/nominal/resultsDatabase remoteRun {} testbenchId 1
[14:10:40.07] /o false
[14:13:34.09] /i ::sa::_backgroundSaeShell::runScript /DCNFS/users/student/sliu2/simulation/lab4/testbench_nand/schematic/HSPICE/nominal/.bg_measurement_script.tcl sa::_resultsDatabase::saeShellProcessingCompletedProc testSuiteName saeSession0 testbenchName default resultsDir /DCNFS/users/student/sliu2/simulation/lab4/testbench_nand/schematic/HSPICE/nominal/results testSuiteDir /DCNFS/users/student/sliu2/simulation/lab4/testbench_nand/schematic/HSPICE/nominal databaseName /DCNFS/users/student/sliu2/simulation/lab4/testbench_nand/schematic/HSPICE/nominal/resultsDatabase remoteRun {} testbenchId 1
[14:13:34.40] /o saeInterBGSaeShell:  ::sa::_backgroundSaeShell::scriptFinished 0.3 {} sa::_resultsDatabase::saeShellProcessingCompletedProc testSuiteName saeSession0 testbenchName default resultsDir /DCNFS/users/student/sliu2/simulation/lab4/testbench_nand/schematic/HSPICE/nominal/results testSuiteDir /DCNFS/users/student/sliu2/simulation/lab4/testbench_nand/schematic/HSPICE/nominal databaseName /DCNFS/users/student/sliu2/simulation/lab4/testbench_nand/schematic/HSPICE/nominal/resultsDatabase remoteRun {} testbenchId 1
[14:13:34.40] /o false
[14:14:18.46] /i ::sa::_backgroundSaeShell::runScript /DCNFS/users/student/sliu2/simulation/lab4/testbench_nand/schematic/HSPICE/nominal/.bg_measurement_script.tcl sa::_resultsDatabase::saeShellProcessingCompletedProc testSuiteName saeSession0 testbenchName default resultsDir /DCNFS/users/student/sliu2/simulation/lab4/testbench_nand/schematic/HSPICE/nominal/results testSuiteDir /DCNFS/users/student/sliu2/simulation/lab4/testbench_nand/schematic/HSPICE/nominal databaseName /DCNFS/users/student/sliu2/simulation/lab4/testbench_nand/schematic/HSPICE/nominal/resultsDatabase remoteRun {} testbenchId 1
[14:14:18.77] /o saeInterBGSaeShell:  ::sa::_backgroundSaeShell::scriptFinished 0.3 {} sa::_resultsDatabase::saeShellProcessingCompletedProc testSuiteName saeSession0 testbenchName default resultsDir /DCNFS/users/student/sliu2/simulation/lab4/testbench_nand/schematic/HSPICE/nominal/results testSuiteDir /DCNFS/users/student/sliu2/simulation/lab4/testbench_nand/schematic/HSPICE/nominal databaseName /DCNFS/users/student/sliu2/simulation/lab4/testbench_nand/schematic/HSPICE/nominal/resultsDatabase remoteRun {} testbenchId 1
[14:14:18.77] /o false
[14:17:43.24] /i ::sa::_backgroundSaeShell::runScript /DCNFS/users/student/sliu2/simulation/lab4/testbench_nand/schematic/HSPICE/nominal/.bg_measurement_script.tcl sa::_resultsDatabase::saeShellProcessingCompletedProc testSuiteName saeSession0 testbenchName default resultsDir /DCNFS/users/student/sliu2/simulation/lab4/testbench_nand/schematic/HSPICE/nominal/results testSuiteDir /DCNFS/users/student/sliu2/simulation/lab4/testbench_nand/schematic/HSPICE/nominal databaseName /DCNFS/users/student/sliu2/simulation/lab4/testbench_nand/schematic/HSPICE/nominal/resultsDatabase remoteRun {} testbenchId 1
[14:17:43.96] /o saeInterBGSaeShell:  ::sa::_backgroundSaeShell::scriptFinished 0.7 {} sa::_resultsDatabase::saeShellProcessingCompletedProc testSuiteName saeSession0 testbenchName default resultsDir /DCNFS/users/student/sliu2/simulation/lab4/testbench_nand/schematic/HSPICE/nominal/results testSuiteDir /DCNFS/users/student/sliu2/simulation/lab4/testbench_nand/schematic/HSPICE/nominal databaseName /DCNFS/users/student/sliu2/simulation/lab4/testbench_nand/schematic/HSPICE/nominal/resultsDatabase remoteRun {} testbenchId 1
[14:17:43.97] /o false
[14:20:45.36] /i ::sa::_backgroundSaeShell::runScript /DCNFS/users/student/sliu2/simulation/lab4/testbench_nand/schematic/HSPICE/nominal/.bg_measurement_script.tcl sa::_resultsDatabase::saeShellProcessingCompletedProc testSuiteName saeSession0 testbenchName default resultsDir /DCNFS/users/student/sliu2/simulation/lab4/testbench_nand/schematic/HSPICE/nominal/results testSuiteDir /DCNFS/users/student/sliu2/simulation/lab4/testbench_nand/schematic/HSPICE/nominal databaseName /DCNFS/users/student/sliu2/simulation/lab4/testbench_nand/schematic/HSPICE/nominal/resultsDatabase remoteRun {} testbenchId 1
[14:20:45.69] /o saeInterBGSaeShell:  ::sa::_backgroundSaeShell::scriptFinished 0.3 {} sa::_resultsDatabase::saeShellProcessingCompletedProc testSuiteName saeSession0 testbenchName default resultsDir /DCNFS/users/student/sliu2/simulation/lab4/testbench_nand/schematic/HSPICE/nominal/results testSuiteDir /DCNFS/users/student/sliu2/simulation/lab4/testbench_nand/schematic/HSPICE/nominal databaseName /DCNFS/users/student/sliu2/simulation/lab4/testbench_nand/schematic/HSPICE/nominal/resultsDatabase remoteRun {} testbenchId 1
[14:20:45.69] /o false
[14:25:46.47] /o saeInterBGSaeShell:  ::sa::_backgroundSaeShell::pingBack
[14:25:46.52] /i ::sa::_backgroundSaeShell::parentRunning
[14:25:46.52] /o 1525209946
[14:25:50.66] /m Information: Stopped sharing "Custom WaveView ADV" license. (WAVEFORM-111)
[14:30:47.49] /o saeInterBGSaeShell:  ::sa::_backgroundSaeShell::pingBack
[14:30:47.57] /i ::sa::_backgroundSaeShell::parentRunning
[14:30:47.57] /o 1525210247
[14:31:14.62] /i ::sa::_backgroundSaeShell::runScript /DCNFS/users/student/sliu2/simulation/lab4/testbench_nand/schematic/HSPICE/nominal/.bg_measurement_script.tcl sa::_resultsDatabase::saeShellProcessingCompletedProc testSuiteName saeSession0 testbenchName default resultsDir /DCNFS/users/student/sliu2/simulation/lab4/testbench_nand/schematic/HSPICE/nominal/results testSuiteDir /DCNFS/users/student/sliu2/simulation/lab4/testbench_nand/schematic/HSPICE/nominal databaseName /DCNFS/users/student/sliu2/simulation/lab4/testbench_nand/schematic/HSPICE/nominal/resultsDatabase remoteRun {} testbenchId 1
[14:31:14.87] /m Information: Expression 'v(/Vout)' did not evaluate: No results found.
[14:31:14.87] /m Information: Expression 'v(/A)' did not evaluate: No results found.
[14:31:14.87] /m Information: Expression 'v(/B)' did not evaluate: No results found.
[14:31:14.87] /m Information: Expression 'v(/C)' did not evaluate: No results found.
[14:31:14.89] /o saeInterBGSaeShell:  ::sa::_backgroundSaeShell::scriptFinished 0.2 {} sa::_resultsDatabase::saeShellProcessingCompletedProc testSuiteName saeSession0 testbenchName default resultsDir /DCNFS/users/student/sliu2/simulation/lab4/testbench_nand/schematic/HSPICE/nominal/results testSuiteDir /DCNFS/users/student/sliu2/simulation/lab4/testbench_nand/schematic/HSPICE/nominal databaseName /DCNFS/users/student/sliu2/simulation/lab4/testbench_nand/schematic/HSPICE/nominal/resultsDatabase remoteRun {} testbenchId 1
[14:31:14.89] /o false
[14:32:10.81] /i ::sa::_backgroundSaeShell::runScript /DCNFS/users/student/sliu2/simulation/lab4/testbench_nand/schematic/HSPICE/nominal/.bg_measurement_script.tcl sa::_resultsDatabase::saeShellProcessingCompletedProc testSuiteName saeSession0 testbenchName default resultsDir /DCNFS/users/student/sliu2/simulation/lab4/testbench_nand/schematic/HSPICE/nominal/results testSuiteDir /DCNFS/users/student/sliu2/simulation/lab4/testbench_nand/schematic/HSPICE/nominal databaseName /DCNFS/users/student/sliu2/simulation/lab4/testbench_nand/schematic/HSPICE/nominal/resultsDatabase remoteRun {} testbenchId 1
[14:32:11.18] /m Information: Expression 'v(/Vout)' did not evaluate: No results found.
[14:32:11.20] /o saeInterBGSaeShell:  ::sa::_backgroundSaeShell::scriptFinished 0.3 {} sa::_resultsDatabase::saeShellProcessingCompletedProc testSuiteName saeSession0 testbenchName default resultsDir /DCNFS/users/student/sliu2/simulation/lab4/testbench_nand/schematic/HSPICE/nominal/results testSuiteDir /DCNFS/users/student/sliu2/simulation/lab4/testbench_nand/schematic/HSPICE/nominal databaseName /DCNFS/users/student/sliu2/simulation/lab4/testbench_nand/schematic/HSPICE/nominal/resultsDatabase remoteRun {} testbenchId 1
[14:32:11.20] /o false
[14:35:24.09] /i ::sa::_backgroundSaeShell::runScript /DCNFS/users/student/sliu2/simulation/lab4/testbench_nand/schematic/HSPICE/nominal/.bg_measurement_script.tcl sa::_resultsDatabase::saeShellProcessingCompletedProc testSuiteName saeSession0 testbenchName default resultsDir /DCNFS/users/student/sliu2/simulation/lab4/testbench_nand/schematic/HSPICE/nominal/results testSuiteDir /DCNFS/users/student/sliu2/simulation/lab4/testbench_nand/schematic/HSPICE/nominal databaseName /DCNFS/users/student/sliu2/simulation/lab4/testbench_nand/schematic/HSPICE/nominal/resultsDatabase remoteRun {} testbenchId 1
[14:35:24.33] /m Information: Started sharing "Custom WaveView ADV" license. (WAVEFORM-110)
[14:35:24.37] /o saeInterBGSaeShell:  ::sa::_backgroundSaeShell::scriptFinished 0.2 {} sa::_resultsDatabase::saeShellProcessingCompletedProc testSuiteName saeSession0 testbenchName default resultsDir /DCNFS/users/student/sliu2/simulation/lab4/testbench_nand/schematic/HSPICE/nominal/results testSuiteDir /DCNFS/users/student/sliu2/simulation/lab4/testbench_nand/schematic/HSPICE/nominal databaseName /DCNFS/users/student/sliu2/simulation/lab4/testbench_nand/schematic/HSPICE/nominal/resultsDatabase remoteRun {} testbenchId 1
[14:35:24.37] /o false
[14:38:41.51] /i ::sa::_backgroundSaeShell::runScript /DCNFS/users/student/sliu2/simulation/lab4/testbench_nand/schematic/HSPICE/nominal/.bg_measurement_script.tcl sa::_resultsDatabase::saeShellProcessingCompletedProc testSuiteName saeSession0 testbenchName default resultsDir /DCNFS/users/student/sliu2/simulation/lab4/testbench_nand/schematic/HSPICE/nominal/results testSuiteDir /DCNFS/users/student/sliu2/simulation/lab4/testbench_nand/schematic/HSPICE/nominal databaseName /DCNFS/users/student/sliu2/simulation/lab4/testbench_nand/schematic/HSPICE/nominal/resultsDatabase remoteRun {} testbenchId 1
[14:38:41.91] /o saeInterBGSaeShell:  ::sa::_backgroundSaeShell::scriptFinished 0.3 {} sa::_resultsDatabase::saeShellProcessingCompletedProc testSuiteName saeSession0 testbenchName default resultsDir /DCNFS/users/student/sliu2/simulation/lab4/testbench_nand/schematic/HSPICE/nominal/results testSuiteDir /DCNFS/users/student/sliu2/simulation/lab4/testbench_nand/schematic/HSPICE/nominal databaseName /DCNFS/users/student/sliu2/simulation/lab4/testbench_nand/schematic/HSPICE/nominal/resultsDatabase remoteRun {} testbenchId 1
[14:38:41.91] /o false
[14:41:32.82] /i ::sa::_backgroundSaeShell::runScript /DCNFS/users/student/sliu2/simulation/lab4/testbench_nand/schematic/HSPICE/nominal/.bg_measurement_script.tcl sa::_resultsDatabase::saeShellProcessingCompletedProc testSuiteName saeSession0 testbenchName default resultsDir /DCNFS/users/student/sliu2/simulation/lab4/testbench_nand/schematic/HSPICE/nominal/results testSuiteDir /DCNFS/users/student/sliu2/simulation/lab4/testbench_nand/schematic/HSPICE/nominal databaseName /DCNFS/users/student/sliu2/simulation/lab4/testbench_nand/schematic/HSPICE/nominal/resultsDatabase remoteRun {} testbenchId 1
[14:41:33.13] /o saeInterBGSaeShell:  ::sa::_backgroundSaeShell::scriptFinished 0.3 {} sa::_resultsDatabase::saeShellProcessingCompletedProc testSuiteName saeSession0 testbenchName default resultsDir /DCNFS/users/student/sliu2/simulation/lab4/testbench_nand/schematic/HSPICE/nominal/results testSuiteDir /DCNFS/users/student/sliu2/simulation/lab4/testbench_nand/schematic/HSPICE/nominal databaseName /DCNFS/users/student/sliu2/simulation/lab4/testbench_nand/schematic/HSPICE/nominal/resultsDatabase remoteRun {} testbenchId 1
[14:41:33.13] /o false
[14:44:44.11] /i ::sa::_backgroundSaeShell::runScript /DCNFS/users/student/sliu2/simulation/lab4/testbench_nand/schematic/HSPICE/nominal/.bg_measurement_script.tcl sa::_resultsDatabase::saeShellProcessingCompletedProc testSuiteName saeSession0 testbenchName default resultsDir /DCNFS/users/student/sliu2/simulation/lab4/testbench_nand/schematic/HSPICE/nominal/results testSuiteDir /DCNFS/users/student/sliu2/simulation/lab4/testbench_nand/schematic/HSPICE/nominal databaseName /DCNFS/users/student/sliu2/simulation/lab4/testbench_nand/schematic/HSPICE/nominal/resultsDatabase remoteRun {} testbenchId 1
[14:44:44.44] /o saeInterBGSaeShell:  ::sa::_backgroundSaeShell::scriptFinished 0.3 {} sa::_resultsDatabase::saeShellProcessingCompletedProc testSuiteName saeSession0 testbenchName default resultsDir /DCNFS/users/student/sliu2/simulation/lab4/testbench_nand/schematic/HSPICE/nominal/results testSuiteDir /DCNFS/users/student/sliu2/simulation/lab4/testbench_nand/schematic/HSPICE/nominal databaseName /DCNFS/users/student/sliu2/simulation/lab4/testbench_nand/schematic/HSPICE/nominal/resultsDatabase remoteRun {} testbenchId 1
[14:44:44.44] /o false
[14:46:48.43] /i ::wf::viewerExited
[14:47:21.35] /i ::sa::_backgroundSaeShell::runScript /DCNFS/users/student/sliu2/simulation/lab4/testbench_nand/schematic/HSPICE/nominal/.bg_measurement_script.tcl sa::_resultsDatabase::saeShellProcessingCompletedProc testSuiteName saeSession0 testbenchName default resultsDir /DCNFS/users/student/sliu2/simulation/lab4/testbench_nand/schematic/HSPICE/nominal/results testSuiteDir /DCNFS/users/student/sliu2/simulation/lab4/testbench_nand/schematic/HSPICE/nominal databaseName /DCNFS/users/student/sliu2/simulation/lab4/testbench_nand/schematic/HSPICE/nominal/resultsDatabase remoteRun {} testbenchId 1
[14:47:21.64] /o saeInterBGSaeShell:  ::sa::_backgroundSaeShell::scriptFinished 0.2 {} sa::_resultsDatabase::saeShellProcessingCompletedProc testSuiteName saeSession0 testbenchName default resultsDir /DCNFS/users/student/sliu2/simulation/lab4/testbench_nand/schematic/HSPICE/nominal/results testSuiteDir /DCNFS/users/student/sliu2/simulation/lab4/testbench_nand/schematic/HSPICE/nominal databaseName /DCNFS/users/student/sliu2/simulation/lab4/testbench_nand/schematic/HSPICE/nominal/resultsDatabase remoteRun {} testbenchId 1
[14:47:21.64] /o false
[14:47:31.10] /i ::wf::viewerExited
[14:47:42.08] /i ::sa::_backgroundSaeShell::runScript /DCNFS/users/student/sliu2/simulation/lab4/testbench_nand/schematic/HSPICE/nominal/.bg_measurement_script.tcl sa::_resultsDatabase::saeShellProcessingCompletedProc testSuiteName saeSession0 testbenchName default resultsDir /DCNFS/users/student/sliu2/simulation/lab4/testbench_nand/schematic/HSPICE/nominal/results testSuiteDir /DCNFS/users/student/sliu2/simulation/lab4/testbench_nand/schematic/HSPICE/nominal databaseName /DCNFS/users/student/sliu2/simulation/lab4/testbench_nand/schematic/HSPICE/nominal/resultsDatabase remoteRun {} testbenchId 1
[14:47:42.40] /o saeInterBGSaeShell:  ::sa::_backgroundSaeShell::scriptFinished 0.3 {} sa::_resultsDatabase::saeShellProcessingCompletedProc testSuiteName saeSession0 testbenchName default resultsDir /DCNFS/users/student/sliu2/simulation/lab4/testbench_nand/schematic/HSPICE/nominal/results testSuiteDir /DCNFS/users/student/sliu2/simulation/lab4/testbench_nand/schematic/HSPICE/nominal databaseName /DCNFS/users/student/sliu2/simulation/lab4/testbench_nand/schematic/HSPICE/nominal/resultsDatabase remoteRun {} testbenchId 1
[14:47:42.40] /o false
[14:47:55.84] /i ::sa::_backgroundSaeShell::runScript /DCNFS/users/student/sliu2/simulation/lab4/testbench_nand/schematic/HSPICE/nominal/.bg_measurement_script.tcl sa::_resultsDatabase::saeShellProcessingCompletedProc testSuiteName saeSession0 testbenchName default resultsDir /DCNFS/users/student/sliu2/simulation/lab4/testbench_nand/schematic/HSPICE/nominal/results testSuiteDir /DCNFS/users/student/sliu2/simulation/lab4/testbench_nand/schematic/HSPICE/nominal databaseName /DCNFS/users/student/sliu2/simulation/lab4/testbench_nand/schematic/HSPICE/nominal/resultsDatabase remoteRun {} testbenchId 1
[14:47:56.10] /o saeInterBGSaeShell:  ::sa::_backgroundSaeShell::scriptFinished 0.2 {} sa::_resultsDatabase::saeShellProcessingCompletedProc testSuiteName saeSession0 testbenchName default resultsDir /DCNFS/users/student/sliu2/simulation/lab4/testbench_nand/schematic/HSPICE/nominal/results testSuiteDir /DCNFS/users/student/sliu2/simulation/lab4/testbench_nand/schematic/HSPICE/nominal databaseName /DCNFS/users/student/sliu2/simulation/lab4/testbench_nand/schematic/HSPICE/nominal/resultsDatabase remoteRun {} testbenchId 1
[14:47:56.10] /o false
[14:51:07.08] /i ::sa::_backgroundSaeShell::runScript /DCNFS/users/student/sliu2/simulation/lab4/testbench_nand/schematic/HSPICE/nominal/.bg_measurement_script.tcl sa::_resultsDatabase::saeShellProcessingCompletedProc testSuiteName saeSession0 testbenchName default resultsDir /DCNFS/users/student/sliu2/simulation/lab4/testbench_nand/schematic/HSPICE/nominal/results testSuiteDir /DCNFS/users/student/sliu2/simulation/lab4/testbench_nand/schematic/HSPICE/nominal databaseName /DCNFS/users/student/sliu2/simulation/lab4/testbench_nand/schematic/HSPICE/nominal/resultsDatabase remoteRun {} testbenchId 1
[14:51:07.40] /o saeInterBGSaeShell:  ::sa::_backgroundSaeShell::scriptFinished 0.3 {} sa::_resultsDatabase::saeShellProcessingCompletedProc testSuiteName saeSession0 testbenchName default resultsDir /DCNFS/users/student/sliu2/simulation/lab4/testbench_nand/schematic/HSPICE/nominal/results testSuiteDir /DCNFS/users/student/sliu2/simulation/lab4/testbench_nand/schematic/HSPICE/nominal databaseName /DCNFS/users/student/sliu2/simulation/lab4/testbench_nand/schematic/HSPICE/nominal/resultsDatabase remoteRun {} testbenchId 1
[14:51:07.40] /o false
[14:56:08.58] /o saeInterBGSaeShell:  ::sa::_backgroundSaeShell::pingBack
[14:56:08.68] /i ::sa::_backgroundSaeShell::parentRunning
[14:56:08.68] /o 1525211768
[14:56:12.38] /m Information: Stopped sharing "Custom WaveView ADV" license. (WAVEFORM-111)
[14:56:23.33] /i ::sa::_backgroundSaeShell::runScript /DCNFS/users/student/sliu2/simulation/lab4/testbench_nand/schematic/HSPICE/nominal/.bg_measurement_script.tcl sa::_resultsDatabase::saeShellProcessingCompletedProc testSuiteName saeSession0 testbenchName default resultsDir /DCNFS/users/student/sliu2/simulation/lab4/testbench_nand/schematic/HSPICE/nominal/results testSuiteDir /DCNFS/users/student/sliu2/simulation/lab4/testbench_nand/schematic/HSPICE/nominal databaseName /DCNFS/users/student/sliu2/simulation/lab4/testbench_nand/schematic/HSPICE/nominal/resultsDatabase remoteRun {} testbenchId 1
[14:56:23.60] /m Information: Expression 'v(/Vout)' did not evaluate: No results found.
[14:56:23.61] /m Information: Started sharing "Custom WaveView ADV" license. (WAVEFORM-110)
[14:56:23.66] /o saeInterBGSaeShell:  ::sa::_backgroundSaeShell::scriptFinished 0.3 {} sa::_resultsDatabase::saeShellProcessingCompletedProc testSuiteName saeSession0 testbenchName default resultsDir /DCNFS/users/student/sliu2/simulation/lab4/testbench_nand/schematic/HSPICE/nominal/results testSuiteDir /DCNFS/users/student/sliu2/simulation/lab4/testbench_nand/schematic/HSPICE/nominal databaseName /DCNFS/users/student/sliu2/simulation/lab4/testbench_nand/schematic/HSPICE/nominal/resultsDatabase remoteRun {} testbenchId 1
[14:56:23.66] /o false
[14:56:52.70] /i ::sa::_backgroundSaeShell::runScript /DCNFS/users/student/sliu2/simulation/lab4/testbench_nand/schematic/HSPICE/nominal/.bg_measurement_script.tcl sa::_resultsDatabase::saeShellProcessingCompletedProc testSuiteName saeSession0 testbenchName default resultsDir /DCNFS/users/student/sliu2/simulation/lab4/testbench_nand/schematic/HSPICE/nominal/results testSuiteDir /DCNFS/users/student/sliu2/simulation/lab4/testbench_nand/schematic/HSPICE/nominal databaseName /DCNFS/users/student/sliu2/simulation/lab4/testbench_nand/schematic/HSPICE/nominal/resultsDatabase remoteRun {} testbenchId 1
[14:56:53.03] /o saeInterBGSaeShell:  ::sa::_backgroundSaeShell::scriptFinished 0.3 {} sa::_resultsDatabase::saeShellProcessingCompletedProc testSuiteName saeSession0 testbenchName default resultsDir /DCNFS/users/student/sliu2/simulation/lab4/testbench_nand/schematic/HSPICE/nominal/results testSuiteDir /DCNFS/users/student/sliu2/simulation/lab4/testbench_nand/schematic/HSPICE/nominal databaseName /DCNFS/users/student/sliu2/simulation/lab4/testbench_nand/schematic/HSPICE/nominal/resultsDatabase remoteRun {} testbenchId 1
[14:56:53.03] /o false
[14:57:04.85] /i ::sa::_backgroundSaeShell::runScript /DCNFS/users/student/sliu2/simulation/lab4/testbench_nand/schematic/HSPICE/nominal/.bg_measurement_script.tcl sa::_resultsDatabase::saeShellProcessingCompletedProc testSuiteName saeSession0 testbenchName default resultsDir /DCNFS/users/student/sliu2/simulation/lab4/testbench_nand/schematic/HSPICE/nominal/results testSuiteDir /DCNFS/users/student/sliu2/simulation/lab4/testbench_nand/schematic/HSPICE/nominal databaseName /DCNFS/users/student/sliu2/simulation/lab4/testbench_nand/schematic/HSPICE/nominal/resultsDatabase remoteRun {} testbenchId 1
[14:57:05.24] /o saeInterBGSaeShell:  ::sa::_backgroundSaeShell::scriptFinished 0.3 {} sa::_resultsDatabase::saeShellProcessingCompletedProc testSuiteName saeSession0 testbenchName default resultsDir /DCNFS/users/student/sliu2/simulation/lab4/testbench_nand/schematic/HSPICE/nominal/results testSuiteDir /DCNFS/users/student/sliu2/simulation/lab4/testbench_nand/schematic/HSPICE/nominal databaseName /DCNFS/users/student/sliu2/simulation/lab4/testbench_nand/schematic/HSPICE/nominal/resultsDatabase remoteRun {} testbenchId 1
[14:57:05.24] /o false
[15:02:06.62] /o saeInterBGSaeShell:  ::sa::_backgroundSaeShell::pingBack
[15:02:06.62] /i ::sa::_backgroundSaeShell::parentRunning
[15:02:06.62] /o 1525212126
[15:02:10.20] /m Information: Stopped sharing "Custom WaveView ADV" license. (WAVEFORM-111)
[15:07:07.64] /o saeInterBGSaeShell:  ::sa::_backgroundSaeShell::pingBack
[15:07:07.72] /i ::sa::_backgroundSaeShell::parentRunning
[15:07:07.72] /o 1525212427
