[12:42:59.51] /m Information: License 'SAE' checked out. (LICENSE-003)
[12:43:02.16] /o sae_shell Version Custom Compiler M-2017.03-SP1-1
              /c Build  (OPT) compiled on Thu Jun 29 08:54:37 2017 for RHEL64 6.6
              /c Execution time: Tue May 29 12:42:57 2018
              /c Host: linux60515
              /c 
              /c Copyright © 2004-2017 Synopsys, Inc.
              /c This software and the associated documentation are proprietary to Synopsys, Inc. This software may only be used in accordance with the terms and conditions of a written license agreement with Synopsys, Inc. All other use, reproduction, or distribution of this software is strictly prohibited.
              /c 
              /c 
[12:43:02.34] /o 	############################################
[12:43:02.34] /o 	        Synopsys Generic 90nm iPDK          
[12:43:02.34] /o 	--------------------------------------------
[12:43:02.34] /o 	Release Date .............. : 11-May-2016    
[12:43:02.34] /o 	============================================
[12:43:02.34] /o 	        Recommended Tool Versions           
[12:43:02.34] /o 	--------------------------------------------
[12:43:02.34] /o 	Custom Designer ........... : J-2014.12-2    
[12:43:02.34] /o 	IC Validator .............. : K-2015.12   
[12:43:02.34] /o 	StarRC..................... : K-2015.12  
[12:43:02.34] /o 	--------------------------------------------
[12:43:02.34] /o 	############################################
[12:43:02.34] /o 
[12:43:02.35] /o SAED PDK 90: Loaded callbacks
[12:43:02.36] /o SAED PDK 90: Loaded display resources
[12:43:02.38] /i ::sa::_backgroundSaeShell::signalProcessReady 1527622975
[12:43:02.38] /o saeInterBGSaeShell:  ::sa::_backgroundSaeShell::processReady 7
[12:45:20.23] /i ::sa::_backgroundSaeShell::runScript /DCNFS/users/student/sliu2/simulation/C2mos/testbench/schematic/HSPICE/nominal/.bg_measurement_script.tcl sa::_resultsDatabase::saeShellProcessingCompletedProc testSuiteName saeSession0 testbenchName default resultsDir /DCNFS/users/student/sliu2/simulation/C2mos/testbench/schematic/HSPICE/nominal/results testSuiteDir /DCNFS/users/student/sliu2/simulation/C2mos/testbench/schematic/HSPICE/nominal databaseName /DCNFS/users/student/sliu2/simulation/C2mos/testbench/schematic/HSPICE/nominal/resultsDatabase remoteRun {} testbenchId 1
[12:45:20.56] /o saeInterBGSaeShell:  ::sa::_backgroundSaeShell::scriptFinished 0.3 {} sa::_resultsDatabase::saeShellProcessingCompletedProc testSuiteName saeSession0 testbenchName default resultsDir /DCNFS/users/student/sliu2/simulation/C2mos/testbench/schematic/HSPICE/nominal/results testSuiteDir /DCNFS/users/student/sliu2/simulation/C2mos/testbench/schematic/HSPICE/nominal databaseName /DCNFS/users/student/sliu2/simulation/C2mos/testbench/schematic/HSPICE/nominal/resultsDatabase remoteRun {} testbenchId 1
[12:45:20.56] /o false
[12:46:35.04] /i ::sa::_backgroundSaeShell::runScript /DCNFS/users/student/sliu2/simulation/C2mos/testbench/schematic/HSPICE/nominal/.bg_measurement_script.tcl sa::_resultsDatabase::saeShellProcessingCompletedProc testSuiteName saeSession0 testbenchName default resultsDir /DCNFS/users/student/sliu2/simulation/C2mos/testbench/schematic/HSPICE/nominal/results testSuiteDir /DCNFS/users/student/sliu2/simulation/C2mos/testbench/schematic/HSPICE/nominal databaseName /DCNFS/users/student/sliu2/simulation/C2mos/testbench/schematic/HSPICE/nominal/resultsDatabase remoteRun {} testbenchId 1
[12:46:36.58] /m Information: Started sharing "Custom WaveView ADV" license. (WAVEFORM-110)
[12:46:36.65] /o saeInterBGSaeShell:  ::sa::_backgroundSaeShell::scriptFinished 1.6 {} sa::_resultsDatabase::saeShellProcessingCompletedProc testSuiteName saeSession0 testbenchName default resultsDir /DCNFS/users/student/sliu2/simulation/C2mos/testbench/schematic/HSPICE/nominal/results testSuiteDir /DCNFS/users/student/sliu2/simulation/C2mos/testbench/schematic/HSPICE/nominal databaseName /DCNFS/users/student/sliu2/simulation/C2mos/testbench/schematic/HSPICE/nominal/resultsDatabase remoteRun {} testbenchId 1
[12:46:36.65] /o false
[12:46:43.87] /i ::wf::viewerExited
[12:46:57.45] /i ::sa::_backgroundSaeShell::runScript /DCNFS/users/student/sliu2/simulation/C2mos/testbench/schematic/HSPICE/nominal/.bg_measurement_script.tcl sa::_resultsDatabase::saeShellProcessingCompletedProc testSuiteName saeSession0 testbenchName default resultsDir /DCNFS/users/student/sliu2/simulation/C2mos/testbench/schematic/HSPICE/nominal/results testSuiteDir /DCNFS/users/student/sliu2/simulation/C2mos/testbench/schematic/HSPICE/nominal databaseName /DCNFS/users/student/sliu2/simulation/C2mos/testbench/schematic/HSPICE/nominal/resultsDatabase remoteRun {} testbenchId 1
[12:46:57.76] /o saeInterBGSaeShell:  ::sa::_backgroundSaeShell::scriptFinished 0.3 {} sa::_resultsDatabase::saeShellProcessingCompletedProc testSuiteName saeSession0 testbenchName default resultsDir /DCNFS/users/student/sliu2/simulation/C2mos/testbench/schematic/HSPICE/nominal/results testSuiteDir /DCNFS/users/student/sliu2/simulation/C2mos/testbench/schematic/HSPICE/nominal databaseName /DCNFS/users/student/sliu2/simulation/C2mos/testbench/schematic/HSPICE/nominal/resultsDatabase remoteRun {} testbenchId 1
[12:46:57.76] /o false
[12:51:58.40] /o saeInterBGSaeShell:  ::sa::_backgroundSaeShell::pingBack
[12:51:58.49] /i ::sa::_backgroundSaeShell::parentRunning
[12:51:58.49] /o 1527623518
[12:52:02.74] /m Information: Stopped sharing "Custom WaveView ADV" license. (WAVEFORM-111)
[12:56:59.42] /o saeInterBGSaeShell:  ::sa::_backgroundSaeShell::pingBack
[12:56:59.49] /i ::sa::_backgroundSaeShell::parentRunning
[12:56:59.49] /o 1527623819
[12:57:24.90] /i ::wf::viewerExited
[12:57:46.41] /i ::sa::_backgroundSaeShell::runScript /DCNFS/users/student/sliu2/simulation/C2mos/testbench/schematic/HSPICE/nominal/.bg_measurement_script.tcl sa::_resultsDatabase::saeShellProcessingCompletedProc testSuiteName saeSession0 testbenchName default resultsDir /DCNFS/users/student/sliu2/simulation/C2mos/testbench/schematic/HSPICE/nominal/results testSuiteDir /DCNFS/users/student/sliu2/simulation/C2mos/testbench/schematic/HSPICE/nominal databaseName /DCNFS/users/student/sliu2/simulation/C2mos/testbench/schematic/HSPICE/nominal/resultsDatabase remoteRun {} testbenchId 1
[12:57:46.69] /m Information: Started sharing "Custom WaveView ADV" license. (WAVEFORM-110)
[12:57:46.73] /o saeInterBGSaeShell:  ::sa::_backgroundSaeShell::scriptFinished 0.3 {} sa::_resultsDatabase::saeShellProcessingCompletedProc testSuiteName saeSession0 testbenchName default resultsDir /DCNFS/users/student/sliu2/simulation/C2mos/testbench/schematic/HSPICE/nominal/results testSuiteDir /DCNFS/users/student/sliu2/simulation/C2mos/testbench/schematic/HSPICE/nominal databaseName /DCNFS/users/student/sliu2/simulation/C2mos/testbench/schematic/HSPICE/nominal/resultsDatabase remoteRun {} testbenchId 1
[12:57:46.73] /o false
[12:58:46.21] /i ::wf::viewerExited
[12:58:54.96] /i ::sa::_backgroundSaeShell::runScript /DCNFS/users/student/sliu2/simulation/C2mos/testbench/schematic/HSPICE/nominal/.bg_measurement_script.tcl sa::_resultsDatabase::saeShellProcessingCompletedProc testSuiteName saeSession0 testbenchName default resultsDir /DCNFS/users/student/sliu2/simulation/C2mos/testbench/schematic/HSPICE/nominal/results testSuiteDir /DCNFS/users/student/sliu2/simulation/C2mos/testbench/schematic/HSPICE/nominal databaseName /DCNFS/users/student/sliu2/simulation/C2mos/testbench/schematic/HSPICE/nominal/resultsDatabase remoteRun {} testbenchId 1
[12:58:55.30] /o saeInterBGSaeShell:  ::sa::_backgroundSaeShell::scriptFinished 0.3 {} sa::_resultsDatabase::saeShellProcessingCompletedProc testSuiteName saeSession0 testbenchName default resultsDir /DCNFS/users/student/sliu2/simulation/C2mos/testbench/schematic/HSPICE/nominal/results testSuiteDir /DCNFS/users/student/sliu2/simulation/C2mos/testbench/schematic/HSPICE/nominal databaseName /DCNFS/users/student/sliu2/simulation/C2mos/testbench/schematic/HSPICE/nominal/resultsDatabase remoteRun {} testbenchId 1
[12:58:55.30] /o false
[13:01:49.73] /i ::sa::_backgroundSaeShell::runScript /DCNFS/users/student/sliu2/simulation/C2mos/testbench/schematic/HSPICE/nominal/.bg_measurement_script.tcl sa::_resultsDatabase::saeShellProcessingCompletedProc testSuiteName saeSession0 testbenchName default resultsDir /DCNFS/users/student/sliu2/simulation/C2mos/testbench/schematic/HSPICE/nominal/results testSuiteDir /DCNFS/users/student/sliu2/simulation/C2mos/testbench/schematic/HSPICE/nominal databaseName /DCNFS/users/student/sliu2/simulation/C2mos/testbench/schematic/HSPICE/nominal/resultsDatabase remoteRun {} testbenchId 1
[13:01:50.15] /o saeInterBGSaeShell:  ::sa::_backgroundSaeShell::scriptFinished 0.4 {} sa::_resultsDatabase::saeShellProcessingCompletedProc testSuiteName saeSession0 testbenchName default resultsDir /DCNFS/users/student/sliu2/simulation/C2mos/testbench/schematic/HSPICE/nominal/results testSuiteDir /DCNFS/users/student/sliu2/simulation/C2mos/testbench/schematic/HSPICE/nominal databaseName /DCNFS/users/student/sliu2/simulation/C2mos/testbench/schematic/HSPICE/nominal/resultsDatabase remoteRun {} testbenchId 1
[13:01:50.15] /o false
[13:04:43.41] /i ::sa::_backgroundSaeShell::runScript /DCNFS/users/student/sliu2/simulation/C2mos/testbench/schematic/HSPICE/nominal/.bg_measurement_script.tcl sa::_resultsDatabase::saeShellProcessingCompletedProc testSuiteName saeSession0 testbenchName default resultsDir /DCNFS/users/student/sliu2/simulation/C2mos/testbench/schematic/HSPICE/nominal/results testSuiteDir /DCNFS/users/student/sliu2/simulation/C2mos/testbench/schematic/HSPICE/nominal databaseName /DCNFS/users/student/sliu2/simulation/C2mos/testbench/schematic/HSPICE/nominal/resultsDatabase remoteRun {} testbenchId 1
[13:04:43.72] /o saeInterBGSaeShell:  ::sa::_backgroundSaeShell::scriptFinished 0.3 {} sa::_resultsDatabase::saeShellProcessingCompletedProc testSuiteName saeSession0 testbenchName default resultsDir /DCNFS/users/student/sliu2/simulation/C2mos/testbench/schematic/HSPICE/nominal/results testSuiteDir /DCNFS/users/student/sliu2/simulation/C2mos/testbench/schematic/HSPICE/nominal databaseName /DCNFS/users/student/sliu2/simulation/C2mos/testbench/schematic/HSPICE/nominal/resultsDatabase remoteRun {} testbenchId 1
[13:04:43.72] /o false
[13:05:05.86] /i ::wf::viewerExited
[13:05:12.37] /i ::sa::_backgroundSaeShell::runScript /DCNFS/users/student/sliu2/simulation/C2mos/testbench/schematic/HSPICE/nominal/.bg_measurement_script.tcl sa::_resultsDatabase::saeShellProcessingCompletedProc testSuiteName saeSession0 testbenchName default resultsDir /DCNFS/users/student/sliu2/simulation/C2mos/testbench/schematic/HSPICE/nominal/results testSuiteDir /DCNFS/users/student/sliu2/simulation/C2mos/testbench/schematic/HSPICE/nominal databaseName /DCNFS/users/student/sliu2/simulation/C2mos/testbench/schematic/HSPICE/nominal/resultsDatabase remoteRun {} testbenchId 1
[13:05:12.78] /o saeInterBGSaeShell:  ::sa::_backgroundSaeShell::scriptFinished 0.4 {} sa::_resultsDatabase::saeShellProcessingCompletedProc testSuiteName saeSession0 testbenchName default resultsDir /DCNFS/users/student/sliu2/simulation/C2mos/testbench/schematic/HSPICE/nominal/results testSuiteDir /DCNFS/users/student/sliu2/simulation/C2mos/testbench/schematic/HSPICE/nominal databaseName /DCNFS/users/student/sliu2/simulation/C2mos/testbench/schematic/HSPICE/nominal/resultsDatabase remoteRun {} testbenchId 1
[13:05:12.78] /o false
[13:05:58.80] /i ::wf::viewerExited
[13:06:36.57] /i ::sa::_backgroundSaeShell::runScript /DCNFS/users/student/sliu2/simulation/C2mos/testbench/schematic/HSPICE/nominal/.bg_measurement_script.tcl sa::_resultsDatabase::saeShellProcessingCompletedProc testSuiteName saeSession0 testbenchName default resultsDir /DCNFS/users/student/sliu2/simulation/C2mos/testbench/schematic/HSPICE/nominal/results testSuiteDir /DCNFS/users/student/sliu2/simulation/C2mos/testbench/schematic/HSPICE/nominal databaseName /DCNFS/users/student/sliu2/simulation/C2mos/testbench/schematic/HSPICE/nominal/resultsDatabase remoteRun {} testbenchId 1
[13:06:36.93] /o saeInterBGSaeShell:  ::sa::_backgroundSaeShell::scriptFinished 0.3 {} sa::_resultsDatabase::saeShellProcessingCompletedProc testSuiteName saeSession0 testbenchName default resultsDir /DCNFS/users/student/sliu2/simulation/C2mos/testbench/schematic/HSPICE/nominal/results testSuiteDir /DCNFS/users/student/sliu2/simulation/C2mos/testbench/schematic/HSPICE/nominal databaseName /DCNFS/users/student/sliu2/simulation/C2mos/testbench/schematic/HSPICE/nominal/resultsDatabase remoteRun {} testbenchId 1
[13:06:36.93] /o false
[13:07:43.19] /i ::wf::viewerExited
[13:09:26.57] /i ::sa::_backgroundSaeShell::runScript /DCNFS/users/student/sliu2/simulation/C2mos/testbench/schematic/HSPICE/nominal/.bg_measurement_script.tcl sa::_resultsDatabase::saeShellProcessingCompletedProc testSuiteName saeSession0 testbenchName default resultsDir /DCNFS/users/student/sliu2/simulation/C2mos/testbench/schematic/HSPICE/nominal/results testSuiteDir /DCNFS/users/student/sliu2/simulation/C2mos/testbench/schematic/HSPICE/nominal databaseName /DCNFS/users/student/sliu2/simulation/C2mos/testbench/schematic/HSPICE/nominal/resultsDatabase remoteRun {} testbenchId 1
[13:09:26.89] /o saeInterBGSaeShell:  ::sa::_backgroundSaeShell::scriptFinished 0.3 {} sa::_resultsDatabase::saeShellProcessingCompletedProc testSuiteName saeSession0 testbenchName default resultsDir /DCNFS/users/student/sliu2/simulation/C2mos/testbench/schematic/HSPICE/nominal/results testSuiteDir /DCNFS/users/student/sliu2/simulation/C2mos/testbench/schematic/HSPICE/nominal databaseName /DCNFS/users/student/sliu2/simulation/C2mos/testbench/schematic/HSPICE/nominal/resultsDatabase remoteRun {} testbenchId 1
[13:09:26.89] /o false
[13:14:27.47] /o saeInterBGSaeShell:  ::sa::_backgroundSaeShell::pingBack
[13:14:27.50] /i ::sa::_backgroundSaeShell::parentRunning
[13:14:27.50] /o 1527624867
[13:14:31.85] /m Information: Stopped sharing "Custom WaveView ADV" license. (WAVEFORM-111)
[13:15:34.40] /i ::sa::_backgroundSaeShell::runScript /DCNFS/users/student/sliu2/simulation/C2mos/testbench/schematic/HSPICE/nominal/.bg_measurement_script.tcl sa::_resultsDatabase::saeShellProcessingCompletedProc testSuiteName saeSession0 testbenchName default resultsDir /DCNFS/users/student/sliu2/simulation/C2mos/testbench/schematic/HSPICE/nominal/results testSuiteDir /DCNFS/users/student/sliu2/simulation/C2mos/testbench/schematic/HSPICE/nominal databaseName /DCNFS/users/student/sliu2/simulation/C2mos/testbench/schematic/HSPICE/nominal/resultsDatabase remoteRun {} testbenchId 1
[13:15:34.68] /m Information: Started sharing "Custom WaveView ADV" license. (WAVEFORM-110)
[13:15:34.73] /o saeInterBGSaeShell:  ::sa::_backgroundSaeShell::scriptFinished 0.3 {} sa::_resultsDatabase::saeShellProcessingCompletedProc testSuiteName saeSession0 testbenchName default resultsDir /DCNFS/users/student/sliu2/simulation/C2mos/testbench/schematic/HSPICE/nominal/results testSuiteDir /DCNFS/users/student/sliu2/simulation/C2mos/testbench/schematic/HSPICE/nominal databaseName /DCNFS/users/student/sliu2/simulation/C2mos/testbench/schematic/HSPICE/nominal/resultsDatabase remoteRun {} testbenchId 1
[13:15:34.73] /o false
[13:18:24.12] /i ::wf::viewerExited
[13:19:13.79] /i ::sa::_backgroundSaeShell::runScript /DCNFS/users/student/sliu2/simulation/C2mos/testbench/schematic/HSPICE/nominal/.bg_measurement_script.tcl sa::_resultsDatabase::saeShellProcessingCompletedProc testSuiteName saeSession0 testbenchName default resultsDir /DCNFS/users/student/sliu2/simulation/C2mos/testbench/schematic/HSPICE/nominal/results testSuiteDir /DCNFS/users/student/sliu2/simulation/C2mos/testbench/schematic/HSPICE/nominal databaseName /DCNFS/users/student/sliu2/simulation/C2mos/testbench/schematic/HSPICE/nominal/resultsDatabase remoteRun {} testbenchId 1
[13:19:14.13] /o saeInterBGSaeShell:  ::sa::_backgroundSaeShell::scriptFinished 0.3 {} sa::_resultsDatabase::saeShellProcessingCompletedProc testSuiteName saeSession0 testbenchName default resultsDir /DCNFS/users/student/sliu2/simulation/C2mos/testbench/schematic/HSPICE/nominal/results testSuiteDir /DCNFS/users/student/sliu2/simulation/C2mos/testbench/schematic/HSPICE/nominal databaseName /DCNFS/users/student/sliu2/simulation/C2mos/testbench/schematic/HSPICE/nominal/resultsDatabase remoteRun {} testbenchId 1
[13:19:14.13] /o false
[13:21:48.75] /i ::sa::_backgroundSaeShell::runScript /DCNFS/users/student/sliu2/simulation/C2mos/testbench/schematic/HSPICE/nominal/.bg_measurement_script.tcl sa::_resultsDatabase::saeShellProcessingCompletedProc testSuiteName saeSession0 testbenchName default resultsDir /DCNFS/users/student/sliu2/simulation/C2mos/testbench/schematic/HSPICE/nominal/results testSuiteDir /DCNFS/users/student/sliu2/simulation/C2mos/testbench/schematic/HSPICE/nominal databaseName /DCNFS/users/student/sliu2/simulation/C2mos/testbench/schematic/HSPICE/nominal/resultsDatabase remoteRun {} testbenchId 1
[13:21:49.12] /o saeInterBGSaeShell:  ::sa::_backgroundSaeShell::scriptFinished 0.3 {} sa::_resultsDatabase::saeShellProcessingCompletedProc testSuiteName saeSession0 testbenchName default resultsDir /DCNFS/users/student/sliu2/simulation/C2mos/testbench/schematic/HSPICE/nominal/results testSuiteDir /DCNFS/users/student/sliu2/simulation/C2mos/testbench/schematic/HSPICE/nominal databaseName /DCNFS/users/student/sliu2/simulation/C2mos/testbench/schematic/HSPICE/nominal/resultsDatabase remoteRun {} testbenchId 1
[13:21:49.12] /o false
[13:26:50.50] /o saeInterBGSaeShell:  ::sa::_backgroundSaeShell::pingBack
[13:26:50.59] /i ::sa::_backgroundSaeShell::parentRunning
[13:26:50.59] /o 1527625610
[13:26:54.08] /m Information: Stopped sharing "Custom WaveView ADV" license. (WAVEFORM-111)
[13:29:45.71] /i ::sa::_backgroundSaeShell::runScript /DCNFS/users/student/sliu2/simulation/C2mos/testbench/schematic/HSPICE/nominal/.bg_measurement_script.tcl sa::_resultsDatabase::saeShellProcessingCompletedProc testSuiteName saeSession0 testbenchName default resultsDir /DCNFS/users/student/sliu2/simulation/C2mos/testbench/schematic/HSPICE/nominal/results testSuiteDir /DCNFS/users/student/sliu2/simulation/C2mos/testbench/schematic/HSPICE/nominal databaseName /DCNFS/users/student/sliu2/simulation/C2mos/testbench/schematic/HSPICE/nominal/resultsDatabase remoteRun {} testbenchId 1
[13:29:46.05] /m Information: Started sharing "Custom WaveView ADV" license. (WAVEFORM-110)
[13:29:46.09] /o saeInterBGSaeShell:  ::sa::_backgroundSaeShell::scriptFinished 0.3 {} sa::_resultsDatabase::saeShellProcessingCompletedProc testSuiteName saeSession0 testbenchName default resultsDir /DCNFS/users/student/sliu2/simulation/C2mos/testbench/schematic/HSPICE/nominal/results testSuiteDir /DCNFS/users/student/sliu2/simulation/C2mos/testbench/schematic/HSPICE/nominal databaseName /DCNFS/users/student/sliu2/simulation/C2mos/testbench/schematic/HSPICE/nominal/resultsDatabase remoteRun {} testbenchId 1
[13:29:46.09] /o false
[13:30:24.50] /i ::wf::viewerExited
[13:33:45.90] /i ::sa::_backgroundSaeShell::runScript /DCNFS/users/student/sliu2/simulation/C2mos/testbench/schematic/HSPICE/nominal/.bg_measurement_script.tcl sa::_resultsDatabase::saeShellProcessingCompletedProc testSuiteName saeSession0 testbenchName default resultsDir /DCNFS/users/student/sliu2/simulation/C2mos/testbench/schematic/HSPICE/nominal/results testSuiteDir /DCNFS/users/student/sliu2/simulation/C2mos/testbench/schematic/HSPICE/nominal databaseName /DCNFS/users/student/sliu2/simulation/C2mos/testbench/schematic/HSPICE/nominal/resultsDatabase remoteRun {} testbenchId 1
[13:33:46.21] /o saeInterBGSaeShell:  ::sa::_backgroundSaeShell::scriptFinished 0.3 {} sa::_resultsDatabase::saeShellProcessingCompletedProc testSuiteName saeSession0 testbenchName default resultsDir /DCNFS/users/student/sliu2/simulation/C2mos/testbench/schematic/HSPICE/nominal/results testSuiteDir /DCNFS/users/student/sliu2/simulation/C2mos/testbench/schematic/HSPICE/nominal databaseName /DCNFS/users/student/sliu2/simulation/C2mos/testbench/schematic/HSPICE/nominal/resultsDatabase remoteRun {} testbenchId 1
[13:33:46.21] /o false
[13:34:00.27] /i ::wf::viewerExited
[13:34:15.43] /i ::sa::_backgroundSaeShell::runScript /DCNFS/users/student/sliu2/simulation/C2mos/testbench/schematic/HSPICE/nominal/.bg_measurement_script.tcl sa::_resultsDatabase::saeShellProcessingCompletedProc testSuiteName saeSession0 testbenchName default resultsDir /DCNFS/users/student/sliu2/simulation/C2mos/testbench/schematic/HSPICE/nominal/results testSuiteDir /DCNFS/users/student/sliu2/simulation/C2mos/testbench/schematic/HSPICE/nominal databaseName /DCNFS/users/student/sliu2/simulation/C2mos/testbench/schematic/HSPICE/nominal/resultsDatabase remoteRun {} testbenchId 1
[13:34:15.82] /o saeInterBGSaeShell:  ::sa::_backgroundSaeShell::scriptFinished 0.3 {} sa::_resultsDatabase::saeShellProcessingCompletedProc testSuiteName saeSession0 testbenchName default resultsDir /DCNFS/users/student/sliu2/simulation/C2mos/testbench/schematic/HSPICE/nominal/results testSuiteDir /DCNFS/users/student/sliu2/simulation/C2mos/testbench/schematic/HSPICE/nominal databaseName /DCNFS/users/student/sliu2/simulation/C2mos/testbench/schematic/HSPICE/nominal/resultsDatabase remoteRun {} testbenchId 1
[13:34:15.82] /o false
[13:35:05.21] /i ::wf::viewerExited
[13:35:43.71] /i ::sa::_backgroundSaeShell::runScript /DCNFS/users/student/sliu2/simulation/C2mos/testbench/schematic/HSPICE/nominal/.bg_measurement_script.tcl sa::_resultsDatabase::saeShellProcessingCompletedProc testSuiteName saeSession0 testbenchName default resultsDir /DCNFS/users/student/sliu2/simulation/C2mos/testbench/schematic/HSPICE/nominal/results testSuiteDir /DCNFS/users/student/sliu2/simulation/C2mos/testbench/schematic/HSPICE/nominal databaseName /DCNFS/users/student/sliu2/simulation/C2mos/testbench/schematic/HSPICE/nominal/resultsDatabase remoteRun {} testbenchId 1
[13:35:44.05] /o saeInterBGSaeShell:  ::sa::_backgroundSaeShell::scriptFinished 0.3 {} sa::_resultsDatabase::saeShellProcessingCompletedProc testSuiteName saeSession0 testbenchName default resultsDir /DCNFS/users/student/sliu2/simulation/C2mos/testbench/schematic/HSPICE/nominal/results testSuiteDir /DCNFS/users/student/sliu2/simulation/C2mos/testbench/schematic/HSPICE/nominal databaseName /DCNFS/users/student/sliu2/simulation/C2mos/testbench/schematic/HSPICE/nominal/resultsDatabase remoteRun {} testbenchId 1
[13:35:44.05] /o false
[13:36:36.37] /i ::wf::viewerExited
[13:37:12.31] /i ::sa::_backgroundSaeShell::runScript /DCNFS/users/student/sliu2/simulation/C2mos/testbench/schematic/HSPICE/nominal/.bg_measurement_script.tcl sa::_resultsDatabase::saeShellProcessingCompletedProc testSuiteName saeSession0 testbenchName default resultsDir /DCNFS/users/student/sliu2/simulation/C2mos/testbench/schematic/HSPICE/nominal/results testSuiteDir /DCNFS/users/student/sliu2/simulation/C2mos/testbench/schematic/HSPICE/nominal databaseName /DCNFS/users/student/sliu2/simulation/C2mos/testbench/schematic/HSPICE/nominal/resultsDatabase remoteRun {} testbenchId 1
[13:37:12.67] /o saeInterBGSaeShell:  ::sa::_backgroundSaeShell::scriptFinished 0.3 {} sa::_resultsDatabase::saeShellProcessingCompletedProc testSuiteName saeSession0 testbenchName default resultsDir /DCNFS/users/student/sliu2/simulation/C2mos/testbench/schematic/HSPICE/nominal/results testSuiteDir /DCNFS/users/student/sliu2/simulation/C2mos/testbench/schematic/HSPICE/nominal databaseName /DCNFS/users/student/sliu2/simulation/C2mos/testbench/schematic/HSPICE/nominal/resultsDatabase remoteRun {} testbenchId 1
[13:37:12.67] /o false
[13:37:56.67] /i ::wf::viewerExited
[13:42:13.55] /o saeInterBGSaeShell:  ::sa::_backgroundSaeShell::pingBack
[13:42:13.57] /i ::sa::_backgroundSaeShell::parentRunning
[13:42:13.57] /o 1527626533
[13:42:17.65] /m Information: Stopped sharing "Custom WaveView ADV" license. (WAVEFORM-111)
[13:44:27.19] /i ::sa::_backgroundSaeShell::runScript /DCNFS/users/student/sliu2/simulation/C2mos/testbench/schematic/HSPICE/parametric/.bg_measurement_script.tcl sa::_resultsDatabase::saeShellProcessingCompletedProc testSuiteName saeSession0 testbenchName race_condition_tb1 resultsDir /DCNFS/users/student/sliu2/simulation/C2mos/testbench/schematic/HSPICE/parametric/results testSuiteDir /DCNFS/users/student/sliu2/simulation/C2mos/testbench/schematic/HSPICE/parametric databaseName /DCNFS/users/student/sliu2/simulation/C2mos/testbench/schematic/HSPICE/parametric/resultsDatabase remoteRun {} testbenchId 1
[13:44:27.55] /m Information: Started sharing "Custom WaveView ADV" license. (WAVEFORM-110)
[13:44:27.68] /o saeInterBGSaeShell:  ::sa::_backgroundSaeShell::scriptFinished 0.4 {} sa::_resultsDatabase::saeShellProcessingCompletedProc testSuiteName saeSession0 testbenchName race_condition_tb1 resultsDir /DCNFS/users/student/sliu2/simulation/C2mos/testbench/schematic/HSPICE/parametric/results testSuiteDir /DCNFS/users/student/sliu2/simulation/C2mos/testbench/schematic/HSPICE/parametric databaseName /DCNFS/users/student/sliu2/simulation/C2mos/testbench/schematic/HSPICE/parametric/resultsDatabase remoteRun {} testbenchId 1
[13:44:27.68] /o false
[13:49:28.58] /o saeInterBGSaeShell:  ::sa::_backgroundSaeShell::pingBack
[13:49:28.61] /i ::sa::_backgroundSaeShell::parentRunning
[13:49:28.61] /o 1527626968
[13:49:32.57] /m Information: Stopped sharing "Custom WaveView ADV" license. (WAVEFORM-111)
[13:50:11.02] /i ::wf::viewerExited
[13:54:29.60] /o saeInterBGSaeShell:  ::sa::_backgroundSaeShell::pingBack
[13:54:29.61] /i ::sa::_backgroundSaeShell::parentRunning
[13:54:29.61] /o 1527627269
[13:55:31.53] /i ::sa::_backgroundSaeShell::runScript /DCNFS/users/student/sliu2/simulation/C2mos/testbench/schematic/HSPICE/parametric/.bg_measurement_script.tcl sa::_resultsDatabase::saeShellProcessingCompletedProc testSuiteName saeSession0 testbenchName race_condition_tb1 resultsDir /DCNFS/users/student/sliu2/simulation/C2mos/testbench/schematic/HSPICE/parametric/results testSuiteDir /DCNFS/users/student/sliu2/simulation/C2mos/testbench/schematic/HSPICE/parametric databaseName /DCNFS/users/student/sliu2/simulation/C2mos/testbench/schematic/HSPICE/parametric/resultsDatabase remoteRun {} testbenchId 1
[13:55:31.95] /m Information: Started sharing "Custom WaveView ADV" license. (WAVEFORM-110)
[13:55:32.06] /o saeInterBGSaeShell:  ::sa::_backgroundSaeShell::scriptFinished 0.5 {} sa::_resultsDatabase::saeShellProcessingCompletedProc testSuiteName saeSession0 testbenchName race_condition_tb1 resultsDir /DCNFS/users/student/sliu2/simulation/C2mos/testbench/schematic/HSPICE/parametric/results testSuiteDir /DCNFS/users/student/sliu2/simulation/C2mos/testbench/schematic/HSPICE/parametric databaseName /DCNFS/users/student/sliu2/simulation/C2mos/testbench/schematic/HSPICE/parametric/resultsDatabase remoteRun {} testbenchId 1
[13:55:32.06] /o false
[14:00:33.62] /o saeInterBGSaeShell:  ::sa::_backgroundSaeShell::pingBack
[14:00:33.71] /i ::sa::_backgroundSaeShell::parentRunning
[14:00:33.71] /o 1527627633
[14:00:36.98] /m Information: Stopped sharing "Custom WaveView ADV" license. (WAVEFORM-111)
[14:05:34.64] /o saeInterBGSaeShell:  ::sa::_backgroundSaeShell::pingBack
[14:05:34.70] /i ::sa::_backgroundSaeShell::parentRunning
[14:05:34.70] /o 1527627934
[14:10:35.66] /o saeInterBGSaeShell:  ::sa::_backgroundSaeShell::pingBack
[14:10:35.70] /i ::sa::_backgroundSaeShell::parentRunning
[14:10:35.70] /o 1527628235
[14:15:36.68] /o saeInterBGSaeShell:  ::sa::_backgroundSaeShell::pingBack
[14:15:36.71] /i ::sa::_backgroundSaeShell::parentRunning
[14:15:36.71] /o 1527628536
[14:18:21.02] /i ::wf::viewerExited
[14:18:34.39] /i ::sa::_backgroundSaeShell::runScript /DCNFS/users/student/sliu2/simulation/C2mos/testbench/schematic/HSPICE/parametric/.bg_measurement_script.tcl sa::_resultsDatabase::saeShellProcessingCompletedProc testSuiteName saeSession0 testbenchName race_condition_tb1 resultsDir /DCNFS/users/student/sliu2/simulation/C2mos/testbench/schematic/HSPICE/parametric/results testSuiteDir /DCNFS/users/student/sliu2/simulation/C2mos/testbench/schematic/HSPICE/parametric databaseName /DCNFS/users/student/sliu2/simulation/C2mos/testbench/schematic/HSPICE/parametric/resultsDatabase remoteRun {} testbenchId 1
[14:18:34.74] /m Information: Started sharing "Custom WaveView ADV" license. (WAVEFORM-110)
[14:18:34.85] /o saeInterBGSaeShell:  ::sa::_backgroundSaeShell::scriptFinished 0.4 {} sa::_resultsDatabase::saeShellProcessingCompletedProc testSuiteName saeSession0 testbenchName race_condition_tb1 resultsDir /DCNFS/users/student/sliu2/simulation/C2mos/testbench/schematic/HSPICE/parametric/results testSuiteDir /DCNFS/users/student/sliu2/simulation/C2mos/testbench/schematic/HSPICE/parametric databaseName /DCNFS/users/student/sliu2/simulation/C2mos/testbench/schematic/HSPICE/parametric/resultsDatabase remoteRun {} testbenchId 1
[14:18:34.85] /o false
[14:20:22.25] /i ::wf::viewerExited
[14:20:56.39] /i ::sa::_backgroundSaeShell::runScript /DCNFS/users/student/sliu2/simulation/C2mos/testbench/schematic/HSPICE/parametric/.bg_measurement_script.tcl sa::_resultsDatabase::saeShellProcessingCompletedProc testSuiteName saeSession0 testbenchName race_condition_tb1 resultsDir /DCNFS/users/student/sliu2/simulation/C2mos/testbench/schematic/HSPICE/parametric/results testSuiteDir /DCNFS/users/student/sliu2/simulation/C2mos/testbench/schematic/HSPICE/parametric databaseName /DCNFS/users/student/sliu2/simulation/C2mos/testbench/schematic/HSPICE/parametric/resultsDatabase remoteRun {} testbenchId 1
[14:20:56.92] /o saeInterBGSaeShell:  ::sa::_backgroundSaeShell::scriptFinished 0.5 {} sa::_resultsDatabase::saeShellProcessingCompletedProc testSuiteName saeSession0 testbenchName race_condition_tb1 resultsDir /DCNFS/users/student/sliu2/simulation/C2mos/testbench/schematic/HSPICE/parametric/results testSuiteDir /DCNFS/users/student/sliu2/simulation/C2mos/testbench/schematic/HSPICE/parametric databaseName /DCNFS/users/student/sliu2/simulation/C2mos/testbench/schematic/HSPICE/parametric/resultsDatabase remoteRun {} testbenchId 1
[14:20:56.92] /o false
[14:21:23.10] /i ::wf::viewerExited
[14:22:14.32] /i ::sa::_backgroundSaeShell::runScript /DCNFS/users/student/sliu2/simulation/C2mos/testbench/schematic/HSPICE/parametric/.bg_measurement_script.tcl sa::_resultsDatabase::saeShellProcessingCompletedProc testSuiteName saeSession0 testbenchName race_condition_tb1 resultsDir /DCNFS/users/student/sliu2/simulation/C2mos/testbench/schematic/HSPICE/parametric/results testSuiteDir /DCNFS/users/student/sliu2/simulation/C2mos/testbench/schematic/HSPICE/parametric databaseName /DCNFS/users/student/sliu2/simulation/C2mos/testbench/schematic/HSPICE/parametric/resultsDatabase remoteRun {} testbenchId 1
[14:22:14.80] /o saeInterBGSaeShell:  ::sa::_backgroundSaeShell::scriptFinished 0.4 {} sa::_resultsDatabase::saeShellProcessingCompletedProc testSuiteName saeSession0 testbenchName race_condition_tb1 resultsDir /DCNFS/users/student/sliu2/simulation/C2mos/testbench/schematic/HSPICE/parametric/results testSuiteDir /DCNFS/users/student/sliu2/simulation/C2mos/testbench/schematic/HSPICE/parametric databaseName /DCNFS/users/student/sliu2/simulation/C2mos/testbench/schematic/HSPICE/parametric/resultsDatabase remoteRun {} testbenchId 1
[14:22:14.80] /o false
[14:24:26.58] /i ::sa::_backgroundSaeShell::runScript /DCNFS/users/student/sliu2/simulation/C2mos/testbench/schematic/HSPICE/parametric/.bg_measurement_script.tcl sa::_resultsDatabase::saeShellProcessingCompletedProc testSuiteName saeSession0 testbenchName race_condition_tb1 resultsDir /DCNFS/users/student/sliu2/simulation/C2mos/testbench/schematic/HSPICE/parametric/results testSuiteDir /DCNFS/users/student/sliu2/simulation/C2mos/testbench/schematic/HSPICE/parametric databaseName /DCNFS/users/student/sliu2/simulation/C2mos/testbench/schematic/HSPICE/parametric/resultsDatabase remoteRun {} testbenchId 1
[14:24:27.03] /o saeInterBGSaeShell:  ::sa::_backgroundSaeShell::scriptFinished 0.4 {} sa::_resultsDatabase::saeShellProcessingCompletedProc testSuiteName saeSession0 testbenchName race_condition_tb1 resultsDir /DCNFS/users/student/sliu2/simulation/C2mos/testbench/schematic/HSPICE/parametric/results testSuiteDir /DCNFS/users/student/sliu2/simulation/C2mos/testbench/schematic/HSPICE/parametric databaseName /DCNFS/users/student/sliu2/simulation/C2mos/testbench/schematic/HSPICE/parametric/resultsDatabase remoteRun {} testbenchId 1
[14:24:27.03] /o false
[14:24:59.55] /i ::sa::_backgroundSaeShell::runScript /DCNFS/users/student/sliu2/simulation/C2mos/testbench/schematic/HSPICE/parametric/.bg_measurement_script.tcl sa::_resultsDatabase::saeShellProcessingCompletedProc testSuiteName saeSession0 testbenchName race_condition_tb1 resultsDir /DCNFS/users/student/sliu2/simulation/C2mos/testbench/schematic/HSPICE/parametric/results testSuiteDir /DCNFS/users/student/sliu2/simulation/C2mos/testbench/schematic/HSPICE/parametric databaseName /DCNFS/users/student/sliu2/simulation/C2mos/testbench/schematic/HSPICE/parametric/resultsDatabase remoteRun {} testbenchId 1
[14:25:00.06] /o saeInterBGSaeShell:  ::sa::_backgroundSaeShell::scriptFinished 0.5 {} sa::_resultsDatabase::saeShellProcessingCompletedProc testSuiteName saeSession0 testbenchName race_condition_tb1 resultsDir /DCNFS/users/student/sliu2/simulation/C2mos/testbench/schematic/HSPICE/parametric/results testSuiteDir /DCNFS/users/student/sliu2/simulation/C2mos/testbench/schematic/HSPICE/parametric databaseName /DCNFS/users/student/sliu2/simulation/C2mos/testbench/schematic/HSPICE/parametric/resultsDatabase remoteRun {} testbenchId 1
[14:25:00.06] /o false
[14:30:01.74] /o saeInterBGSaeShell:  ::sa::_backgroundSaeShell::pingBack
[14:30:01.76] /i ::sa::_backgroundSaeShell::parentRunning
[14:30:01.76] /o 1527629401
[14:30:04.97] /m Information: Stopped sharing "Custom WaveView ADV" license. (WAVEFORM-111)
[14:35:02.76] /o saeInterBGSaeShell:  ::sa::_backgroundSaeShell::pingBack
[14:35:02.76] /i ::sa::_backgroundSaeShell::parentRunning
[14:35:02.76] /o 1527629702
[14:40:03.78] /o saeInterBGSaeShell:  ::sa::_backgroundSaeShell::pingBack
[14:40:03.86] /i ::sa::_backgroundSaeShell::parentRunning
[14:40:03.86] /o 1527630003
[14:45:04.80] /o saeInterBGSaeShell:  ::sa::_backgroundSaeShell::pingBack
[14:45:04.87] /i ::sa::_backgroundSaeShell::parentRunning
[14:45:04.87] /o 1527630304
[14:45:06.58] /i ::wf::viewerExited
[14:45:32.33] /i ::sa::_backgroundSaeShell::runScript /DCNFS/users/student/sliu2/simulation/C2mos/testbench/schematic/HSPICE/parametric/.bg_measurement_script.tcl sa::_resultsDatabase::saeShellProcessingCompletedProc testSuiteName saeSession0 testbenchName race_condition_tb1 resultsDir /DCNFS/users/student/sliu2/simulation/C2mos/testbench/schematic/HSPICE/parametric/results testSuiteDir /DCNFS/users/student/sliu2/simulation/C2mos/testbench/schematic/HSPICE/parametric databaseName /DCNFS/users/student/sliu2/simulation/C2mos/testbench/schematic/HSPICE/parametric/resultsDatabase remoteRun {} testbenchId 1
[14:45:32.69] /m Information: Started sharing "Custom WaveView ADV" license. (WAVEFORM-110)
[14:45:32.80] /o saeInterBGSaeShell:  ::sa::_backgroundSaeShell::scriptFinished 0.4 {} sa::_resultsDatabase::saeShellProcessingCompletedProc testSuiteName saeSession0 testbenchName race_condition_tb1 resultsDir /DCNFS/users/student/sliu2/simulation/C2mos/testbench/schematic/HSPICE/parametric/results testSuiteDir /DCNFS/users/student/sliu2/simulation/C2mos/testbench/schematic/HSPICE/parametric databaseName /DCNFS/users/student/sliu2/simulation/C2mos/testbench/schematic/HSPICE/parametric/resultsDatabase remoteRun {} testbenchId 1
[14:45:32.80] /o false
[14:46:59.97] /i ::wf::viewerExited
[14:47:38.02] /i ::sa::_backgroundSaeShell::runScript /DCNFS/users/student/sliu2/simulation/C2mos/testbench/schematic/HSPICE/parametric/.bg_measurement_script.tcl sa::_resultsDatabase::saeShellProcessingCompletedProc testSuiteName saeSession0 testbenchName race_condition_tb1 resultsDir /DCNFS/users/student/sliu2/simulation/C2mos/testbench/schematic/HSPICE/parametric/results testSuiteDir /DCNFS/users/student/sliu2/simulation/C2mos/testbench/schematic/HSPICE/parametric databaseName /DCNFS/users/student/sliu2/simulation/C2mos/testbench/schematic/HSPICE/parametric/resultsDatabase remoteRun {} testbenchId 1
[14:47:38.47] /o saeInterBGSaeShell:  ::sa::_backgroundSaeShell::scriptFinished 0.4 {} sa::_resultsDatabase::saeShellProcessingCompletedProc testSuiteName saeSession0 testbenchName race_condition_tb1 resultsDir /DCNFS/users/student/sliu2/simulation/C2mos/testbench/schematic/HSPICE/parametric/results testSuiteDir /DCNFS/users/student/sliu2/simulation/C2mos/testbench/schematic/HSPICE/parametric databaseName /DCNFS/users/student/sliu2/simulation/C2mos/testbench/schematic/HSPICE/parametric/resultsDatabase remoteRun {} testbenchId 1
[14:47:38.47] /o false
[14:49:30.54] /i ::wf::viewerExited
[14:49:46.59] /i ::sa::_backgroundSaeShell::runScript /DCNFS/users/student/sliu2/simulation/C2mos/testbench/schematic/HSPICE/parametric/.bg_measurement_script.tcl sa::_resultsDatabase::saeShellProcessingCompletedProc testSuiteName saeSession0 testbenchName race_condition_tb1 resultsDir /DCNFS/users/student/sliu2/simulation/C2mos/testbench/schematic/HSPICE/parametric/results testSuiteDir /DCNFS/users/student/sliu2/simulation/C2mos/testbench/schematic/HSPICE/parametric databaseName /DCNFS/users/student/sliu2/simulation/C2mos/testbench/schematic/HSPICE/parametric/resultsDatabase remoteRun {} testbenchId 1
[14:49:47.06] /o saeInterBGSaeShell:  ::sa::_backgroundSaeShell::scriptFinished 0.4 {} sa::_resultsDatabase::saeShellProcessingCompletedProc testSuiteName saeSession0 testbenchName race_condition_tb1 resultsDir /DCNFS/users/student/sliu2/simulation/C2mos/testbench/schematic/HSPICE/parametric/results testSuiteDir /DCNFS/users/student/sliu2/simulation/C2mos/testbench/schematic/HSPICE/parametric databaseName /DCNFS/users/student/sliu2/simulation/C2mos/testbench/schematic/HSPICE/parametric/resultsDatabase remoteRun {} testbenchId 1
[14:49:47.06] /o false
[14:52:53.74] /i ::sa::_backgroundSaeShell::runScript /DCNFS/users/student/sliu2/simulation/C2mos/testbench/schematic/HSPICE/parametric/.bg_measurement_script.tcl sa::_resultsDatabase::saeShellProcessingCompletedProc testSuiteName saeSession0 testbenchName race_condition_tb1 resultsDir /DCNFS/users/student/sliu2/simulation/C2mos/testbench/schematic/HSPICE/parametric/results testSuiteDir /DCNFS/users/student/sliu2/simulation/C2mos/testbench/schematic/HSPICE/parametric databaseName /DCNFS/users/student/sliu2/simulation/C2mos/testbench/schematic/HSPICE/parametric/resultsDatabase remoteRun {} testbenchId 1
[14:52:54.19] /o saeInterBGSaeShell:  ::sa::_backgroundSaeShell::scriptFinished 0.4 {} sa::_resultsDatabase::saeShellProcessingCompletedProc testSuiteName saeSession0 testbenchName race_condition_tb1 resultsDir /DCNFS/users/student/sliu2/simulation/C2mos/testbench/schematic/HSPICE/parametric/results testSuiteDir /DCNFS/users/student/sliu2/simulation/C2mos/testbench/schematic/HSPICE/parametric databaseName /DCNFS/users/student/sliu2/simulation/C2mos/testbench/schematic/HSPICE/parametric/resultsDatabase remoteRun {} testbenchId 1
[14:52:54.19] /o false
[14:53:50.70] /i ::sa::_backgroundSaeShell::runScript /DCNFS/users/student/sliu2/simulation/C2mos/testbench/schematic/HSPICE/parametric/.bg_measurement_script.tcl sa::_resultsDatabase::saeShellProcessingCompletedProc testSuiteName saeSession0 testbenchName race_condition_tb1 resultsDir /DCNFS/users/student/sliu2/simulation/C2mos/testbench/schematic/HSPICE/parametric/results testSuiteDir /DCNFS/users/student/sliu2/simulation/C2mos/testbench/schematic/HSPICE/parametric databaseName /DCNFS/users/student/sliu2/simulation/C2mos/testbench/schematic/HSPICE/parametric/resultsDatabase remoteRun {} testbenchId 1
[14:53:51.19] /o saeInterBGSaeShell:  ::sa::_backgroundSaeShell::scriptFinished 0.4 {} sa::_resultsDatabase::saeShellProcessingCompletedProc testSuiteName saeSession0 testbenchName race_condition_tb1 resultsDir /DCNFS/users/student/sliu2/simulation/C2mos/testbench/schematic/HSPICE/parametric/results testSuiteDir /DCNFS/users/student/sliu2/simulation/C2mos/testbench/schematic/HSPICE/parametric databaseName /DCNFS/users/student/sliu2/simulation/C2mos/testbench/schematic/HSPICE/parametric/resultsDatabase remoteRun {} testbenchId 1
[14:53:51.19] /o false
[14:58:52.83] /o saeInterBGSaeShell:  ::sa::_backgroundSaeShell::pingBack
[14:58:52.90] /i ::sa::_backgroundSaeShell::parentRunning
[14:58:52.90] /o 1527631132
[14:58:56.12] /m Information: Stopped sharing "Custom WaveView ADV" license. (WAVEFORM-111)
[15:03:53.85] /o saeInterBGSaeShell:  ::sa::_backgroundSaeShell::pingBack
[15:03:53.90] /i ::sa::_backgroundSaeShell::parentRunning
[15:03:53.90] /o 1527631433
[15:06:56.40] /i ::wf::viewerExited
[15:07:26.61] /i ::sa::_backgroundSaeShell::runScript /DCNFS/users/student/sliu2/simulation/C2mos/testbench/schematic/HSPICE/parametric/.bg_measurement_script.tcl sa::_resultsDatabase::saeShellProcessingCompletedProc testSuiteName saeSession0 testbenchName race_condition_tb1 resultsDir /DCNFS/users/student/sliu2/simulation/C2mos/testbench/schematic/HSPICE/parametric/results testSuiteDir /DCNFS/users/student/sliu2/simulation/C2mos/testbench/schematic/HSPICE/parametric databaseName /DCNFS/users/student/sliu2/simulation/C2mos/testbench/schematic/HSPICE/parametric/resultsDatabase remoteRun {} testbenchId 1
[15:07:27.02] /m Information: Started sharing "Custom WaveView ADV" license. (WAVEFORM-110)
[15:07:27.15] /o saeInterBGSaeShell:  ::sa::_backgroundSaeShell::scriptFinished 0.5 {} sa::_resultsDatabase::saeShellProcessingCompletedProc testSuiteName saeSession0 testbenchName race_condition_tb1 resultsDir /DCNFS/users/student/sliu2/simulation/C2mos/testbench/schematic/HSPICE/parametric/results testSuiteDir /DCNFS/users/student/sliu2/simulation/C2mos/testbench/schematic/HSPICE/parametric databaseName /DCNFS/users/student/sliu2/simulation/C2mos/testbench/schematic/HSPICE/parametric/resultsDatabase remoteRun {} testbenchId 1
[15:07:27.15] /o false
[15:12:28.87] /o saeInterBGSaeShell:  ::sa::_backgroundSaeShell::pingBack
[15:12:28.91] /i ::sa::_backgroundSaeShell::parentRunning
[15:12:28.91] /o 1527631948
[15:12:32.05] /m Information: Stopped sharing "Custom WaveView ADV" license. (WAVEFORM-111)
[15:17:29.89] /o saeInterBGSaeShell:  ::sa::_backgroundSaeShell::pingBack
[15:17:29.91] /i ::sa::_backgroundSaeShell::parentRunning
[15:17:29.91] /o 1527632249
[15:20:36.86] /i ::sa::_backgroundSaeShell::runScript /DCNFS/users/student/sliu2/simulation/C2mos/testbench/schematic/HSPICE/parametric/.bg_measurement_script.tcl sa::_resultsDatabase::saeShellProcessingCompletedProc testSuiteName saeSession0 testbenchName race_condition_tb1 resultsDir /DCNFS/users/student/sliu2/simulation/C2mos/testbench/schematic/HSPICE/parametric/results testSuiteDir /DCNFS/users/student/sliu2/simulation/C2mos/testbench/schematic/HSPICE/parametric databaseName /DCNFS/users/student/sliu2/simulation/C2mos/testbench/schematic/HSPICE/parametric/resultsDatabase remoteRun {} testbenchId 1
[15:20:37.22] /m Information: Started sharing "Custom WaveView ADV" license. (WAVEFORM-110)
[15:20:37.33] /o saeInterBGSaeShell:  ::sa::_backgroundSaeShell::scriptFinished 0.4 {} sa::_resultsDatabase::saeShellProcessingCompletedProc testSuiteName saeSession0 testbenchName race_condition_tb1 resultsDir /DCNFS/users/student/sliu2/simulation/C2mos/testbench/schematic/HSPICE/parametric/results testSuiteDir /DCNFS/users/student/sliu2/simulation/C2mos/testbench/schematic/HSPICE/parametric databaseName /DCNFS/users/student/sliu2/simulation/C2mos/testbench/schematic/HSPICE/parametric/resultsDatabase remoteRun {} testbenchId 1
[15:20:37.33] /o false
[15:21:59.97] /i ::wf::viewerExited
[15:22:19.28] /i ::sa::_backgroundSaeShell::runScript /DCNFS/users/student/sliu2/simulation/C2mos/testbench/schematic/HSPICE/nominal/.bg_measurement_script.tcl sa::_resultsDatabase::saeShellProcessingCompletedProc testSuiteName saeSession0 testbenchName race_condition_tb1 resultsDir /DCNFS/users/student/sliu2/simulation/C2mos/testbench/schematic/HSPICE/nominal/results testSuiteDir /DCNFS/users/student/sliu2/simulation/C2mos/testbench/schematic/HSPICE/nominal databaseName /DCNFS/users/student/sliu2/simulation/C2mos/testbench/schematic/HSPICE/nominal/resultsDatabase remoteRun {} testbenchId 1
[15:22:19.65] /o saeInterBGSaeShell:  ::sa::_backgroundSaeShell::scriptFinished 0.3 {} sa::_resultsDatabase::saeShellProcessingCompletedProc testSuiteName saeSession0 testbenchName race_condition_tb1 resultsDir /DCNFS/users/student/sliu2/simulation/C2mos/testbench/schematic/HSPICE/nominal/results testSuiteDir /DCNFS/users/student/sliu2/simulation/C2mos/testbench/schematic/HSPICE/nominal databaseName /DCNFS/users/student/sliu2/simulation/C2mos/testbench/schematic/HSPICE/nominal/resultsDatabase remoteRun {} testbenchId 1
[15:22:19.65] /o false
[15:25:40.94] /i ::wf::viewerExited
[15:26:46.93] /i ::sa::_backgroundSaeShell::runScript /DCNFS/users/student/sliu2/simulation/C2mos/testbench/schematic/HSPICE/parametric/.bg_measurement_script.tcl sa::_resultsDatabase::saeShellProcessingCompletedProc testSuiteName saeSession0 testbenchName race_condition_tb1 resultsDir /DCNFS/users/student/sliu2/simulation/C2mos/testbench/schematic/HSPICE/parametric/results testSuiteDir /DCNFS/users/student/sliu2/simulation/C2mos/testbench/schematic/HSPICE/parametric databaseName /DCNFS/users/student/sliu2/simulation/C2mos/testbench/schematic/HSPICE/parametric/resultsDatabase remoteRun {} testbenchId 1
[15:26:47.50] /o saeInterBGSaeShell:  ::sa::_backgroundSaeShell::scriptFinished 0.5 {} sa::_resultsDatabase::saeShellProcessingCompletedProc testSuiteName saeSession0 testbenchName race_condition_tb1 resultsDir /DCNFS/users/student/sliu2/simulation/C2mos/testbench/schematic/HSPICE/parametric/results testSuiteDir /DCNFS/users/student/sliu2/simulation/C2mos/testbench/schematic/HSPICE/parametric databaseName /DCNFS/users/student/sliu2/simulation/C2mos/testbench/schematic/HSPICE/parametric/resultsDatabase remoteRun {} testbenchId 1
[15:26:47.50] /o false
[15:27:02.80] /i ::wf::viewerExited
[15:27:10.89] /i ::sa::_backgroundSaeShell::runScript /DCNFS/users/student/sliu2/simulation/C2mos/testbench/schematic/HSPICE/nominal/.bg_measurement_script.tcl sa::_resultsDatabase::saeShellProcessingCompletedProc testSuiteName saeSession0 testbenchName race_condition_tb1 resultsDir /DCNFS/users/student/sliu2/simulation/C2mos/testbench/schematic/HSPICE/nominal/results testSuiteDir /DCNFS/users/student/sliu2/simulation/C2mos/testbench/schematic/HSPICE/nominal databaseName /DCNFS/users/student/sliu2/simulation/C2mos/testbench/schematic/HSPICE/nominal/resultsDatabase remoteRun {} testbenchId 1
[15:27:11.24] /o saeInterBGSaeShell:  ::sa::_backgroundSaeShell::scriptFinished 0.3 {} sa::_resultsDatabase::saeShellProcessingCompletedProc testSuiteName saeSession0 testbenchName race_condition_tb1 resultsDir /DCNFS/users/student/sliu2/simulation/C2mos/testbench/schematic/HSPICE/nominal/results testSuiteDir /DCNFS/users/student/sliu2/simulation/C2mos/testbench/schematic/HSPICE/nominal databaseName /DCNFS/users/student/sliu2/simulation/C2mos/testbench/schematic/HSPICE/nominal/resultsDatabase remoteRun {} testbenchId 1
[15:27:11.24] /o false
[15:29:38.37] /i ::sa::_backgroundSaeShell::runScript /DCNFS/users/student/sliu2/simulation/C2mos/testbench/schematic/HSPICE/parametric/.bg_measurement_script.tcl sa::_resultsDatabase::saeShellProcessingCompletedProc testSuiteName saeSession0 testbenchName race_condition_tb1 resultsDir /DCNFS/users/student/sliu2/simulation/C2mos/testbench/schematic/HSPICE/parametric/results testSuiteDir /DCNFS/users/student/sliu2/simulation/C2mos/testbench/schematic/HSPICE/parametric databaseName /DCNFS/users/student/sliu2/simulation/C2mos/testbench/schematic/HSPICE/parametric/resultsDatabase remoteRun {} testbenchId 1
[15:29:38.83] /o saeInterBGSaeShell:  ::sa::_backgroundSaeShell::scriptFinished 0.4 {} sa::_resultsDatabase::saeShellProcessingCompletedProc testSuiteName saeSession0 testbenchName race_condition_tb1 resultsDir /DCNFS/users/student/sliu2/simulation/C2mos/testbench/schematic/HSPICE/parametric/results testSuiteDir /DCNFS/users/student/sliu2/simulation/C2mos/testbench/schematic/HSPICE/parametric databaseName /DCNFS/users/student/sliu2/simulation/C2mos/testbench/schematic/HSPICE/parametric/resultsDatabase remoteRun {} testbenchId 1
[15:29:38.83] /o false
[15:29:53.29] /i ::wf::viewerExited
[15:34:39.95] /o saeInterBGSaeShell:  ::sa::_backgroundSaeShell::pingBack
[15:34:39.96] /i ::sa::_backgroundSaeShell::parentRunning
[15:34:39.96] /o 1527633279
[15:34:43.76] /m Information: Stopped sharing "Custom WaveView ADV" license. (WAVEFORM-111)
[15:38:44.58] /i ::sa::_backgroundSaeShell::exit
[15:38:44.58] /o saeInterBGSaeShell:  ::sa::_backgroundSaeShell::childFormallyExiting
[15:38:44.88] /m Information: License 'Advanced' checked in. (LICENSE-004)
[15:38:44.88] /m Information: License 'Basic' checked in. (LICENSE-004)
[15:38:44.88] /m Information: License 'SAE' checked in. (LICENSE-004)
