[13:58:51.51] /m Information: License 'SAE' checked out. (LICENSE-003)
[13:58:53.51] /o sae_shell Version Custom Compiler M-2017.03-SP1-1
              /c Build  (OPT) compiled on Thu Jun 29 08:54:37 2017 for RHEL64 6.6
              /c Execution time: Sat May  5 13:58:49 2018
              /c Host: linux60522
              /c 
              /c Copyright © 2004-2017 Synopsys, Inc.
              /c This software and the associated documentation are proprietary to Synopsys, Inc. This software may only be used in accordance with the terms and conditions of a written license agreement with Synopsys, Inc. All other use, reproduction, or distribution of this software is strictly prohibited.
              /c 
              /c 
[13:58:53.62] /o 	############################################
[13:58:53.62] /o 	        Synopsys Generic 90nm iPDK          
[13:58:53.62] /o 	--------------------------------------------
[13:58:53.62] /o 	Release Date .............. : 11-May-2016    
[13:58:53.62] /o 	============================================
[13:58:53.62] /o 	        Recommended Tool Versions           
[13:58:53.62] /o 	--------------------------------------------
[13:58:53.62] /o 	Custom Designer ........... : J-2014.12-2    
[13:58:53.62] /o 	IC Validator .............. : K-2015.12   
[13:58:53.62] /o 	StarRC..................... : K-2015.12  
[13:58:53.62] /o 	--------------------------------------------
[13:58:53.62] /o 	############################################
[13:58:53.62] /o 
[13:58:53.63] /o SAED PDK 90: Loaded callbacks
[13:58:53.64] /o SAED PDK 90: Loaded display resources
[13:58:53.65] /i ::sa::_backgroundSaeShell::exit
[13:58:53.65] /o saeInterBGSaeShell:  ::sa::_backgroundSaeShell::childFormallyExiting
[13:58:53.88] /m Information: License 'Schematic' checked in. (LICENSE-004)
[13:58:53.88] /m Information: License 'SAE' checked in. (LICENSE-004)
