[16:27:34.92] /m Information: License 'SAE' checked out. (LICENSE-003)
[16:27:37.05] /o sae_shell Version Custom Compiler M-2017.03-SP1-1
              /c Build  (OPT) compiled on Thu Jun 29 08:54:37 2017 for RHEL64 6.6
              /c Execution time: Tue Apr 24 16:27:33 2018
              /c Host: linux60515
              /c 
              /c Copyright © 2004-2017 Synopsys, Inc.
              /c This software and the associated documentation are proprietary to Synopsys, Inc. This software may only be used in accordance with the terms and conditions of a written license agreement with Synopsys, Inc. All other use, reproduction, or distribution of this software is strictly prohibited.
              /c 
              /c 
[16:27:37.13] /o 	############################################
[16:27:37.13] /o 	        Synopsys Generic 90nm iPDK          
[16:27:37.13] /o 	--------------------------------------------
[16:27:37.13] /o 	Release Date .............. : 11-May-2016    
[16:27:37.13] /o 	============================================
[16:27:37.13] /o 	        Recommended Tool Versions           
[16:27:37.13] /o 	--------------------------------------------
[16:27:37.13] /o 	Custom Designer ........... : J-2014.12-2    
[16:27:37.13] /o 	IC Validator .............. : K-2015.12   
[16:27:37.13] /o 	StarRC..................... : K-2015.12  
[16:27:37.13] /o 	--------------------------------------------
[16:27:37.13] /o 	############################################
[16:27:37.13] /o 
[16:27:37.15] /o SAED PDK 90: Loaded callbacks
[16:27:37.16] /o SAED PDK 90: Loaded display resources
[16:27:37.17] /i ::sa::_backgroundSaeShell::signalProcessReady 1524612453
[16:27:37.17] /o saeInterBGSaeShell:  ::sa::_backgroundSaeShell::processReady 4
[16:28:31.24] /i ::sa::_backgroundSaeShell::runScript /DCNFS/users/student/sliu2/simulation/lab2/testbench_inverter/config/HSPICE/nominal/.bg_measurement_script.tcl sa::_resultsDatabase::saeShellProcessingCompletedProc testSuiteName saeSession4 testbenchName default resultsDir /DCNFS/users/student/sliu2/simulation/lab2/testbench_inverter/config/HSPICE/nominal/results testSuiteDir /DCNFS/users/student/sliu2/simulation/lab2/testbench_inverter/config/HSPICE/nominal databaseName /DCNFS/users/student/sliu2/simulation/lab2/testbench_inverter/config/HSPICE/nominal/resultsDatabase remoteRun {} testbenchId 1
[16:28:32.64] /m Information: Started sharing "Custom WaveView ADV" license. (WAVEFORM-110)
[16:28:32.68] /o saeInterBGSaeShell:  ::sa::_backgroundSaeShell::scriptFinished 1.4 {} sa::_resultsDatabase::saeShellProcessingCompletedProc testSuiteName saeSession4 testbenchName default resultsDir /DCNFS/users/student/sliu2/simulation/lab2/testbench_inverter/config/HSPICE/nominal/results testSuiteDir /DCNFS/users/student/sliu2/simulation/lab2/testbench_inverter/config/HSPICE/nominal databaseName /DCNFS/users/student/sliu2/simulation/lab2/testbench_inverter/config/HSPICE/nominal/resultsDatabase remoteRun {} testbenchId 1
[16:28:32.68] /o false
[16:29:44.85] /i ::sa::_backgroundSaeShell::runScript /DCNFS/users/student/sliu2/simulation/lab2/testbench_inverter/schematic/HSPICE/nominal/.bg_measurement_script.tcl sa::_resultsDatabase::saeShellProcessingCompletedProc testSuiteName saeSession4 testbenchName default resultsDir /DCNFS/users/student/sliu2/simulation/lab2/testbench_inverter/schematic/HSPICE/nominal/results testSuiteDir /DCNFS/users/student/sliu2/simulation/lab2/testbench_inverter/schematic/HSPICE/nominal databaseName /DCNFS/users/student/sliu2/simulation/lab2/testbench_inverter/schematic/HSPICE/nominal/resultsDatabase remoteRun {} testbenchId 1
[16:29:45.15] /o saeInterBGSaeShell:  ::sa::_backgroundSaeShell::scriptFinished 0.3 {} sa::_resultsDatabase::saeShellProcessingCompletedProc testSuiteName saeSession4 testbenchName default resultsDir /DCNFS/users/student/sliu2/simulation/lab2/testbench_inverter/schematic/HSPICE/nominal/results testSuiteDir /DCNFS/users/student/sliu2/simulation/lab2/testbench_inverter/schematic/HSPICE/nominal databaseName /DCNFS/users/student/sliu2/simulation/lab2/testbench_inverter/schematic/HSPICE/nominal/resultsDatabase remoteRun {} testbenchId 1
[16:29:45.15] /o false
[16:31:02.99] /i ::sa::_backgroundSaeShell::runScript /DCNFS/users/student/sliu2/simulation/lab2/testbench_inverter/schematic/HSPICE/nominal/.bg_measurement_script.tcl sa::_resultsDatabase::saeShellProcessingCompletedProc testSuiteName saeSession4 testbenchName default resultsDir /DCNFS/users/student/sliu2/simulation/lab2/testbench_inverter/schematic/HSPICE/nominal/results testSuiteDir /DCNFS/users/student/sliu2/simulation/lab2/testbench_inverter/schematic/HSPICE/nominal databaseName /DCNFS/users/student/sliu2/simulation/lab2/testbench_inverter/schematic/HSPICE/nominal/resultsDatabase remoteRun {} testbenchId 1
[16:31:03.33] /o saeInterBGSaeShell:  ::sa::_backgroundSaeShell::scriptFinished 0.3 {} sa::_resultsDatabase::saeShellProcessingCompletedProc testSuiteName saeSession4 testbenchName default resultsDir /DCNFS/users/student/sliu2/simulation/lab2/testbench_inverter/schematic/HSPICE/nominal/results testSuiteDir /DCNFS/users/student/sliu2/simulation/lab2/testbench_inverter/schematic/HSPICE/nominal databaseName /DCNFS/users/student/sliu2/simulation/lab2/testbench_inverter/schematic/HSPICE/nominal/resultsDatabase remoteRun {} testbenchId 1
[16:31:03.33] /o false
[16:31:22.30] /i ::wf::viewerExited
[16:31:34.15] /i ::sa::_backgroundSaeShell::runScript /DCNFS/users/student/sliu2/simulation/lab2/testbench_inverter/config/HSPICE/nominal/.bg_measurement_script.tcl sa::_resultsDatabase::saeShellProcessingCompletedProc testSuiteName saeSession4 testbenchName default resultsDir /DCNFS/users/student/sliu2/simulation/lab2/testbench_inverter/config/HSPICE/nominal/results testSuiteDir /DCNFS/users/student/sliu2/simulation/lab2/testbench_inverter/config/HSPICE/nominal databaseName /DCNFS/users/student/sliu2/simulation/lab2/testbench_inverter/config/HSPICE/nominal/resultsDatabase remoteRun {} testbenchId 1
[16:31:34.45] /o saeInterBGSaeShell:  ::sa::_backgroundSaeShell::scriptFinished 0.3 {} sa::_resultsDatabase::saeShellProcessingCompletedProc testSuiteName saeSession4 testbenchName default resultsDir /DCNFS/users/student/sliu2/simulation/lab2/testbench_inverter/config/HSPICE/nominal/results testSuiteDir /DCNFS/users/student/sliu2/simulation/lab2/testbench_inverter/config/HSPICE/nominal databaseName /DCNFS/users/student/sliu2/simulation/lab2/testbench_inverter/config/HSPICE/nominal/resultsDatabase remoteRun {} testbenchId 1
[16:31:34.45] /o false
[16:31:46.64] /i ::sa::_backgroundSaeShell::runScript /DCNFS/users/student/sliu2/simulation/lab2/testbench_inverter/schematic/HSPICE/nominal/.bg_measurement_script.tcl sa::_resultsDatabase::saeShellProcessingCompletedProc testSuiteName saeSession4 testbenchName default resultsDir /DCNFS/users/student/sliu2/simulation/lab2/testbench_inverter/schematic/HSPICE/nominal/results testSuiteDir /DCNFS/users/student/sliu2/simulation/lab2/testbench_inverter/schematic/HSPICE/nominal databaseName /DCNFS/users/student/sliu2/simulation/lab2/testbench_inverter/schematic/HSPICE/nominal/resultsDatabase remoteRun {} testbenchId 1
[16:31:46.98] /o saeInterBGSaeShell:  ::sa::_backgroundSaeShell::scriptFinished 0.3 {} sa::_resultsDatabase::saeShellProcessingCompletedProc testSuiteName saeSession4 testbenchName default resultsDir /DCNFS/users/student/sliu2/simulation/lab2/testbench_inverter/schematic/HSPICE/nominal/results testSuiteDir /DCNFS/users/student/sliu2/simulation/lab2/testbench_inverter/schematic/HSPICE/nominal databaseName /DCNFS/users/student/sliu2/simulation/lab2/testbench_inverter/schematic/HSPICE/nominal/resultsDatabase remoteRun {} testbenchId 1
[16:31:46.98] /o false
[16:34:08.36] /i ::wf::viewerExited
[16:34:19.93] /i ::sa::_backgroundSaeShell::runScript /DCNFS/users/student/sliu2/simulation/lab2/testbench_inverter/config/HSPICE/nominal/.bg_measurement_script.tcl sa::_resultsDatabase::saeShellProcessingCompletedProc testSuiteName saeSession4 testbenchName default resultsDir /DCNFS/users/student/sliu2/simulation/lab2/testbench_inverter/config/HSPICE/nominal/results testSuiteDir /DCNFS/users/student/sliu2/simulation/lab2/testbench_inverter/config/HSPICE/nominal databaseName /DCNFS/users/student/sliu2/simulation/lab2/testbench_inverter/config/HSPICE/nominal/resultsDatabase remoteRun {} testbenchId 1
[16:34:20.24] /o saeInterBGSaeShell:  ::sa::_backgroundSaeShell::scriptFinished 0.3 {} sa::_resultsDatabase::saeShellProcessingCompletedProc testSuiteName saeSession4 testbenchName default resultsDir /DCNFS/users/student/sliu2/simulation/lab2/testbench_inverter/config/HSPICE/nominal/results testSuiteDir /DCNFS/users/student/sliu2/simulation/lab2/testbench_inverter/config/HSPICE/nominal databaseName /DCNFS/users/student/sliu2/simulation/lab2/testbench_inverter/config/HSPICE/nominal/resultsDatabase remoteRun {} testbenchId 1
[16:34:20.24] /o false
[16:34:32.81] /i ::sa::_backgroundSaeShell::runScript /DCNFS/users/student/sliu2/simulation/lab2/testbench_inverter/schematic/HSPICE/nominal/.bg_measurement_script.tcl sa::_resultsDatabase::saeShellProcessingCompletedProc testSuiteName saeSession4 testbenchName default resultsDir /DCNFS/users/student/sliu2/simulation/lab2/testbench_inverter/schematic/HSPICE/nominal/results testSuiteDir /DCNFS/users/student/sliu2/simulation/lab2/testbench_inverter/schematic/HSPICE/nominal databaseName /DCNFS/users/student/sliu2/simulation/lab2/testbench_inverter/schematic/HSPICE/nominal/resultsDatabase remoteRun {} testbenchId 1
[16:34:33.11] /o saeInterBGSaeShell:  ::sa::_backgroundSaeShell::scriptFinished 0.3 {} sa::_resultsDatabase::saeShellProcessingCompletedProc testSuiteName saeSession4 testbenchName default resultsDir /DCNFS/users/student/sliu2/simulation/lab2/testbench_inverter/schematic/HSPICE/nominal/results testSuiteDir /DCNFS/users/student/sliu2/simulation/lab2/testbench_inverter/schematic/HSPICE/nominal databaseName /DCNFS/users/student/sliu2/simulation/lab2/testbench_inverter/schematic/HSPICE/nominal/resultsDatabase remoteRun {} testbenchId 1
[16:34:33.11] /o false
[16:39:34.21] /o saeInterBGSaeShell:  ::sa::_backgroundSaeShell::pingBack
[16:39:34.32] /i ::sa::_backgroundSaeShell::parentRunning
[16:39:34.32] /o 1524613174
[16:39:38.08] /m Information: Stopped sharing "Custom WaveView ADV" license. (WAVEFORM-111)
[16:40:23.02] /i ::wf::viewerExited
[16:40:33.68] /i ::sa::_backgroundSaeShell::runScript /DCNFS/users/student/sliu2/simulation/lab2/testbench_inverter/config/HSPICE/nominal/.bg_measurement_script.tcl sa::_resultsDatabase::saeShellProcessingCompletedProc testSuiteName saeSession4 testbenchName default resultsDir /DCNFS/users/student/sliu2/simulation/lab2/testbench_inverter/config/HSPICE/nominal/results testSuiteDir /DCNFS/users/student/sliu2/simulation/lab2/testbench_inverter/config/HSPICE/nominal databaseName /DCNFS/users/student/sliu2/simulation/lab2/testbench_inverter/config/HSPICE/nominal/resultsDatabase remoteRun {} testbenchId 1
[16:40:33.99] /m Information: Started sharing "Custom WaveView ADV" license. (WAVEFORM-110)
[16:40:34.03] /o saeInterBGSaeShell:  ::sa::_backgroundSaeShell::scriptFinished 0.3 {} sa::_resultsDatabase::saeShellProcessingCompletedProc testSuiteName saeSession4 testbenchName default resultsDir /DCNFS/users/student/sliu2/simulation/lab2/testbench_inverter/config/HSPICE/nominal/results testSuiteDir /DCNFS/users/student/sliu2/simulation/lab2/testbench_inverter/config/HSPICE/nominal databaseName /DCNFS/users/student/sliu2/simulation/lab2/testbench_inverter/config/HSPICE/nominal/resultsDatabase remoteRun {} testbenchId 1
[16:40:34.03] /o false
[16:40:47.02] /i ::sa::_backgroundSaeShell::runScript /DCNFS/users/student/sliu2/simulation/lab2/testbench_inverter/schematic/HSPICE/nominal/.bg_measurement_script.tcl sa::_resultsDatabase::saeShellProcessingCompletedProc testSuiteName saeSession4 testbenchName default resultsDir /DCNFS/users/student/sliu2/simulation/lab2/testbench_inverter/schematic/HSPICE/nominal/results testSuiteDir /DCNFS/users/student/sliu2/simulation/lab2/testbench_inverter/schematic/HSPICE/nominal databaseName /DCNFS/users/student/sliu2/simulation/lab2/testbench_inverter/schematic/HSPICE/nominal/resultsDatabase remoteRun {} testbenchId 1
[16:40:47.32] /o saeInterBGSaeShell:  ::sa::_backgroundSaeShell::scriptFinished 0.3 {} sa::_resultsDatabase::saeShellProcessingCompletedProc testSuiteName saeSession4 testbenchName default resultsDir /DCNFS/users/student/sliu2/simulation/lab2/testbench_inverter/schematic/HSPICE/nominal/results testSuiteDir /DCNFS/users/student/sliu2/simulation/lab2/testbench_inverter/schematic/HSPICE/nominal databaseName /DCNFS/users/student/sliu2/simulation/lab2/testbench_inverter/schematic/HSPICE/nominal/resultsDatabase remoteRun {} testbenchId 1
[16:40:47.32] /o false
[16:45:48.24] /o saeInterBGSaeShell:  ::sa::_backgroundSaeShell::pingBack
[16:45:48.28] /i ::sa::_backgroundSaeShell::parentRunning
[16:45:48.28] /o 1524613548
[16:45:52.29] /m Information: Stopped sharing "Custom WaveView ADV" license. (WAVEFORM-111)
[16:47:50.78] /i ::sa::_backgroundSaeShell::exit
[16:47:50.78] /o saeInterBGSaeShell:  ::sa::_backgroundSaeShell::childFormallyExiting
[16:47:52.15] /m Information: License 'SAE' checked in. (LICENSE-004)
